C:\Program Files\Microsoft Visual Studio\2022\Community\MSBuild\Microsoft\VC\v170\Microsoft.CppBuild.targets(531,5): warning MSB8028: 中間ディレクトリ (C:\AnabukiSchool\GC2_C++\SkyJourney\SkyJourney_Project\Project\Debug\) に別のプロジェクト (GLLibrary.vcxproj) と共有されているファイルが含まれています。これにより、クリーンしてリビルド動作が適切に行われない可能性があります。
  Camera.cpp
C:\AnabukiSchool\GC2_C++\SkyJourney\SkyJourney_Project\Project\GameProject\Character\Player.h(18,55): warning C4305: '引数': 'double' から 'float' へ切り詰めます。
C:\AnabukiSchool\GC2_C++\SkyJourney\SkyJourney_Project\Project\GameProject\Character\Player.h(18,45): warning C4305: '引数': 'double' から 'float' へ切り詰めます。
C:\AnabukiSchool\GC2_C++\SkyJourney\SkyJourney_Project\Project\GameProject\Character\Player.h(18,36): warning C4305: '引数': 'double' から 'float' へ切り詰めます。
C:\AnabukiSchool\GC2_C++\SkyJourney\SkyJourney_Project\Project\GameProject\Character\Player.h(19,50): warning C4305: '引数': 'double' から 'float' へ切り詰めます。
C:\AnabukiSchool\GC2_C++\SkyJourney\SkyJourney_Project\Project\GameProject\Character\Player.h(19,41): warning C4305: '引数': 'double' から 'float' へ切り詰めます。
C:\AnabukiSchool\GC2_C++\SkyJourney\SkyJourney_Project\Project\GameProject\Character\Player.h(19,32): warning C4305: '引数': 'double' から 'float' へ切り詰めます。
C:\AnabukiSchool\GC2_C++\SkyJourney\SkyJourney_Project\Project\GameProject\Character\Whale.h(15,21): warning C4305: '初期化中': 'double' から 'float' へ切り詰めます。
C:\AnabukiSchool\GC2_C++\SkyJourney\SkyJourney_Project\Project\GameProject\Camera\Camera.cpp(11,24): warning C4305: '引数': 'double' から 'float' へ切り詰めます。
C:\AnabukiSchool\GC2_C++\SkyJourney\SkyJourney_Project\Project\GameProject\Camera\Camera.cpp(38,59): warning C4305: '引数': 'double' から 'float' へ切り詰めます。
  Player.cpp
C:\AnabukiSchool\GC2_C++\SkyJourney\SkyJourney_Project\Project\GameProject\Character\Player.h(18,55): warning C4305: '引数': 'double' から 'float' へ切り詰めます。
C:\AnabukiSchool\GC2_C++\SkyJourney\SkyJourney_Project\Project\GameProject\Character\Player.h(18,45): warning C4305: '引数': 'double' から 'float' へ切り詰めます。
C:\AnabukiSchool\GC2_C++\SkyJourney\SkyJourney_Project\Project\GameProject\Character\Player.h(18,36): warning C4305: '引数': 'double' から 'float' へ切り詰めます。
C:\AnabukiSchool\GC2_C++\SkyJourney\SkyJourney_Project\Project\GameProject\Character\Player.h(19,50): warning C4305: '引数': 'double' から 'float' へ切り詰めます。
C:\AnabukiSchool\GC2_C++\SkyJourney\SkyJourney_Project\Project\GameProject\Character\Player.h(19,41): warning C4305: '引数': 'double' から 'float' へ切り詰めます。
C:\AnabukiSchool\GC2_C++\SkyJourney\SkyJourney_Project\Project\GameProject\Character\Player.h(19,32): warning C4305: '引数': 'double' から 'float' へ切り詰めます。
C:\AnabukiSchool\GC2_C++\SkyJourney\SkyJourney_Project\Project\GameProject\Character\Whale.h(15,21): warning C4305: '初期化中': 'double' から 'float' へ切り詰めます。
C:\AnabukiSchool\GC2_C++\SkyJourney\SkyJourney_Project\Project\GameProject\Character\Player.cpp(50,29): warning C4305: '引数': 'double' から 'float' へ切り詰めます。
C:\AnabukiSchool\GC2_C++\SkyJourney\SkyJourney_Project\Project\GameProject\Character\Player.cpp(121,21): warning C4244: '=': 'double' から 'float' への変換です。データが失われる可能性があります。
C:\AnabukiSchool\GC2_C++\SkyJourney\SkyJourney_Project\Project\GameProject\Character\Player.cpp(122,19): warning C4244: '=': 'double' から 'float' への変換です。データが失われる可能性があります。
C:\AnabukiSchool\GC2_C++\SkyJourney\SkyJourney_Project\Project\GameProject\Character\Player.cpp(127,21): warning C4244: '=': 'double' から 'float' への変換です。データが失われる可能性があります。
C:\AnabukiSchool\GC2_C++\SkyJourney\SkyJourney_Project\Project\GameProject\Character\Player.cpp(128,19): warning C4244: '=': 'double' から 'float' への変換です。データが失われる可能性があります。
C:\AnabukiSchool\GC2_C++\SkyJourney\SkyJourney_Project\Project\GameProject\Character\Player.cpp(141,19): warning C4244: '=': 'double' から 'float' への変換です。データが失われる可能性があります。
C:\AnabukiSchool\GC2_C++\SkyJourney\SkyJourney_Project\Project\GameProject\Character\Player.cpp(142,19): warning C4244: '=': 'double' から 'float' への変換です。データが失われる可能性があります。
C:\AnabukiSchool\GC2_C++\SkyJourney\SkyJourney_Project\Project\GameProject\Character\Player.cpp(145,19): warning C4244: '=': 'double' から 'float' への変換です。データが失われる可能性があります。
C:\AnabukiSchool\GC2_C++\SkyJourney\SkyJourney_Project\Project\GameProject\Character\Player.cpp(146,19): warning C4244: '=': 'double' から 'float' への変換です。データが失われる可能性があります。
C:\AnabukiSchool\GC2_C++\SkyJourney\SkyJourney_Project\Project\GameProject\Character\Player.cpp(158,19): warning C4244: '=': 'double' から 'float' への変換です。データが失われる可能性があります。
C:\AnabukiSchool\GC2_C++\SkyJourney\SkyJourney_Project\Project\GameProject\Character\Player.cpp(159,19): warning C4244: '=': 'double' から 'float' への変換です。データが失われる可能性があります。
C:\AnabukiSchool\GC2_C++\SkyJourney\SkyJourney_Project\Project\GameProject\Character\Player.cpp(162,19): warning C4244: '=': 'double' から 'float' への変換です。データが失われる可能性があります。
C:\AnabukiSchool\GC2_C++\SkyJourney\SkyJourney_Project\Project\GameProject\Character\Player.cpp(163,19): warning C4244: '=': 'double' から 'float' への変換です。データが失われる可能性があります。
C:\AnabukiSchool\GC2_C++\SkyJourney\SkyJourney_Project\Project\GameProject\Character\Player.cpp(348,95): warning C4244: '引数': 'int' から 'float' への変換です。データが失われる可能性があります。
C:\AnabukiSchool\GC2_C++\SkyJourney\SkyJourney_Project\Project\GameProject\Character\Player.cpp(348,61): warning C4244: '引数': 'int' から 'float' への変換です。データが失われる可能性があります。
  Whale.cpp
C:\AnabukiSchool\GC2_C++\SkyJourney\SkyJourney_Project\Project\GameProject\Character\Player.h(18,55): warning C4305: '引数': 'double' から 'float' へ切り詰めます。
C:\AnabukiSchool\GC2_C++\SkyJourney\SkyJourney_Project\Project\GameProject\Character\Player.h(18,45): warning C4305: '引数': 'double' から 'float' へ切り詰めます。
C:\AnabukiSchool\GC2_C++\SkyJourney\SkyJourney_Project\Project\GameProject\Character\Player.h(18,36): warning C4305: '引数': 'double' から 'float' へ切り詰めます。
C:\AnabukiSchool\GC2_C++\SkyJourney\SkyJourney_Project\Project\GameProject\Character\Player.h(19,50): warning C4305: '引数': 'double' から 'float' へ切り詰めます。
C:\AnabukiSchool\GC2_C++\SkyJourney\SkyJourney_Project\Project\GameProject\Character\Player.h(19,41): warning C4305: '引数': 'double' から 'float' へ切り詰めます。
C:\AnabukiSchool\GC2_C++\SkyJourney\SkyJourney_Project\Project\GameProject\Character\Player.h(19,32): warning C4305: '引数': 'double' から 'float' へ切り詰めます。
C:\AnabukiSchool\GC2_C++\SkyJourney\SkyJourney_Project\Project\GameProject\Character\Whale.h(15,21): warning C4305: '初期化中': 'double' から 'float' へ切り詰めます。
C:\AnabukiSchool\GC2_C++\SkyJourney\SkyJourney_Project\Project\GameProject\Character\Whale.cpp(89,7): warning C4305: '=': 'double' から 'float' へ切り詰めます。
C:\AnabukiSchool\GC2_C++\SkyJourney\SkyJourney_Project\Project\GameProject\Character\Whale.cpp(97,42): warning C4244: '引数': 'double' から 'const float' への変換です。データが失われる可能性があります。
C:\AnabukiSchool\GC2_C++\SkyJourney\SkyJourney_Project\Project\GameProject\Character\Whale.cpp(158,21): warning C4305: '初期化中': 'double' から 'GLfloat' へ切り詰めます。
C:\AnabukiSchool\GC2_C++\SkyJourney\SkyJourney_Project\Project\GameProject\Character\Whale.cpp(256,10): warning C4267: '初期化中': 'size_t' から 'int' に変換しました。データが失われているかもしれません。
  Ending.cpp
C:\AnabukiSchool\GC2_C++\SkyJourney\SkyJourney_Project\Project\GameProject\Character\Player.h(18,55): warning C4305: '引数': 'double' から 'float' へ切り詰めます。
C:\AnabukiSchool\GC2_C++\SkyJourney\SkyJourney_Project\Project\GameProject\Character\Player.h(18,45): warning C4305: '引数': 'double' から 'float' へ切り詰めます。
C:\AnabukiSchool\GC2_C++\SkyJourney\SkyJourney_Project\Project\GameProject\Character\Player.h(18,36): warning C4305: '引数': 'double' から 'float' へ切り詰めます。
C:\AnabukiSchool\GC2_C++\SkyJourney\SkyJourney_Project\Project\GameProject\Character\Player.h(19,50): warning C4305: '引数': 'double' から 'float' へ切り詰めます。
C:\AnabukiSchool\GC2_C++\SkyJourney\SkyJourney_Project\Project\GameProject\Character\Player.h(19,41): warning C4305: '引数': 'double' から 'float' へ切り詰めます。
C:\AnabukiSchool\GC2_C++\SkyJourney\SkyJourney_Project\Project\GameProject\Character\Player.h(19,32): warning C4305: '引数': 'double' から 'float' へ切り詰めます。
C:\AnabukiSchool\GC2_C++\SkyJourney\SkyJourney_Project\Project\GameProject\Character\Whale.h(15,21): warning C4305: '初期化中': 'double' から 'float' へ切り詰めます。
C:\AnabukiSchool\GC2_C++\SkyJourney\SkyJourney_Project\Project\GameProject\Ending\Ending.cpp(6,16): warning C4305: '引数': 'double' から 'float' へ切り詰めます。
  Field.cpp
C:\AnabukiSchool\GC2_C++\SkyJourney\SkyJourney_Project\Project\GameProject\Character\Player.h(18,55): warning C4305: '引数': 'double' から 'float' へ切り詰めます。
C:\AnabukiSchool\GC2_C++\SkyJourney\SkyJourney_Project\Project\GameProject\Character\Player.h(18,45): warning C4305: '引数': 'double' から 'float' へ切り詰めます。
C:\AnabukiSchool\GC2_C++\SkyJourney\SkyJourney_Project\Project\GameProject\Character\Player.h(18,36): warning C4305: '引数': 'double' から 'float' へ切り詰めます。
C:\AnabukiSchool\GC2_C++\SkyJourney\SkyJourney_Project\Project\GameProject\Character\Player.h(19,50): warning C4305: '引数': 'double' から 'float' へ切り詰めます。
C:\AnabukiSchool\GC2_C++\SkyJourney\SkyJourney_Project\Project\GameProject\Character\Player.h(19,41): warning C4305: '引数': 'double' から 'float' へ切り詰めます。
C:\AnabukiSchool\GC2_C++\SkyJourney\SkyJourney_Project\Project\GameProject\Character\Player.h(19,32): warning C4305: '引数': 'double' から 'float' へ切り詰めます。
C:\AnabukiSchool\GC2_C++\SkyJourney\SkyJourney_Project\Project\GameProject\Character\Whale.h(15,21): warning C4305: '初期化中': 'double' から 'float' へ切り詰めます。
  Object.cpp
C:\AnabukiSchool\GC2_C++\SkyJourney\SkyJourney_Project\Project\GameProject\Character\Player.h(18,55): warning C4305: '引数': 'double' から 'float' へ切り詰めます。
C:\AnabukiSchool\GC2_C++\SkyJourney\SkyJourney_Project\Project\GameProject\Character\Player.h(18,45): warning C4305: '引数': 'double' から 'float' へ切り詰めます。
C:\AnabukiSchool\GC2_C++\SkyJourney\SkyJourney_Project\Project\GameProject\Character\Player.h(18,36): warning C4305: '引数': 'double' から 'float' へ切り詰めます。
C:\AnabukiSchool\GC2_C++\SkyJourney\SkyJourney_Project\Project\GameProject\Character\Player.h(19,50): warning C4305: '引数': 'double' から 'float' へ切り詰めます。
C:\AnabukiSchool\GC2_C++\SkyJourney\SkyJourney_Project\Project\GameProject\Character\Player.h(19,41): warning C4305: '引数': 'double' から 'float' へ切り詰めます。
C:\AnabukiSchool\GC2_C++\SkyJourney\SkyJourney_Project\Project\GameProject\Character\Player.h(19,32): warning C4305: '引数': 'double' から 'float' へ切り詰めます。
C:\AnabukiSchool\GC2_C++\SkyJourney\SkyJourney_Project\Project\GameProject\Character\Whale.h(15,21): warning C4305: '初期化中': 'double' から 'float' へ切り詰めます。
C:\AnabukiSchool\GC2_C++\SkyJourney\SkyJourney_Project\Project\GameProject\Game\Object.cpp(121,10): error C2084: 関数 'Candle::~Candle(void)' は既に本体を持っています。
C:\AnabukiSchool\GC2_C++\SkyJourney\SkyJourney_Project\Project\GameProject\Game\Object.cpp(85,10): message : '{dtor}' の以前の定義を確認してください
  SkyBox.cpp
C:\AnabukiSchool\GC2_C++\SkyJourney\SkyJourney_Project\Project\GameProject\Character\Player.h(18,55): warning C4305: '引数': 'double' から 'float' へ切り詰めます。
C:\AnabukiSchool\GC2_C++\SkyJourney\SkyJourney_Project\Project\GameProject\Character\Player.h(18,45): warning C4305: '引数': 'double' から 'float' へ切り詰めます。
C:\AnabukiSchool\GC2_C++\SkyJourney\SkyJourney_Project\Project\GameProject\Character\Player.h(18,36): warning C4305: '引数': 'double' から 'float' へ切り詰めます。
C:\AnabukiSchool\GC2_C++\SkyJourney\SkyJourney_Project\Project\GameProject\Character\Player.h(19,50): warning C4305: '引数': 'double' から 'float' へ切り詰めます。
C:\AnabukiSchool\GC2_C++\SkyJourney\SkyJourney_Project\Project\GameProject\Character\Player.h(19,41): warning C4305: '引数': 'double' から 'float' へ切り詰めます。
C:\AnabukiSchool\GC2_C++\SkyJourney\SkyJourney_Project\Project\GameProject\Character\Player.h(19,32): warning C4305: '引数': 'double' から 'float' へ切り詰めます。
C:\AnabukiSchool\GC2_C++\SkyJourney\SkyJourney_Project\Project\GameProject\Character\Whale.h(15,21): warning C4305: '初期化中': 'double' から 'float' へ切り詰めます。
  Progress.cpp
C:\AnabukiSchool\GC2_C++\SkyJourney\SkyJourney_Project\Project\GameProject\Character\Player.h(18,55): warning C4305: '引数': 'double' から 'float' へ切り詰めます。
C:\AnabukiSchool\GC2_C++\SkyJourney\SkyJourney_Project\Project\GameProject\Character\Player.h(18,45): warning C4305: '引数': 'double' から 'float' へ切り詰めます。
C:\AnabukiSchool\GC2_C++\SkyJourney\SkyJourney_Project\Project\GameProject\Character\Player.h(18,36): warning C4305: '引数': 'double' から 'float' へ切り詰めます。
C:\AnabukiSchool\GC2_C++\SkyJourney\SkyJourney_Project\Project\GameProject\Character\Player.h(19,50): warning C4305: '引数': 'double' から 'float' へ切り詰めます。
C:\AnabukiSchool\GC2_C++\SkyJourney\SkyJourney_Project\Project\GameProject\Character\Player.h(19,41): warning C4305: '引数': 'double' から 'float' へ切り詰めます。
C:\AnabukiSchool\GC2_C++\SkyJourney\SkyJourney_Project\Project\GameProject\Character\Player.h(19,32): warning C4305: '引数': 'double' から 'float' へ切り詰めます。
C:\AnabukiSchool\GC2_C++\SkyJourney\SkyJourney_Project\Project\GameProject\Character\Whale.h(15,21): warning C4305: '初期化中': 'double' から 'float' へ切り詰めます。
C:\AnabukiSchool\GC2_C++\SkyJourney\SkyJourney_Project\Project\GameProject\Management\Progress.cpp(96,55): warning C4305: '引数': 'double' から 'float' へ切り詰めます。
C:\AnabukiSchool\GC2_C++\SkyJourney\SkyJourney_Project\Project\GameProject\Management\Progress.cpp(96,45): warning C4305: '引数': 'double' から 'float' へ切り詰めます。
C:\AnabukiSchool\GC2_C++\SkyJourney\SkyJourney_Project\Project\GameProject\Management\Progress.cpp(96,36): warning C4305: '引数': 'double' から 'float' へ切り詰めます。
  Task.cpp
C:\AnabukiSchool\GC2_C++\SkyJourney\SkyJourney_Project\Project\GameProject\Character\Player.h(18,55): warning C4305: '引数': 'double' から 'float' へ切り詰めます。
C:\AnabukiSchool\GC2_C++\SkyJourney\SkyJourney_Project\Project\GameProject\Character\Player.h(18,45): warning C4305: '引数': 'double' から 'float' へ切り詰めます。
C:\AnabukiSchool\GC2_C++\SkyJourney\SkyJourney_Project\Project\GameProject\Character\Player.h(18,36): warning C4305: '引数': 'double' から 'float' へ切り詰めます。
C:\AnabukiSchool\GC2_C++\SkyJourney\SkyJourney_Project\Project\GameProject\Character\Player.h(19,50): warning C4305: '引数': 'double' から 'float' へ切り詰めます。
C:\AnabukiSchool\GC2_C++\SkyJourney\SkyJourney_Project\Project\GameProject\Character\Player.h(19,41): warning C4305: '引数': 'double' から 'float' へ切り詰めます。
C:\AnabukiSchool\GC2_C++\SkyJourney\SkyJourney_Project\Project\GameProject\Character\Player.h(19,32): warning C4305: '引数': 'double' から 'float' へ切り詰めます。
C:\AnabukiSchool\GC2_C++\SkyJourney\SkyJourney_Project\Project\GameProject\Character\Whale.h(15,21): warning C4305: '初期化中': 'double' から 'float' へ切り詰めます。
  PublicFile.cpp
C:\AnabukiSchool\GC2_C++\SkyJourney\SkyJourney_Project\Project\GameProject\Character\Player.h(18,55): warning C4305: '引数': 'double' から 'float' へ切り詰めます。
C:\AnabukiSchool\GC2_C++\SkyJourney\SkyJourney_Project\Project\GameProject\Character\Player.h(18,45): warning C4305: '引数': 'double' から 'float' へ切り詰めます。
C:\AnabukiSchool\GC2_C++\SkyJourney\SkyJourney_Project\Project\GameProject\Character\Player.h(18,36): warning C4305: '引数': 'double' から 'float' へ切り詰めます。
C:\AnabukiSchool\GC2_C++\SkyJourney\SkyJourney_Project\Project\GameProject\Character\Player.h(19,50): warning C4305: '引数': 'double' から 'float' へ切り詰めます。
C:\AnabukiSchool\GC2_C++\SkyJourney\SkyJourney_Project\Project\GameProject\Character\Player.h(19,41): warning C4305: '引数': 'double' から 'float' へ切り詰めます。
C:\AnabukiSchool\GC2_C++\SkyJourney\SkyJourney_Project\Project\GameProject\Character\Player.h(19,32): warning C4305: '引数': 'double' から 'float' へ切り詰めます。
C:\AnabukiSchool\GC2_C++\SkyJourney\SkyJourney_Project\Project\GameProject\Character\Whale.h(15,21): warning C4305: '初期化中': 'double' から 'float' へ切り詰めます。
C:\AnabukiSchool\GC2_C++\SkyJourney\SkyJourney_Project\Project\GameProject\Public\PublicFile.cpp(37,51): warning C4244: '引数': 'double' から 'float' への変換です。データが失われる可能性があります。
C:\AnabukiSchool\GC2_C++\SkyJourney\SkyJourney_Project\Project\GameProject\Public\PublicFile.cpp(37,41): warning C4244: '引数': 'double' から 'float' への変換です。データが失われる可能性があります。
C:\AnabukiSchool\GC2_C++\SkyJourney\SkyJourney_Project\Project\GameProject\Public\PublicFile.cpp(37,31): warning C4244: '引数': 'double' から 'float' への変換です。データが失われる可能性があります。
  Shader.cpp
C:\AnabukiSchool\GC2_C++\SkyJourney\SkyJourney_Project\Project\GameProject\Character\Player.h(18,55): warning C4305: '引数': 'double' から 'float' へ切り詰めます。
C:\AnabukiSchool\GC2_C++\SkyJourney\SkyJourney_Project\Project\GameProject\Character\Player.h(18,45): warning C4305: '引数': 'double' から 'float' へ切り詰めます。
C:\AnabukiSchool\GC2_C++\SkyJourney\SkyJourney_Project\Project\GameProject\Character\Player.h(18,36): warning C4305: '引数': 'double' から 'float' へ切り詰めます。
C:\AnabukiSchool\GC2_C++\SkyJourney\SkyJourney_Project\Project\GameProject\Character\Player.h(19,50): warning C4305: '引数': 'double' から 'float' へ切り詰めます。
C:\AnabukiSchool\GC2_C++\SkyJourney\SkyJourney_Project\Project\GameProject\Character\Player.h(19,41): warning C4305: '引数': 'double' から 'float' へ切り詰めます。
C:\AnabukiSchool\GC2_C++\SkyJourney\SkyJourney_Project\Project\GameProject\Character\Player.h(19,32): warning C4305: '引数': 'double' から 'float' へ切り詰めます。
C:\AnabukiSchool\GC2_C++\SkyJourney\SkyJourney_Project\Project\GameProject\Character\Whale.h(15,21): warning C4305: '初期化中': 'double' から 'float' へ切り詰めます。
C:\AnabukiSchool\GC2_C++\SkyJourney\SkyJourney_Project\Project\GameProject\Shader.cpp(25,11): warning C4267: '初期化中': 'size_t' から 'int' に変換しました。データが失われているかもしれません。
  DesertStage.cpp
C:\AnabukiSchool\GC2_C++\SkyJourney\SkyJourney_Project\Project\GameProject\Character\Player.h(18,55): warning C4305: '引数': 'double' から 'float' へ切り詰めます。
C:\AnabukiSchool\GC2_C++\SkyJourney\SkyJourney_Project\Project\GameProject\Character\Player.h(18,45): warning C4305: '引数': 'double' から 'float' へ切り詰めます。
C:\AnabukiSchool\GC2_C++\SkyJourney\SkyJourney_Project\Project\GameProject\Character\Player.h(18,36): warning C4305: '引数': 'double' から 'float' へ切り詰めます。
C:\AnabukiSchool\GC2_C++\SkyJourney\SkyJourney_Project\Project\GameProject\Character\Player.h(19,50): warning C4305: '引数': 'double' から 'float' へ切り詰めます。
C:\AnabukiSchool\GC2_C++\SkyJourney\SkyJourney_Project\Project\GameProject\Character\Player.h(19,41): warning C4305: '引数': 'double' から 'float' へ切り詰めます。
C:\AnabukiSchool\GC2_C++\SkyJourney\SkyJourney_Project\Project\GameProject\Character\Player.h(19,32): warning C4305: '引数': 'double' から 'float' へ切り詰めます。
C:\AnabukiSchool\GC2_C++\SkyJourney\SkyJourney_Project\Project\GameProject\Character\Whale.h(15,21): warning C4305: '初期化中': 'double' から 'float' へ切り詰めます。
C:\AnabukiSchool\GC2_C++\SkyJourney\SkyJourney_Project\Project\GameProject\Stage\DesertStage.cpp(7,32): warning C4305: '引数': 'double' から 'float' へ切り詰めます。
C:\AnabukiSchool\GC2_C++\SkyJourney\SkyJourney_Project\Project\GameProject\Stage\DesertStage.cpp(7,22): warning C4305: '引数': 'double' から 'float' へ切り詰めます。
C:\AnabukiSchool\GC2_C++\SkyJourney\SkyJourney_Project\Project\GameProject\Stage\DesertStage.cpp(7,13): warning C4305: '引数': 'double' から 'float' へ切り詰めます。
C:\AnabukiSchool\GC2_C++\SkyJourney\SkyJourney_Project\Project\GameProject\Stage\DesertStage.cpp(8,31): warning C4305: '引数': 'double' から 'float' へ切り詰めます。
C:\AnabukiSchool\GC2_C++\SkyJourney\SkyJourney_Project\Project\GameProject\Stage\DesertStage.cpp(8,22): warning C4305: '引数': 'double' から 'float' へ切り詰めます。
C:\AnabukiSchool\GC2_C++\SkyJourney\SkyJourney_Project\Project\GameProject\Stage\DesertStage.cpp(8,13): warning C4305: '引数': 'double' から 'float' へ切り詰めます。
C:\AnabukiSchool\GC2_C++\SkyJourney\SkyJourney_Project\Project\GameProject\Stage\DesertStage.cpp(9,32): warning C4305: '引数': 'double' から 'float' へ切り詰めます。
C:\AnabukiSchool\GC2_C++\SkyJourney\SkyJourney_Project\Project\GameProject\Stage\DesertStage.cpp(9,22): warning C4305: '引数': 'double' から 'float' へ切り詰めます。
C:\AnabukiSchool\GC2_C++\SkyJourney\SkyJourney_Project\Project\GameProject\Stage\DesertStage.cpp(9,13): warning C4305: '引数': 'double' から 'float' へ切り詰めます。
C:\AnabukiSchool\GC2_C++\SkyJourney\SkyJourney_Project\Project\GameProject\Stage\DesertStage.cpp(10,32): warning C4305: '引数': 'double' から 'float' へ切り詰めます。
C:\AnabukiSchool\GC2_C++\SkyJourney\SkyJourney_Project\Project\GameProject\Stage\DesertStage.cpp(10,23): warning C4305: '引数': 'double' から 'float' へ切り詰めます。
C:\AnabukiSchool\GC2_C++\SkyJourney\SkyJourney_Project\Project\GameProject\Stage\DesertStage.cpp(10,14): warning C4305: '引数': 'double' から 'float' へ切り詰めます。
C:\AnabukiSchool\GC2_C++\SkyJourney\SkyJourney_Project\Project\GameProject\Stage\DesertStage.cpp(11,32): warning C4305: '引数': 'double' から 'float' へ切り詰めます。
C:\AnabukiSchool\GC2_C++\SkyJourney\SkyJourney_Project\Project\GameProject\Stage\DesertStage.cpp(11,23): warning C4305: '引数': 'double' から 'float' へ切り詰めます。
C:\AnabukiSchool\GC2_C++\SkyJourney\SkyJourney_Project\Project\GameProject\Stage\DesertStage.cpp(11,14): warning C4305: '引数': 'double' から 'float' へ切り詰めます。
C:\AnabukiSchool\GC2_C++\SkyJourney\SkyJourney_Project\Project\GameProject\Stage\DesertStage.cpp(12,35): warning C4305: '引数': 'double' から 'float' へ切り詰めます。
C:\AnabukiSchool\GC2_C++\SkyJourney\SkyJourney_Project\Project\GameProject\Stage\DesertStage.cpp(12,23): warning C4305: '引数': 'double' から 'float' へ切り詰めます。
C:\AnabukiSchool\GC2_C++\SkyJourney\SkyJourney_Project\Project\GameProject\Stage\DesertStage.cpp(12,14): warning C4305: '引数': 'double' から 'float' へ切り詰めます。
C:\AnabukiSchool\GC2_C++\SkyJourney\SkyJourney_Project\Project\GameProject\Stage\DesertStage.cpp(16,31): warning C4305: '引数': 'double' から 'float' へ切り詰めます。
C:\AnabukiSchool\GC2_C++\SkyJourney\SkyJourney_Project\Project\GameProject\Stage\DesertStage.cpp(16,20): warning C4305: '引数': 'double' から 'float' へ切り詰めます。
C:\AnabukiSchool\GC2_C++\SkyJourney\SkyJourney_Project\Project\GameProject\Stage\DesertStage.cpp(16,13): warning C4305: '引数': 'double' から 'float' へ切り詰めます。
C:\AnabukiSchool\GC2_C++\SkyJourney\SkyJourney_Project\Project\GameProject\Stage\DesertStage.cpp(17,31): warning C4305: '引数': 'double' から 'float' へ切り詰めます。
C:\AnabukiSchool\GC2_C++\SkyJourney\SkyJourney_Project\Project\GameProject\Stage\DesertStage.cpp(17,21): warning C4305: '引数': 'double' から 'float' へ切り詰めます。
C:\AnabukiSchool\GC2_C++\SkyJourney\SkyJourney_Project\Project\GameProject\Stage\DesertStage.cpp(17,13): warning C4305: '引数': 'double' から 'float' へ切り詰めます。
C:\AnabukiSchool\GC2_C++\SkyJourney\SkyJourney_Project\Project\GameProject\Stage\DesertStage.cpp(18,32): warning C4305: '引数': 'double' から 'float' へ切り詰めます。
C:\AnabukiSchool\GC2_C++\SkyJourney\SkyJourney_Project\Project\GameProject\Stage\DesertStage.cpp(18,21): warning C4305: '引数': 'double' から 'float' へ切り詰めます。
C:\AnabukiSchool\GC2_C++\SkyJourney\SkyJourney_Project\Project\GameProject\Stage\DesertStage.cpp(18,13): warning C4305: '引数': 'double' から 'float' へ切り詰めます。
C:\AnabukiSchool\GC2_C++\SkyJourney\SkyJourney_Project\Project\GameProject\Stage\DesertStage.cpp(19,31): warning C4305: '引数': 'double' から 'float' へ切り詰めます。
C:\AnabukiSchool\GC2_C++\SkyJourney\SkyJourney_Project\Project\GameProject\Stage\DesertStage.cpp(19,21): warning C4305: '引数': 'double' から 'float' へ切り詰めます。
C:\AnabukiSchool\GC2_C++\SkyJourney\SkyJourney_Project\Project\GameProject\Stage\DesertStage.cpp(19,13): warning C4305: '引数': 'double' から 'float' へ切り詰めます。
C:\AnabukiSchool\GC2_C++\SkyJourney\SkyJourney_Project\Project\GameProject\Stage\DesertStage.cpp(20,31): warning C4305: '引数': 'double' から 'float' へ切り詰めます。
C:\AnabukiSchool\GC2_C++\SkyJourney\SkyJourney_Project\Project\GameProject\Stage\DesertStage.cpp(20,21): warning C4305: '引数': 'double' から 'float' へ切り詰めます。
C:\AnabukiSchool\GC2_C++\SkyJourney\SkyJourney_Project\Project\GameProject\Stage\DesertStage.cpp(20,13): warning C4305: '引数': 'double' から 'float' へ切り詰めます。
C:\AnabukiSchool\GC2_C++\SkyJourney\SkyJourney_Project\Project\GameProject\Stage\DesertStage.cpp(21,30): warning C4305: '引数': 'double' から 'float' へ切り詰めます。
C:\AnabukiSchool\GC2_C++\SkyJourney\SkyJourney_Project\Project\GameProject\Stage\DesertStage.cpp(21,21): warning C4305: '引数': 'double' から 'float' へ切り詰めます。
C:\AnabukiSchool\GC2_C++\SkyJourney\SkyJourney_Project\Project\GameProject\Stage\DesertStage.cpp(21,13): warning C4305: '引数': 'double' から 'float' へ切り詰めます。
C:\AnabukiSchool\GC2_C++\SkyJourney\SkyJourney_Project\Project\GameProject\Stage\DesertStage.cpp(22,29): warning C4305: '引数': 'double' から 'float' へ切り詰めます。
C:\AnabukiSchool\GC2_C++\SkyJourney\SkyJourney_Project\Project\GameProject\Stage\DesertStage.cpp(22,21): warning C4305: '引数': 'double' から 'float' へ切り詰めます。
C:\AnabukiSchool\GC2_C++\SkyJourney\SkyJourney_Project\Project\GameProject\Stage\DesertStage.cpp(22,14): warning C4305: '引数': 'double' から 'float' へ切り詰めます。
C:\AnabukiSchool\GC2_C++\SkyJourney\SkyJourney_Project\Project\GameProject\Stage\DesertStage.cpp(23,33): warning C4305: '引数': 'double' から 'float' へ切り詰めます。
C:\AnabukiSchool\GC2_C++\SkyJourney\SkyJourney_Project\Project\GameProject\Stage\DesertStage.cpp(23,22): warning C4305: '引数': 'double' から 'float' へ切り詰めます。
C:\AnabukiSchool\GC2_C++\SkyJourney\SkyJourney_Project\Project\GameProject\Stage\DesertStage.cpp(23,14): warning C4305: '引数': 'double' から 'float' へ切り詰めます。
C:\AnabukiSchool\GC2_C++\SkyJourney\SkyJourney_Project\Project\GameProject\Stage\DesertStage.cpp(24,32): warning C4305: '引数': 'double' から 'float' へ切り詰めます。
C:\AnabukiSchool\GC2_C++\SkyJourney\SkyJourney_Project\Project\GameProject\Stage\DesertStage.cpp(24,22): warning C4305: '引数': 'double' から 'float' へ切り詰めます。
C:\AnabukiSchool\GC2_C++\SkyJourney\SkyJourney_Project\Project\GameProject\Stage\DesertStage.cpp(24,14): warning C4305: '引数': 'double' から 'float' へ切り詰めます。
C:\AnabukiSchool\GC2_C++\SkyJourney\SkyJourney_Project\Project\GameProject\Stage\DesertStage.cpp(29,26): warning C4305: '引数': 'double' から 'float' へ切り詰めます。
C:\AnabukiSchool\GC2_C++\SkyJourney\SkyJourney_Project\Project\GameProject\Stage\DesertStage.cpp(29,13): warning C4305: '引数': 'double' から 'float' へ切り詰めます。
C:\AnabukiSchool\GC2_C++\SkyJourney\SkyJourney_Project\Project\GameProject\Stage\DesertStage.cpp(30,26): warning C4305: '引数': 'double' から 'float' へ切り詰めます。
C:\AnabukiSchool\GC2_C++\SkyJourney\SkyJourney_Project\Project\GameProject\Stage\DesertStage.cpp(30,13): warning C4305: '引数': 'double' から 'float' へ切り詰めます。
C:\AnabukiSchool\GC2_C++\SkyJourney\SkyJourney_Project\Project\GameProject\Stage\DesertStage.cpp(31,26): warning C4305: '引数': 'double' から 'float' へ切り詰めます。
C:\AnabukiSchool\GC2_C++\SkyJourney\SkyJourney_Project\Project\GameProject\Stage\DesertStage.cpp(31,13): warning C4305: '引数': 'double' から 'float' へ切り詰めます。
C:\AnabukiSchool\GC2_C++\SkyJourney\SkyJourney_Project\Project\GameProject\Stage\DesertStage.cpp(32,27): warning C4305: '引数': 'double' から 'float' へ切り詰めます。
C:\AnabukiSchool\GC2_C++\SkyJourney\SkyJourney_Project\Project\GameProject\Stage\DesertStage.cpp(32,14): warning C4305: '引数': 'double' から 'float' へ切り詰めます。
C:\AnabukiSchool\GC2_C++\SkyJourney\SkyJourney_Project\Project\GameProject\Stage\DesertStage.cpp(33,26): warning C4305: '引数': 'double' から 'float' へ切り詰めます。
C:\AnabukiSchool\GC2_C++\SkyJourney\SkyJourney_Project\Project\GameProject\Stage\DesertStage.cpp(33,13): warning C4305: '引数': 'double' から 'float' へ切り詰めます。
C:\AnabukiSchool\GC2_C++\SkyJourney\SkyJourney_Project\Project\GameProject\Stage\DesertStage.cpp(34,27): warning C4305: '引数': 'double' から 'float' へ切り詰めます。
C:\AnabukiSchool\GC2_C++\SkyJourney\SkyJourney_Project\Project\GameProject\Stage\DesertStage.cpp(34,14): warning C4305: '引数': 'double' から 'float' へ切り詰めます。
C:\AnabukiSchool\GC2_C++\SkyJourney\SkyJourney_Project\Project\GameProject\Stage\DesertStage.cpp(35,27): warning C4305: '引数': 'double' から 'float' へ切り詰めます。
C:\AnabukiSchool\GC2_C++\SkyJourney\SkyJourney_Project\Project\GameProject\Stage\DesertStage.cpp(35,14): warning C4305: '引数': 'double' から 'float' へ切り詰めます。
C:\AnabukiSchool\GC2_C++\SkyJourney\SkyJourney_Project\Project\GameProject\Stage\DesertStage.cpp(36,26): warning C4305: '引数': 'double' から 'float' へ切り詰めます。
C:\AnabukiSchool\GC2_C++\SkyJourney\SkyJourney_Project\Project\GameProject\Stage\DesertStage.cpp(36,14): warning C4305: '引数': 'double' から 'float' へ切り詰めます。
C:\AnabukiSchool\GC2_C++\SkyJourney\SkyJourney_Project\Project\GameProject\Stage\DesertStage.cpp(37,26): warning C4305: '引数': 'double' から 'float' へ切り詰めます。
C:\AnabukiSchool\GC2_C++\SkyJourney\SkyJourney_Project\Project\GameProject\Stage\DesertStage.cpp(37,14): warning C4305: '引数': 'double' から 'float' へ切り詰めます。
C:\AnabukiSchool\GC2_C++\SkyJourney\SkyJourney_Project\Project\GameProject\Stage\DesertStage.cpp(38,25): warning C4305: '引数': 'double' から 'float' へ切り詰めます。
C:\AnabukiSchool\GC2_C++\SkyJourney\SkyJourney_Project\Project\GameProject\Stage\DesertStage.cpp(38,13): warning C4305: '引数': 'double' から 'float' へ切り詰めます。
C:\AnabukiSchool\GC2_C++\SkyJourney\SkyJourney_Project\Project\GameProject\Stage\DesertStage.cpp(39,25): warning C4305: '引数': 'double' から 'float' へ切り詰めます。
C:\AnabukiSchool\GC2_C++\SkyJourney\SkyJourney_Project\Project\GameProject\Stage\DesertStage.cpp(39,13): warning C4305: '引数': 'double' から 'float' へ切り詰めます。
C:\AnabukiSchool\GC2_C++\SkyJourney\SkyJourney_Project\Project\GameProject\Stage\DesertStage.cpp(40,25): warning C4305: '引数': 'double' から 'float' へ切り詰めます。
C:\AnabukiSchool\GC2_C++\SkyJourney\SkyJourney_Project\Project\GameProject\Stage\DesertStage.cpp(40,13): warning C4305: '引数': 'double' から 'float' へ切り詰めます。
  SkyIslandStage.cpp
C:\AnabukiSchool\GC2_C++\SkyJourney\SkyJourney_Project\Project\GameProject\Character\Player.h(18,55): warning C4305: '引数': 'double' から 'float' へ切り詰めます。
C:\AnabukiSchool\GC2_C++\SkyJourney\SkyJourney_Project\Project\GameProject\Character\Player.h(18,45): warning C4305: '引数': 'double' から 'float' へ切り詰めます。
C:\AnabukiSchool\GC2_C++\SkyJourney\SkyJourney_Project\Project\GameProject\Character\Player.h(18,36): warning C4305: '引数': 'double' から 'float' へ切り詰めます。
C:\AnabukiSchool\GC2_C++\SkyJourney\SkyJourney_Project\Project\GameProject\Character\Player.h(19,50): warning C4305: '引数': 'double' から 'float' へ切り詰めます。
C:\AnabukiSchool\GC2_C++\SkyJourney\SkyJourney_Project\Project\GameProject\Character\Player.h(19,41): warning C4305: '引数': 'double' から 'float' へ切り詰めます。
C:\AnabukiSchool\GC2_C++\SkyJourney\SkyJourney_Project\Project\GameProject\Character\Player.h(19,32): warning C4305: '引数': 'double' から 'float' へ切り詰めます。
C:\AnabukiSchool\GC2_C++\SkyJourney\SkyJourney_Project\Project\GameProject\Character\Whale.h(15,21): warning C4305: '初期化中': 'double' から 'float' へ切り詰めます。
  VolcanoStage.cpp
C:\AnabukiSchool\GC2_C++\SkyJourney\SkyJourney_Project\Project\GameProject\Character\Player.h(18,55): warning C4305: '引数': 'double' から 'float' へ切り詰めます。
C:\AnabukiSchool\GC2_C++\SkyJourney\SkyJourney_Project\Project\GameProject\Character\Player.h(18,45): warning C4305: '引数': 'double' から 'float' へ切り詰めます。
C:\AnabukiSchool\GC2_C++\SkyJourney\SkyJourney_Project\Project\GameProject\Character\Player.h(18,36): warning C4305: '引数': 'double' から 'float' へ切り詰めます。
C:\AnabukiSchool\GC2_C++\SkyJourney\SkyJourney_Project\Project\GameProject\Character\Player.h(19,50): warning C4305: '引数': 'double' から 'float' へ切り詰めます。
C:\AnabukiSchool\GC2_C++\SkyJourney\SkyJourney_Project\Project\GameProject\Character\Player.h(19,41): warning C4305: '引数': 'double' から 'float' へ切り詰めます。
C:\AnabukiSchool\GC2_C++\SkyJourney\SkyJourney_Project\Project\GameProject\Character\Player.h(19,32): warning C4305: '引数': 'double' から 'float' へ切り詰めます。
C:\AnabukiSchool\GC2_C++\SkyJourney\SkyJourney_Project\Project\GameProject\Character\Whale.h(15,21): warning C4305: '初期化中': 'double' から 'float' へ切り詰めます。
C:\AnabukiSchool\GC2_C++\SkyJourney\SkyJourney_Project\Project\GameProject\Stage\VolcanoStage.cpp(6,29): warning C4305: '引数': 'double' から 'float' へ切り詰めます。
C:\AnabukiSchool\GC2_C++\SkyJourney\SkyJourney_Project\Project\GameProject\Stage\VolcanoStage.cpp(6,21): warning C4305: '引数': 'double' から 'float' へ切り詰めます。
C:\AnabukiSchool\GC2_C++\SkyJourney\SkyJourney_Project\Project\GameProject\Stage\VolcanoStage.cpp(6,13): warning C4305: '引数': 'double' から 'float' へ切り詰めます。
C:\AnabukiSchool\GC2_C++\SkyJourney\SkyJourney_Project\Project\GameProject\Stage\VolcanoStage.cpp(7,29): warning C4305: '引数': 'double' から 'float' へ切り詰めます。
C:\AnabukiSchool\GC2_C++\SkyJourney\SkyJourney_Project\Project\GameProject\Stage\VolcanoStage.cpp(7,21): warning C4305: '引数': 'double' から 'float' へ切り詰めます。
C:\AnabukiSchool\GC2_C++\SkyJourney\SkyJourney_Project\Project\GameProject\Stage\VolcanoStage.cpp(7,13): warning C4305: '引数': 'double' から 'float' へ切り詰めます。
C:\AnabukiSchool\GC2_C++\SkyJourney\SkyJourney_Project\Project\GameProject\Stage\VolcanoStage.cpp(8,29): warning C4305: '引数': 'double' から 'float' へ切り詰めます。
C:\AnabukiSchool\GC2_C++\SkyJourney\SkyJourney_Project\Project\GameProject\Stage\VolcanoStage.cpp(8,21): warning C4305: '引数': 'double' から 'float' へ切り詰めます。
C:\AnabukiSchool\GC2_C++\SkyJourney\SkyJourney_Project\Project\GameProject\Stage\VolcanoStage.cpp(8,13): warning C4305: '引数': 'double' から 'float' へ切り詰めます。
C:\AnabukiSchool\GC2_C++\SkyJourney\SkyJourney_Project\Project\GameProject\Stage\VolcanoStage.cpp(9,29): warning C4305: '引数': 'double' から 'float' へ切り詰めます。
C:\AnabukiSchool\GC2_C++\SkyJourney\SkyJourney_Project\Project\GameProject\Stage\VolcanoStage.cpp(9,21): warning C4305: '引数': 'double' から 'float' へ切り詰めます。
C:\AnabukiSchool\GC2_C++\SkyJourney\SkyJourney_Project\Project\GameProject\Stage\VolcanoStage.cpp(9,13): warning C4305: '引数': 'double' から 'float' へ切り詰めます。
C:\AnabukiSchool\GC2_C++\SkyJourney\SkyJourney_Project\Project\GameProject\Stage\VolcanoStage.cpp(10,29): warning C4305: '引数': 'double' から 'float' へ切り詰めます。
C:\AnabukiSchool\GC2_C++\SkyJourney\SkyJourney_Project\Project\GameProject\Stage\VolcanoStage.cpp(10,21): warning C4305: '引数': 'double' から 'float' へ切り詰めます。
C:\AnabukiSchool\GC2_C++\SkyJourney\SkyJourney_Project\Project\GameProject\Stage\VolcanoStage.cpp(10,13): warning C4305: '引数': 'double' から 'float' へ切り詰めます。
C:\AnabukiSchool\GC2_C++\SkyJourney\SkyJourney_Project\Project\GameProject\Stage\VolcanoStage.cpp(11,29): warning C4305: '引数': 'double' から 'float' へ切り詰めます。
C:\AnabukiSchool\GC2_C++\SkyJourney\SkyJourney_Project\Project\GameProject\Stage\VolcanoStage.cpp(11,21): warning C4305: '引数': 'double' から 'float' へ切り詰めます。
C:\AnabukiSchool\GC2_C++\SkyJourney\SkyJourney_Project\Project\GameProject\Stage\VolcanoStage.cpp(11,13): warning C4305: '引数': 'double' から 'float' へ切り詰めます。
C:\AnabukiSchool\GC2_C++\SkyJourney\SkyJourney_Project\Project\GameProject\Stage\VolcanoStage.cpp(13,28): warning C4305: '引数': 'double' から 'float' へ切り詰めます。
C:\AnabukiSchool\GC2_C++\SkyJourney\SkyJourney_Project\Project\GameProject\Stage\VolcanoStage.cpp(13,21): warning C4305: '引数': 'double' から 'float' へ切り詰めます。
C:\AnabukiSchool\GC2_C++\SkyJourney\SkyJourney_Project\Project\GameProject\Stage\VolcanoStage.cpp(13,13): warning C4305: '引数': 'double' から 'float' へ切り詰めます。
C:\AnabukiSchool\GC2_C++\SkyJourney\SkyJourney_Project\Project\GameProject\Stage\VolcanoStage.cpp(14,29): warning C4305: '引数': 'double' から 'float' へ切り詰めます。
C:\AnabukiSchool\GC2_C++\SkyJourney\SkyJourney_Project\Project\GameProject\Stage\VolcanoStage.cpp(14,21): warning C4305: '引数': 'double' から 'float' へ切り詰めます。
C:\AnabukiSchool\GC2_C++\SkyJourney\SkyJourney_Project\Project\GameProject\Stage\VolcanoStage.cpp(14,13): warning C4305: '引数': 'double' から 'float' へ切り詰めます。
C:\AnabukiSchool\GC2_C++\SkyJourney\SkyJourney_Project\Project\GameProject\Stage\VolcanoStage.cpp(16,29): warning C4305: '引数': 'double' から 'float' へ切り詰めます。
C:\AnabukiSchool\GC2_C++\SkyJourney\SkyJourney_Project\Project\GameProject\Stage\VolcanoStage.cpp(16,21): warning C4305: '引数': 'double' から 'float' へ切り詰めます。
C:\AnabukiSchool\GC2_C++\SkyJourney\SkyJourney_Project\Project\GameProject\Stage\VolcanoStage.cpp(16,13): warning C4305: '引数': 'double' から 'float' へ切り詰めます。
C:\AnabukiSchool\GC2_C++\SkyJourney\SkyJourney_Project\Project\GameProject\Stage\VolcanoStage.cpp(17,29): warning C4305: '引数': 'double' から 'float' へ切り詰めます。
C:\AnabukiSchool\GC2_C++\SkyJourney\SkyJourney_Project\Project\GameProject\Stage\VolcanoStage.cpp(17,21): warning C4305: '引数': 'double' から 'float' へ切り詰めます。
C:\AnabukiSchool\GC2_C++\SkyJourney\SkyJourney_Project\Project\GameProject\Stage\VolcanoStage.cpp(17,13): warning C4305: '引数': 'double' から 'float' へ切り詰めます。
C:\AnabukiSchool\GC2_C++\SkyJourney\SkyJourney_Project\Project\GameProject\Stage\VolcanoStage.cpp(18,29): warning C4305: '引数': 'double' から 'float' へ切り詰めます。
C:\AnabukiSchool\GC2_C++\SkyJourney\SkyJourney_Project\Project\GameProject\Stage\VolcanoStage.cpp(18,21): warning C4305: '引数': 'double' から 'float' へ切り詰めます。
C:\AnabukiSchool\GC2_C++\SkyJourney\SkyJourney_Project\Project\GameProject\Stage\VolcanoStage.cpp(18,13): warning C4305: '引数': 'double' から 'float' へ切り詰めます。
C:\AnabukiSchool\GC2_C++\SkyJourney\SkyJourney_Project\Project\GameProject\Stage\VolcanoStage.cpp(20,30): warning C4305: '引数': 'double' から 'float' へ切り詰めます。
C:\AnabukiSchool\GC2_C++\SkyJourney\SkyJourney_Project\Project\GameProject\Stage\VolcanoStage.cpp(20,22): warning C4305: '引数': 'double' から 'float' へ切り詰めます。
C:\AnabukiSchool\GC2_C++\SkyJourney\SkyJourney_Project\Project\GameProject\Stage\VolcanoStage.cpp(20,14): warning C4305: '引数': 'double' から 'float' へ切り詰めます。
C:\AnabukiSchool\GC2_C++\SkyJourney\SkyJourney_Project\Project\GameProject\Stage\VolcanoStage.cpp(21,29): warning C4305: '引数': 'double' から 'float' へ切り詰めます。
C:\AnabukiSchool\GC2_C++\SkyJourney\SkyJourney_Project\Project\GameProject\Stage\VolcanoStage.cpp(21,22): warning C4305: '引数': 'double' から 'float' へ切り詰めます。
C:\AnabukiSchool\GC2_C++\SkyJourney\SkyJourney_Project\Project\GameProject\Stage\VolcanoStage.cpp(21,14): warning C4305: '引数': 'double' から 'float' へ切り詰めます。
C:\AnabukiSchool\GC2_C++\SkyJourney\SkyJourney_Project\Project\GameProject\Stage\VolcanoStage.cpp(22,31): warning C4305: '引数': 'double' から 'float' へ切り詰めます。
C:\AnabukiSchool\GC2_C++\SkyJourney\SkyJourney_Project\Project\GameProject\Stage\VolcanoStage.cpp(22,23): warning C4305: '引数': 'double' から 'float' へ切り詰めます。
C:\AnabukiSchool\GC2_C++\SkyJourney\SkyJourney_Project\Project\GameProject\Stage\VolcanoStage.cpp(22,14): warning C4305: '引数': 'double' から 'float' へ切り詰めます。
C:\AnabukiSchool\GC2_C++\SkyJourney\SkyJourney_Project\Project\GameProject\Stage\VolcanoStage.cpp(23,30): warning C4305: '引数': 'double' から 'float' へ切り詰めます。
C:\AnabukiSchool\GC2_C++\SkyJourney\SkyJourney_Project\Project\GameProject\Stage\VolcanoStage.cpp(23,22): warning C4305: '引数': 'double' から 'float' へ切り詰めます。
C:\AnabukiSchool\GC2_C++\SkyJourney\SkyJourney_Project\Project\GameProject\Stage\VolcanoStage.cpp(23,14): warning C4305: '引数': 'double' から 'float' へ切り詰めます。
C:\AnabukiSchool\GC2_C++\SkyJourney\SkyJourney_Project\Project\GameProject\Stage\VolcanoStage.cpp(24,31): warning C4305: '引数': 'double' から 'float' へ切り詰めます。
C:\AnabukiSchool\GC2_C++\SkyJourney\SkyJourney_Project\Project\GameProject\Stage\VolcanoStage.cpp(24,23): warning C4305: '引数': 'double' から 'float' へ切り詰めます。
C:\AnabukiSchool\GC2_C++\SkyJourney\SkyJourney_Project\Project\GameProject\Stage\VolcanoStage.cpp(24,14): warning C4305: '引数': 'double' から 'float' へ切り詰めます。
C:\AnabukiSchool\GC2_C++\SkyJourney\SkyJourney_Project\Project\GameProject\Stage\VolcanoStage.cpp(25,29): warning C4305: '引数': 'double' から 'float' へ切り詰めます。
C:\AnabukiSchool\GC2_C++\SkyJourney\SkyJourney_Project\Project\GameProject\Stage\VolcanoStage.cpp(25,21): warning C4305: '引数': 'double' から 'float' へ切り詰めます。
C:\AnabukiSchool\GC2_C++\SkyJourney\SkyJourney_Project\Project\GameProject\Stage\VolcanoStage.cpp(25,14): warning C4305: '引数': 'double' から 'float' へ切り詰めます。
C:\AnabukiSchool\GC2_C++\SkyJourney\SkyJourney_Project\Project\GameProject\Stage\VolcanoStage.cpp(26,30): warning C4305: '引数': 'double' から 'float' へ切り詰めます。
C:\AnabukiSchool\GC2_C++\SkyJourney\SkyJourney_Project\Project\GameProject\Stage\VolcanoStage.cpp(26,22): warning C4305: '引数': 'double' から 'float' へ切り詰めます。
C:\AnabukiSchool\GC2_C++\SkyJourney\SkyJourney_Project\Project\GameProject\Stage\VolcanoStage.cpp(26,14): warning C4305: '引数': 'double' から 'float' へ切り詰めます。
C:\AnabukiSchool\GC2_C++\SkyJourney\SkyJourney_Project\Project\GameProject\Stage\VolcanoStage.cpp(27,31): warning C4305: '引数': 'double' から 'float' へ切り詰めます。
C:\AnabukiSchool\GC2_C++\SkyJourney\SkyJourney_Project\Project\GameProject\Stage\VolcanoStage.cpp(27,22): warning C4305: '引数': 'double' から 'float' へ切り詰めます。
C:\AnabukiSchool\GC2_C++\SkyJourney\SkyJourney_Project\Project\GameProject\Stage\VolcanoStage.cpp(27,14): warning C4305: '引数': 'double' から 'float' へ切り詰めます。
C:\AnabukiSchool\GC2_C++\SkyJourney\SkyJourney_Project\Project\GameProject\Stage\VolcanoStage.cpp(28,31): warning C4305: '引数': 'double' から 'float' へ切り詰めます。
C:\AnabukiSchool\GC2_C++\SkyJourney\SkyJourney_Project\Project\GameProject\Stage\VolcanoStage.cpp(28,22): warning C4305: '引数': 'double' から 'float' へ切り詰めます。
C:\AnabukiSchool\GC2_C++\SkyJourney\SkyJourney_Project\Project\GameProject\Stage\VolcanoStage.cpp(28,14): warning C4305: '引数': 'double' から 'float' へ切り詰めます。
C:\AnabukiSchool\GC2_C++\SkyJourney\SkyJourney_Project\Project\GameProject\Stage\VolcanoStage.cpp(29,30): warning C4305: '引数': 'double' から 'float' へ切り詰めます。
C:\AnabukiSchool\GC2_C++\SkyJourney\SkyJourney_Project\Project\GameProject\Stage\VolcanoStage.cpp(29,22): warning C4305: '引数': 'double' から 'float' へ切り詰めます。
C:\AnabukiSchool\GC2_C++\SkyJourney\SkyJourney_Project\Project\GameProject\Stage\VolcanoStage.cpp(29,14): warning C4305: '引数': 'double' から 'float' へ切り詰めます。
C:\AnabukiSchool\GC2_C++\SkyJourney\SkyJourney_Project\Project\GameProject\Stage\VolcanoStage.cpp(30,31): warning C4305: '引数': 'double' から 'float' へ切り詰めます。
C:\AnabukiSchool\GC2_C++\SkyJourney\SkyJourney_Project\Project\GameProject\Stage\VolcanoStage.cpp(30,23): warning C4305: '引数': 'double' から 'float' へ切り詰めます。
C:\AnabukiSchool\GC2_C++\SkyJourney\SkyJourney_Project\Project\GameProject\Stage\VolcanoStage.cpp(30,15): warning C4305: '引数': 'double' から 'float' へ切り詰めます。
C:\AnabukiSchool\GC2_C++\SkyJourney\SkyJourney_Project\Project\GameProject\Stage\VolcanoStage.cpp(34,30): warning C4305: '引数': 'double' から 'float' へ切り詰めます。
C:\AnabukiSchool\GC2_C++\SkyJourney\SkyJourney_Project\Project\GameProject\Stage\VolcanoStage.cpp(34,21): warning C4305: '引数': 'double' から 'float' へ切り詰めます。
C:\AnabukiSchool\GC2_C++\SkyJourney\SkyJourney_Project\Project\GameProject\Stage\VolcanoStage.cpp(34,13): warning C4305: '引数': 'double' から 'float' へ切り詰めます。
C:\AnabukiSchool\GC2_C++\SkyJourney\SkyJourney_Project\Project\GameProject\Stage\VolcanoStage.cpp(35,30): warning C4305: '引数': 'double' から 'float' へ切り詰めます。
C:\AnabukiSchool\GC2_C++\SkyJourney\SkyJourney_Project\Project\GameProject\Stage\VolcanoStage.cpp(35,21): warning C4305: '引数': 'double' から 'float' へ切り詰めます。
C:\AnabukiSchool\GC2_C++\SkyJourney\SkyJourney_Project\Project\GameProject\Stage\VolcanoStage.cpp(35,13): warning C4305: '引数': 'double' から 'float' へ切り詰めます。
C:\AnabukiSchool\GC2_C++\SkyJourney\SkyJourney_Project\Project\GameProject\Stage\VolcanoStage.cpp(36,30): warning C4305: '引数': 'double' から 'float' へ切り詰めます。
C:\AnabukiSchool\GC2_C++\SkyJourney\SkyJourney_Project\Project\GameProject\Stage\VolcanoStage.cpp(36,21): warning C4305: '引数': 'double' から 'float' へ切り詰めます。
C:\AnabukiSchool\GC2_C++\SkyJourney\SkyJourney_Project\Project\GameProject\Stage\VolcanoStage.cpp(37,30): warning C4305: '引数': 'double' から 'float' へ切り詰めます。
C:\AnabukiSchool\GC2_C++\SkyJourney\SkyJourney_Project\Project\GameProject\Stage\VolcanoStage.cpp(37,21): warning C4305: '引数': 'double' から 'float' へ切り詰めます。
C:\AnabukiSchool\GC2_C++\SkyJourney\SkyJourney_Project\Project\GameProject\Stage\VolcanoStage.cpp(37,14): warning C4305: '引数': 'double' から 'float' へ切り詰めます。
C:\AnabukiSchool\GC2_C++\SkyJourney\SkyJourney_Project\Project\GameProject\Stage\VolcanoStage.cpp(38,30): warning C4305: '引数': 'double' から 'float' へ切り詰めます。
C:\AnabukiSchool\GC2_C++\SkyJourney\SkyJourney_Project\Project\GameProject\Stage\VolcanoStage.cpp(38,21): warning C4305: '引数': 'double' から 'float' へ切り詰めます。
C:\AnabukiSchool\GC2_C++\SkyJourney\SkyJourney_Project\Project\GameProject\Stage\VolcanoStage.cpp(38,14): warning C4305: '引数': 'double' から 'float' へ切り詰めます。
C:\AnabukiSchool\GC2_C++\SkyJourney\SkyJourney_Project\Project\GameProject\Stage\VolcanoStage.cpp(39,31): warning C4305: '引数': 'double' から 'float' へ切り詰めます。
C:\AnabukiSchool\GC2_C++\SkyJourney\SkyJourney_Project\Project\GameProject\Stage\VolcanoStage.cpp(39,22): warning C4305: '引数': 'double' から 'float' へ切り詰めます。
C:\AnabukiSchool\GC2_C++\SkyJourney\SkyJourney_Project\Project\GameProject\Stage\VolcanoStage.cpp(39,14): warning C4305: '引数': 'double' から 'float' へ切り詰めます。
C:\AnabukiSchool\GC2_C++\SkyJourney\SkyJourney_Project\Project\GameProject\Stage\VolcanoStage.cpp(40,30): warning C4305: '引数': 'double' から 'float' へ切り詰めます。
C:\AnabukiSchool\GC2_C++\SkyJourney\SkyJourney_Project\Project\GameProject\Stage\VolcanoStage.cpp(40,21): warning C4305: '引数': 'double' から 'float' へ切り詰めます。
C:\AnabukiSchool\GC2_C++\SkyJourney\SkyJourney_Project\Project\GameProject\Stage\VolcanoStage.cpp(40,14): warning C4305: '引数': 'double' から 'float' へ切り詰めます。
C:\AnabukiSchool\GC2_C++\SkyJourney\SkyJourney_Project\Project\GameProject\Stage\VolcanoStage.cpp(41,31): warning C4305: '引数': 'double' から 'float' へ切り詰めます。
C:\AnabukiSchool\GC2_C++\SkyJourney\SkyJourney_Project\Project\GameProject\Stage\VolcanoStage.cpp(41,22): warning C4305: '引数': 'double' から 'float' へ切り詰めます。
C:\AnabukiSchool\GC2_C++\SkyJourney\SkyJourney_Project\Project\GameProject\Stage\VolcanoStage.cpp(41,14): warning C4305: '引数': 'double' から 'float' へ切り詰めます。
C:\AnabukiSchool\GC2_C++\SkyJourney\SkyJourney_Project\Project\GameProject\Stage\VolcanoStage.cpp(42,30): warning C4305: '引数': 'double' から 'float' へ切り詰めます。
C:\AnabukiSchool\GC2_C++\SkyJourney\SkyJourney_Project\Project\GameProject\Stage\VolcanoStage.cpp(42,22): warning C4305: '引数': 'double' から 'float' へ切り詰めます。
C:\AnabukiSchool\GC2_C++\SkyJourney\SkyJourney_Project\Project\GameProject\Stage\VolcanoStage.cpp(42,14): warning C4305: '引数': 'double' から 'float' へ切り詰めます。
C:\AnabukiSchool\GC2_C++\SkyJourney\SkyJourney_Project\Project\GameProject\Stage\VolcanoStage.cpp(43,30): warning C4305: '引数': 'double' から 'float' へ切り詰めます。
C:\AnabukiSchool\GC2_C++\SkyJourney\SkyJourney_Project\Project\GameProject\Stage\VolcanoStage.cpp(43,22): warning C4305: '引数': 'double' から 'float' へ切り詰めます。
C:\AnabukiSchool\GC2_C++\SkyJourney\SkyJourney_Project\Project\GameProject\Stage\VolcanoStage.cpp(43,14): warning C4305: '引数': 'double' から 'float' へ切り詰めます。
C:\AnabukiSchool\GC2_C++\SkyJourney\SkyJourney_Project\Project\GameProject\Stage\VolcanoStage.cpp(44,29): warning C4305: '引数': 'double' から 'float' へ切り詰めます。
C:\AnabukiSchool\GC2_C++\SkyJourney\SkyJourney_Project\Project\GameProject\Stage\VolcanoStage.cpp(44,21): warning C4305: '引数': 'double' から 'float' へ切り詰めます。
C:\AnabukiSchool\GC2_C++\SkyJourney\SkyJourney_Project\Project\GameProject\Stage\VolcanoStage.cpp(44,14): warning C4305: '引数': 'double' から 'float' へ切り詰めます。
C:\AnabukiSchool\GC2_C++\SkyJourney\SkyJourney_Project\Project\GameProject\Stage\VolcanoStage.cpp(45,29): warning C4305: '引数': 'double' から 'float' へ切り詰めます。
C:\AnabukiSchool\GC2_C++\SkyJourney\SkyJourney_Project\Project\GameProject\Stage\VolcanoStage.cpp(45,21): warning C4305: '引数': 'double' から 'float' へ切り詰めます。
C:\AnabukiSchool\GC2_C++\SkyJourney\SkyJourney_Project\Project\GameProject\Stage\VolcanoStage.cpp(45,14): warning C4305: '引数': 'double' から 'float' へ切り詰めます。
C:\AnabukiSchool\GC2_C++\SkyJourney\SkyJourney_Project\Project\GameProject\Stage\VolcanoStage.cpp(46,30): warning C4305: '引数': 'double' から 'float' へ切り詰めます。
C:\AnabukiSchool\GC2_C++\SkyJourney\SkyJourney_Project\Project\GameProject\Stage\VolcanoStage.cpp(46,22): warning C4305: '引数': 'double' から 'float' へ切り詰めます。
C:\AnabukiSchool\GC2_C++\SkyJourney\SkyJourney_Project\Project\GameProject\Stage\VolcanoStage.cpp(46,14): warning C4305: '引数': 'double' から 'float' へ切り詰めます。
C:\AnabukiSchool\GC2_C++\SkyJourney\SkyJourney_Project\Project\GameProject\Stage\VolcanoStage.cpp(47,28): warning C4305: '引数': 'double' から 'float' へ切り詰めます。
C:\AnabukiSchool\GC2_C++\SkyJourney\SkyJourney_Project\Project\GameProject\Stage\VolcanoStage.cpp(47,20): warning C4305: '引数': 'double' から 'float' へ切り詰めます。
C:\AnabukiSchool\GC2_C++\SkyJourney\SkyJourney_Project\Project\GameProject\Stage\VolcanoStage.cpp(47,13): warning C4305: '引数': 'double' から 'float' へ切り詰めます。
C:\AnabukiSchool\GC2_C++\SkyJourney\SkyJourney_Project\Project\GameProject\Stage\VolcanoStage.cpp(48,29): warning C4305: '引数': 'double' から 'float' へ切り詰めます。
C:\AnabukiSchool\GC2_C++\SkyJourney\SkyJourney_Project\Project\GameProject\Stage\VolcanoStage.cpp(48,21): warning C4305: '引数': 'double' から 'float' へ切り詰めます。
C:\AnabukiSchool\GC2_C++\SkyJourney\SkyJourney_Project\Project\GameProject\Stage\VolcanoStage.cpp(48,13): warning C4305: '引数': 'double' から 'float' へ切り詰めます。
C:\AnabukiSchool\GC2_C++\SkyJourney\SkyJourney_Project\Project\GameProject\Stage\VolcanoStage.cpp(49,28): warning C4305: '引数': 'double' から 'float' へ切り詰めます。
C:\AnabukiSchool\GC2_C++\SkyJourney\SkyJourney_Project\Project\GameProject\Stage\VolcanoStage.cpp(49,20): warning C4305: '引数': 'double' から 'float' へ切り詰めます。
C:\AnabukiSchool\GC2_C++\SkyJourney\SkyJourney_Project\Project\GameProject\Stage\VolcanoStage.cpp(49,13): warning C4305: '引数': 'double' から 'float' へ切り詰めます。
C:\AnabukiSchool\GC2_C++\SkyJourney\SkyJourney_Project\Project\GameProject\Stage\VolcanoStage.cpp(50,29): warning C4305: '引数': 'double' から 'float' へ切り詰めます。
C:\AnabukiSchool\GC2_C++\SkyJourney\SkyJourney_Project\Project\GameProject\Stage\VolcanoStage.cpp(50,21): warning C4305: '引数': 'double' から 'float' へ切り詰めます。
C:\AnabukiSchool\GC2_C++\SkyJourney\SkyJourney_Project\Project\GameProject\Stage\VolcanoStage.cpp(50,13): warning C4305: '引数': 'double' から 'float' へ切り詰めます。
C:\AnabukiSchool\GC2_C++\SkyJourney\SkyJourney_Project\Project\GameProject\Stage\VolcanoStage.cpp(51,30): warning C4305: '引数': 'double' から 'float' へ切り詰めます。
C:\AnabukiSchool\GC2_C++\SkyJourney\SkyJourney_Project\Project\GameProject\Stage\VolcanoStage.cpp(51,21): warning C4305: '引数': 'double' から 'float' へ切り詰めます。
C:\AnabukiSchool\GC2_C++\SkyJourney\SkyJourney_Project\Project\GameProject\Stage\VolcanoStage.cpp(51,13): warning C4305: '引数': 'double' から 'float' へ切り詰めます。
  Effect.cpp
C:\AnabukiSchool\GC2_C++\SkyJourney\SkyJourney_Project\Project\GameProject\Character\Player.h(18,55): warning C4305: '引数': 'double' から 'float' へ切り詰めます。
C:\AnabukiSchool\GC2_C++\SkyJourney\SkyJourney_Project\Project\GameProject\Character\Player.h(18,45): warning C4305: '引数': 'double' から 'float' へ切り詰めます。
C:\AnabukiSchool\GC2_C++\SkyJourney\SkyJourney_Project\Project\GameProject\Character\Player.h(18,36): warning C4305: '引数': 'double' から 'float' へ切り詰めます。
C:\AnabukiSchool\GC2_C++\SkyJourney\SkyJourney_Project\Project\GameProject\Character\Player.h(19,50): warning C4305: '引数': 'double' から 'float' へ切り詰めます。
C:\AnabukiSchool\GC2_C++\SkyJourney\SkyJourney_Project\Project\GameProject\Character\Player.h(19,41): warning C4305: '引数': 'double' から 'float' へ切り詰めます。
C:\AnabukiSchool\GC2_C++\SkyJourney\SkyJourney_Project\Project\GameProject\Character\Player.h(19,32): warning C4305: '引数': 'double' から 'float' へ切り詰めます。
C:\AnabukiSchool\GC2_C++\SkyJourney\SkyJourney_Project\Project\GameProject\Character\Whale.h(15,21): warning C4305: '初期化中': 'double' から 'float' へ切り詰めます。
  UI.cpp
C:\AnabukiSchool\GC2_C++\SkyJourney\SkyJourney_Project\Project\GameProject\Character\Player.h(18,55): warning C4305: '引数': 'double' から 'float' へ切り詰めます。
C:\AnabukiSchool\GC2_C++\SkyJourney\SkyJourney_Project\Project\GameProject\Character\Player.h(18,45): warning C4305: '引数': 'double' から 'float' へ切り詰めます。
C:\AnabukiSchool\GC2_C++\SkyJourney\SkyJourney_Project\Project\GameProject\Character\Player.h(18,36): warning C4305: '引数': 'double' から 'float' へ切り詰めます。
C:\AnabukiSchool\GC2_C++\SkyJourney\SkyJourney_Project\Project\GameProject\Character\Player.h(19,50): warning C4305: '引数': 'double' から 'float' へ切り詰めます。
C:\AnabukiSchool\GC2_C++\SkyJourney\SkyJourney_Project\Project\GameProject\Character\Player.h(19,41): warning C4305: '引数': 'double' から 'float' へ切り詰めます。
C:\AnabukiSchool\GC2_C++\SkyJourney\SkyJourney_Project\Project\GameProject\Character\Player.h(19,32): warning C4305: '引数': 'double' から 'float' へ切り詰めます。
C:\AnabukiSchool\GC2_C++\SkyJourney\SkyJourney_Project\Project\GameProject\Character\Whale.h(15,21): warning C4305: '初期化中': 'double' から 'float' へ切り詰めます。
C:\AnabukiSchool\GC2_C++\SkyJourney\SkyJourney_Project\Project\GameProject\System\UI.cpp(25,13): warning C4244: '初期化中': 'int' から 'float' への変換です。データが失われる可能性があります。
C:\AnabukiSchool\GC2_C++\SkyJourney\SkyJourney_Project\Project\GameProject\System\UI.cpp(31,43): warning C4244: '=': 'float' から 'int' への変換です。データが失われる可能性があります。
C:\AnabukiSchool\GC2_C++\SkyJourney\SkyJourney_Project\Project\GameProject\System\UI.cpp(33,43): warning C4244: '=': 'float' から 'int' への変換です。データが失われる可能性があります。
C:\AnabukiSchool\GC2_C++\SkyJourney\SkyJourney_Project\Project\GameProject\System\UI.cpp(35,43): warning C4244: '=': 'float' から 'int' への変換です。データが失われる可能性があります。
C:\AnabukiSchool\GC2_C++\SkyJourney\SkyJourney_Project\Project\GameProject\System\UI.cpp(37,43): warning C4244: '=': 'float' から 'int' への変換です。データが失われる可能性があります。
C:\AnabukiSchool\GC2_C++\SkyJourney\SkyJourney_Project\Project\GameProject\System\UI.cpp(41,43): warning C4244: '=': 'float' から 'int' への変換です。データが失われる可能性があります。
C:\AnabukiSchool\GC2_C++\SkyJourney\SkyJourney_Project\Project\GameProject\System\UI.cpp(43,43): warning C4244: '=': 'float' から 'int' への変換です。データが失われる可能性があります。
C:\AnabukiSchool\GC2_C++\SkyJourney\SkyJourney_Project\Project\GameProject\System\UI.cpp(45,43): warning C4244: '=': 'float' から 'int' への変換です。データが失われる可能性があります。
C:\AnabukiSchool\GC2_C++\SkyJourney\SkyJourney_Project\Project\GameProject\System\UI.cpp(49,43): warning C4244: '=': 'float' から 'int' への変換です。データが失われる可能性があります。
C:\AnabukiSchool\GC2_C++\SkyJourney\SkyJourney_Project\Project\GameProject\System\UI.cpp(51,43): warning C4244: '=': 'float' から 'int' への変換です。データが失われる可能性があります。
C:\AnabukiSchool\GC2_C++\SkyJourney\SkyJourney_Project\Project\GameProject\System\UI.cpp(55,30): warning C4244: '=': 'float' から 'int' への変換です。データが失われる可能性があります。
C:\AnabukiSchool\GC2_C++\SkyJourney\SkyJourney_Project\Project\GameProject\System\UI.cpp(59,43): warning C4244: '=': 'float' から 'int' への変換です。データが失われる可能性があります。
C:\AnabukiSchool\GC2_C++\SkyJourney\SkyJourney_Project\Project\GameProject\System\UI.cpp(61,43): warning C4244: '=': 'float' から 'int' への変換です。データが失われる可能性があります。
C:\AnabukiSchool\GC2_C++\SkyJourney\SkyJourney_Project\Project\GameProject\System\UI.cpp(63,43): warning C4244: '=': 'float' から 'int' への変換です。データが失われる可能性があります。
C:\AnabukiSchool\GC2_C++\SkyJourney\SkyJourney_Project\Project\GameProject\System\UI.cpp(65,43): warning C4244: '=': 'float' から 'int' への変換です。データが失われる可能性があります。
C:\AnabukiSchool\GC2_C++\SkyJourney\SkyJourney_Project\Project\GameProject\System\UI.cpp(69,43): warning C4244: '=': 'float' から 'int' への変換です。データが失われる可能性があります。
C:\AnabukiSchool\GC2_C++\SkyJourney\SkyJourney_Project\Project\GameProject\System\UI.cpp(71,43): warning C4244: '=': 'float' から 'int' への変換です。データが失われる可能性があります。
C:\AnabukiSchool\GC2_C++\SkyJourney\SkyJourney_Project\Project\GameProject\System\UI.cpp(73,43): warning C4244: '=': 'float' から 'int' への変換です。データが失われる可能性があります。
C:\AnabukiSchool\GC2_C++\SkyJourney\SkyJourney_Project\Project\GameProject\System\UI.cpp(77,43): warning C4244: '=': 'float' から 'int' への変換です。データが失われる可能性があります。
C:\AnabukiSchool\GC2_C++\SkyJourney\SkyJourney_Project\Project\GameProject\System\UI.cpp(79,43): warning C4244: '=': 'float' から 'int' への変換です。データが失われる可能性があります。
C:\AnabukiSchool\GC2_C++\SkyJourney\SkyJourney_Project\Project\GameProject\System\UI.cpp(90,18): warning C4244: '初期化中': 'int' から 'float' への変換です。データが失われる可能性があります。
C:\AnabukiSchool\GC2_C++\SkyJourney\SkyJourney_Project\Project\GameProject\System\UI.cpp(91,18): warning C4244: '初期化中': 'int' から 'float' への変換です。データが失われる可能性があります。
C:\AnabukiSchool\GC2_C++\SkyJourney\SkyJourney_Project\Project\GameProject\System\UI.cpp(94,17): warning C4244: '引数': 'int' から 'float' への変換です。データが失われる可能性があります。
C:\AnabukiSchool\GC2_C++\SkyJourney\SkyJourney_Project\Project\GameProject\System\UI.cpp(108,20): warning C4244: '初期化中': 'float' から 'int' への変換です。データが失われる可能性があります。
C:\AnabukiSchool\GC2_C++\SkyJourney\SkyJourney_Project\Project\GameProject\System\UI.cpp(109,20): warning C4244: '初期化中': 'float' から 'int' への変換です。データが失われる可能性があります。
C:\AnabukiSchool\GC2_C++\SkyJourney\SkyJourney_Project\Project\GameProject\System\UI.cpp(111,18): warning C4244: '引数': 'int' から 'float' への変換です。データが失われる可能性があります。
C:\AnabukiSchool\GC2_C++\SkyJourney\SkyJourney_Project\Project\GameProject\System\UI.cpp(128,20): warning C4244: '初期化中': 'float' から 'int' への変換です。データが失われる可能性があります。
C:\AnabukiSchool\GC2_C++\SkyJourney\SkyJourney_Project\Project\GameProject\System\UI.cpp(129,20): warning C4244: '初期化中': 'float' から 'int' への変換です。データが失われる可能性があります。
C:\AnabukiSchool\GC2_C++\SkyJourney\SkyJourney_Project\Project\GameProject\System\UI.cpp(131,18): warning C4244: '引数': 'int' から 'float' への変換です。データが失われる可能性があります。
C:\AnabukiSchool\GC2_C++\SkyJourney\SkyJourney_Project\Project\GameProject\System\UI.cpp(134,58): warning C4244: '引数': 'int' から 'const float' への変換です。データが失われる可能性があります。
C:\AnabukiSchool\GC2_C++\SkyJourney\SkyJourney_Project\Project\GameProject\System\UI.cpp(134,91): warning C4244: '引数': 'int' から 'const float' への変換です。データが失われる可能性があります。
C:\AnabukiSchool\GC2_C++\SkyJourney\SkyJourney_Project\Project\GameProject\System\UI.cpp(144,30): warning C4305: '引数': 'double' から 'float' へ切り詰めます。
C:\AnabukiSchool\GC2_C++\SkyJourney\SkyJourney_Project\Project\GameProject\System\UI.cpp(144,22): warning C4305: '引数': 'double' から 'float' へ切り詰めます。
C:\AnabukiSchool\GC2_C++\SkyJourney\SkyJourney_Project\Project\GameProject\System\UI.cpp(144,14): warning C4305: '引数': 'double' から 'float' へ切り詰めます。
C:\AnabukiSchool\GC2_C++\SkyJourney\SkyJourney_Project\Project\GameProject\System\UI.cpp(145,31): warning C4305: '引数': 'double' から 'float' へ切り詰めます。
C:\AnabukiSchool\GC2_C++\SkyJourney\SkyJourney_Project\Project\GameProject\System\UI.cpp(145,22): warning C4305: '引数': 'double' から 'float' へ切り詰めます。
C:\AnabukiSchool\GC2_C++\SkyJourney\SkyJourney_Project\Project\GameProject\System\UI.cpp(145,14): warning C4305: '引数': 'double' から 'float' へ切り詰めます。
C:\AnabukiSchool\GC2_C++\SkyJourney\SkyJourney_Project\Project\GameProject\System\UI.cpp(146,28): warning C4305: '引数': 'double' から 'float' へ切り詰めます。
C:\AnabukiSchool\GC2_C++\SkyJourney\SkyJourney_Project\Project\GameProject\System\UI.cpp(146,20): warning C4305: '引数': 'double' から 'float' へ切り詰めます。
C:\AnabukiSchool\GC2_C++\SkyJourney\SkyJourney_Project\Project\GameProject\System\UI.cpp(146,13): warning C4305: '引数': 'double' から 'float' へ切り詰めます。
  Title.cpp
C:\AnabukiSchool\GC2_C++\SkyJourney\SkyJourney_Project\Project\GameProject\Character\Player.h(18,55): warning C4305: '引数': 'double' から 'float' へ切り詰めます。
C:\AnabukiSchool\GC2_C++\SkyJourney\SkyJourney_Project\Project\GameProject\Character\Player.h(18,45): warning C4305: '引数': 'double' から 'float' へ切り詰めます。
C:\AnabukiSchool\GC2_C++\SkyJourney\SkyJourney_Project\Project\GameProject\Character\Player.h(18,36): warning C4305: '引数': 'double' から 'float' へ切り詰めます。
C:\AnabukiSchool\GC2_C++\SkyJourney\SkyJourney_Project\Project\GameProject\Character\Player.h(19,50): warning C4305: '引数': 'double' から 'float' へ切り詰めます。
C:\AnabukiSchool\GC2_C++\SkyJourney\SkyJourney_Project\Project\GameProject\Character\Player.h(19,41): warning C4305: '引数': 'double' から 'float' へ切り詰めます。
C:\AnabukiSchool\GC2_C++\SkyJourney\SkyJourney_Project\Project\GameProject\Character\Player.h(19,32): warning C4305: '引数': 'double' から 'float' へ切り詰めます。
C:\AnabukiSchool\GC2_C++\SkyJourney\SkyJourney_Project\Project\GameProject\Character\Whale.h(15,21): warning C4305: '初期化中': 'double' から 'float' へ切り詰めます。
  main.cpp
C:\AnabukiSchool\GC2_C++\SkyJourney\SkyJourney_Project\Project\GameProject\Character\Player.h(18,55): warning C4305: '引数': 'double' から 'float' へ切り詰めます。
C:\AnabukiSchool\GC2_C++\SkyJourney\SkyJourney_Project\Project\GameProject\Character\Player.h(18,45): warning C4305: '引数': 'double' から 'float' へ切り詰めます。
C:\AnabukiSchool\GC2_C++\SkyJourney\SkyJourney_Project\Project\GameProject\Character\Player.h(18,36): warning C4305: '引数': 'double' から 'float' へ切り詰めます。
C:\AnabukiSchool\GC2_C++\SkyJourney\SkyJourney_Project\Project\GameProject\Character\Player.h(19,50): warning C4305: '引数': 'double' から 'float' へ切り詰めます。
C:\AnabukiSchool\GC2_C++\SkyJourney\SkyJourney_Project\Project\GameProject\Character\Player.h(19,41): warning C4305: '引数': 'double' から 'float' へ切り詰めます。
C:\AnabukiSchool\GC2_C++\SkyJourney\SkyJourney_Project\Project\GameProject\Character\Player.h(19,32): warning C4305: '引数': 'double' から 'float' へ切り詰めます。
C:\AnabukiSchool\GC2_C++\SkyJourney\SkyJourney_Project\Project\GameProject\Character\Whale.h(15,21): warning C4305: '初期化中': 'double' から 'float' へ切り詰めます。
C:\AnabukiSchool\GC2_C++\SkyJourney\SkyJourney_Project\Project\GameProject\main.cpp(148,42): warning C4244: '引数': 'int' から 'float' への変換です。データが失われる可能性があります。
C:\AnabukiSchool\GC2_C++\SkyJourney\SkyJourney_Project\Project\GameProject\main.cpp(148,39): warning C4244: '引数': 'int' から 'float' への変換です。データが失われる可能性があります。
  コードを生成中...
C:\AnabukiSchool\GC2_C++\SkyJourney\SkyJourney_Project\Project\GameProject\Title\Title.cpp : fatal  error C1090: PDB API の呼び出しに失敗しました。エラー コード '3': C:\AnabukiSchool\GC2_C++\SkyJourney\SkyJourney_Project\Project\Debug\vc143.pdb
