Using pre-set license
Built from '2021.3/staging' branch; Version is '2021.3.22f1 (b6c551784ba3) revision 11978065'; Using compiler version '192829333'; Build Type 'Release'
OS: 'Windows 11  (10.0.22621) 64bit Professional' Language: 'ja' Physical Memory: 65357 MB
BatchMode: 1, IsHumanControllingUs: 0, StartBugReporterOnCrash: 0, Is64bit: 1, IsPro: 1

COMMAND LINE ARGUMENTS:
C:\Program Files\Unity\Hub\Editor\2021.3.22f1\Editor\Unity.exe
-adb2
-batchMode
-noUpm
-name
AssetImportWorker0
-projectPath
C:/AnabukiSchool/GC2_C++/SkyJourney/Unity/SkyJourney_Map
-logFile
Logs/AssetImportWorker0.log
-srvPort
51316
Successfully changed project path to: C:/AnabukiSchool/GC2_C++/SkyJourney/Unity/SkyJourney_Map
C:/AnabukiSchool/GC2_C++/SkyJourney/Unity/SkyJourney_Map
[UnityMemory] Configuration Parameters - Can be set up in boot.config
    "memorysetup-bucket-allocator-granularity=16"
    "memorysetup-bucket-allocator-bucket-count=8"
    "memorysetup-bucket-allocator-block-size=33554432"
    "memorysetup-bucket-allocator-block-count=8"
    "memorysetup-main-allocator-block-size=16777216"
    "memorysetup-thread-allocator-block-size=16777216"
    "memorysetup-gfx-main-allocator-block-size=16777216"
    "memorysetup-gfx-thread-allocator-block-size=16777216"
    "memorysetup-cache-allocator-block-size=4194304"
    "memorysetup-typetree-allocator-block-size=2097152"
    "memorysetup-profiler-bucket-allocator-granularity=16"
    "memorysetup-profiler-bucket-allocator-bucket-count=8"
    "memorysetup-profiler-bucket-allocator-block-size=33554432"
    "memorysetup-profiler-bucket-allocator-block-count=8"
    "memorysetup-profiler-allocator-block-size=16777216"
    "memorysetup-profiler-editor-allocator-block-size=1048576"
    "memorysetup-temp-allocator-size-main=16777216"
    "memorysetup-job-temp-allocator-block-size=2097152"
    "memorysetup-job-temp-allocator-block-size-background=1048576"
    "memorysetup-job-temp-allocator-reduction-small-platforms=262144"
    "memorysetup-temp-allocator-size-background-worker=32768"
    "memorysetup-temp-allocator-size-job-worker=262144"
    "memorysetup-temp-allocator-size-preload-manager=33554432"
    "memorysetup-temp-allocator-size-nav-mesh-worker=65536"
    "memorysetup-temp-allocator-size-audio-worker=65536"
    "memorysetup-temp-allocator-size-cloud-worker=32768"
    "memorysetup-temp-allocator-size-gi-baking-worker=262144"
    "memorysetup-temp-allocator-size-gfx=262144"
Player connection [36604] Host "[IP] 192.168.1.62 [Port] 0 [Flags] 2 [Guid] 504420929 [EditorId] 504420929 [Version] 1048832 [Id] WindowsEditor(7,HoneyCookie) [Debug] 1 [PackageName] WindowsEditor [ProjectName] Editor" joined multi-casting on [225.0.0.222:54997]...

Player connection [36604] Host "[IP] 192.168.1.62 [Port] 0 [Flags] 2 [Guid] 504420929 [EditorId] 504420929 [Version] 1048832 [Id] WindowsEditor(7,HoneyCookie) [Debug] 1 [PackageName] WindowsEditor [ProjectName] Editor" joined alternative multi-casting on [225.0.0.222:34997]...

Refreshing native plugins compatible for Editor in 129.93 ms, found 3 plugins.
Preloading 0 native plugins for Editor in 0.00 ms.
Initialize engine version: 2021.3.22f1 (b6c551784ba3)
[Subsystems] Discovering subsystems at path C:/Program Files/Unity/Hub/Editor/2021.3.22f1/Editor/Data/Resources/UnitySubsystems
[Subsystems] Discovering subsystems at path C:/AnabukiSchool/GC2_C++/SkyJourney/Unity/SkyJourney_Map/Assets
GfxDevice: creating device client; threaded=0; jobified=0
Direct3D:
    Version:  Direct3D 11.0 [level 11.1]
    Renderer: NVIDIA GeForce RTX 3050 Laptop GPU (ID=0x25a2)
    Vendor:   NVIDIA
    VRAM:     3977 MB
    Driver:   31.0.15.3742
Initialize mono
Mono path[0] = 'C:/Program Files/Unity/Hub/Editor/2021.3.22f1/Editor/Data/Managed'
Mono path[1] = 'C:/Program Files/Unity/Hub/Editor/2021.3.22f1/Editor/Data/MonoBleedingEdge/lib/mono/unityjit-win32'
Mono config path = 'C:/Program Files/Unity/Hub/Editor/2021.3.22f1/Editor/Data/MonoBleedingEdge/etc'
Using monoOptions --debugger-agent=transport=dt_socket,embedding=1,server=y,suspend=n,address=127.0.0.1:56732
Begin MonoManager ReloadAssembly
Registering precompiled unity dll's ...
Register platform support module: C:/Program Files/Unity/Hub/Editor/2021.3.22f1/Editor/Data/PlaybackEngines/WebGLSupport/UnityEditor.WebGL.Extensions.dll
Register platform support module: C:/Program Files/Unity/Hub/Editor/2021.3.22f1/Editor/Data/PlaybackEngines/AndroidPlayer/UnityEditor.Android.Extensions.dll
Register platform support module: C:/Program Files/Unity/Hub/Editor/2021.3.22f1/Editor/Data/PlaybackEngines/WindowsStandaloneSupport/UnityEditor.WindowsStandalone.Extensions.dll
Register platform support module: C:/Program Files/Unity/Hub/Editor/2021.3.22f1/Editor/Data/PlaybackEngines/MetroSupport/UnityEditor.UWP.Extensions.dll
Registered in 0.041697 seconds.
Native extension for UWP target not found
Native extension for WindowsStandalone target not found
Native extension for Android target not found
Android Extension - Scanning For ADB Devices 395 ms
Native extension for WebGL target not found
Refreshing native plugins compatible for Editor in 120.00 ms, found 3 plugins.
Preloading 0 native plugins for Editor in 0.00 ms.
Mono: successfully reloaded assembly
- Completed reload, in  1.477 seconds
Domain Reload Profiling:
	ReloadAssembly (1478ms)
		BeginReloadAssembly (182ms)
			ExecutionOrderSort (0ms)
			DisableScriptedObjects (0ms)
			BackupInstance (0ms)
			ReleaseScriptingObjects (0ms)
			CreateAndSetChildDomain (1ms)
		EndReloadAssembly (1099ms)
			LoadAssemblies (176ms)
			RebuildTransferFunctionScriptingTraits (0ms)
			SetupTypeCache (161ms)
			ReleaseScriptCaches (0ms)
			RebuildScriptCaches (34ms)
			SetupLoadedEditorAssemblies (829ms)
				LogAssemblyErrors (0ms)
				InitializePlatformSupportModulesInManaged (504ms)
				SetLoadedEditorAssemblies (0ms)
				RefreshPlugins (120ms)
				BeforeProcessingInitializeOnLoad (2ms)
				ProcessInitializeOnLoadAttributes (146ms)
				ProcessInitializeOnLoadMethodAttributes (57ms)
				AfterProcessingInitializeOnLoad (0ms)
				EditorAssembliesLoaded (0ms)
			ExecutionOrderSort2 (0ms)
			AwakeInstancesAfterBackupRestoration (0ms)
Platform modules already initialized, skipping
Registering precompiled user dll's ...
Registered in 0.010967 seconds.
Begin MonoManager ReloadAssembly
Symbol file LoadedFromMemory doesn't match image C:\AnabukiSchool\GC2_C++\SkyJourney\Unity\SkyJourney_Map\Library\PackageCache\com.unity.visualscripting@1.8.0\Editor\VisualScripting.Core\Dependencies\YamlDotNet\Unity.VisualScripting.YamlDotNet.dll
Symbol file LoadedFromMemory doesn't match image C:\AnabukiSchool\GC2_C++\SkyJourney\Unity\SkyJourney_Map\Library\PackageCache\com.unity.visualscripting@1.8.0\Editor\VisualScripting.Core\Dependencies\DotNetZip\Unity.VisualScripting.IonicZip.dll
Native extension for UWP target not found
Native extension for WindowsStandalone target not found
Native extension for Android target not found
Native extension for WebGL target not found
Refreshing native plugins compatible for Editor in 0.48 ms, found 3 plugins.
Preloading 0 native plugins for Editor in 0.00 ms.
Mono: successfully reloaded assembly
- Completed reload, in  1.332 seconds
Domain Reload Profiling:
	ReloadAssembly (1333ms)
		BeginReloadAssembly (186ms)
			ExecutionOrderSort (0ms)
			DisableScriptedObjects (7ms)
			BackupInstance (0ms)
			ReleaseScriptingObjects (0ms)
			CreateAndSetChildDomain (25ms)
		EndReloadAssembly (997ms)
			LoadAssemblies (156ms)
			RebuildTransferFunctionScriptingTraits (0ms)
			SetupTypeCache (324ms)
			ReleaseScriptCaches (1ms)
			RebuildScriptCaches (63ms)
			SetupLoadedEditorAssemblies (446ms)
				LogAssemblyErrors (0ms)
				InitializePlatformSupportModulesInManaged (33ms)
				SetLoadedEditorAssemblies (0ms)
				RefreshPlugins (1ms)
				BeforeProcessingInitializeOnLoad (118ms)
				ProcessInitializeOnLoadAttributes (250ms)
				ProcessInitializeOnLoadMethodAttributes (20ms)
				AfterProcessingInitializeOnLoad (24ms)
				EditorAssembliesLoaded (0ms)
			ExecutionOrderSort2 (0ms)
			AwakeInstancesAfterBackupRestoration (6ms)
Platform modules already initialized, skipping
========================================================================
Worker process is ready to serve import requests
Launched and connected shader compiler UnityShaderCompiler.exe after 0.05 seconds
Refreshing native plugins compatible for Editor in 0.54 ms, found 3 plugins.
Preloading 0 native plugins for Editor in 0.00 ms.
Unloading 3048 Unused Serialized files (Serialized files now loaded: 0)
Unloading 24 unused Assets / (113.3 KB). Loaded Objects now: 3510.
Memory consumption went from 107.7 MB to 107.6 MB.
Total: 3.292700 ms (FindLiveObjects: 0.337000 ms CreateObjectMapping: 0.312500 ms MarkObjects: 2.508700 ms  DeleteObjects: 0.132900 ms)

AssetImportParameters requested are different than current active one (requested -> active):
  custom:video-decoder-ogg-theora: a1e56fd34408186e4bbccfd4996cb3dc -> 
  custom:container-muxer-webm: aa71ff27fc2769a1b78a27578f13a17b -> 
  custom:container-demuxer-webm: 4f35f7cbe854078d1ac9338744f61a02 -> 
  custom:video-encoder-webm-vp8: eb34c28f22e8b96e1ab97ce403110664 -> 
  custom:audio-encoder-webm-vorbis: bf7c407c2cedff20999df2af8eb42d56 -> 
  custom:framework-win-MediaFoundation: 216162199b28c13a410421893ffa2e32 -> 
  custom:container-demuxer-ogg: 62fdf1f143b41e24485cea50d1cbac27 -> 
  custom:video-decoder-webm-vp8: 9c59270c3fd7afecdb556c50c9e8de78 -> 
  custom:audio-decoder-ogg-vorbis: bf7c407c2cedff20999df2af8eb42d56 -> 
========================================================================
Received Import Request.
  Time since last request: 184471.370431 seconds.
  path: Assets/くじらのぬいぐるみ/Texture/kujira_tex_blue/kujira_tex_ku.jpg
  artifactKey: Guid(e5ae6338d19b7de40b622d84db6c5e5e) Importer(815301076,1909f56bfc062723c751e8b465ee728b)
Start importing Assets/くじらのぬいぐるみ/Texture/kujira_tex_blue/kujira_tex_ku.jpg using Guid(e5ae6338d19b7de40b622d84db6c5e5e) Importer(815301076,1909f56bfc062723c751e8b465ee728b)  -> (artifact id: '303a3e300182cd44baf6950a3646002e') in 0.082734 seconds 
========================================================================
Received Import Request.
  Time since last request: 16.390805 seconds.
  path: Assets/くじらのぬいぐるみ/くじら青.prefab
  artifactKey: Guid(17e5921c6feb36e4d9611d98632f9005) Importer(815301076,1909f56bfc062723c751e8b465ee728b)
Start importing Assets/くじらのぬいぐるみ/くじら青.prefab using Guid(17e5921c6feb36e4d9611d98632f9005) Importer(815301076,1909f56bfc062723c751e8b465ee728b)  -> (artifact id: 'c4c137c2e9ca15ecaa0570fdbb053d6b') in 0.071456 seconds 
========================================================================
Received Import Request.
  Time since last request: 348.708266 seconds.
  path: Assets/Ground textures pack/Dry ground/Dry ground pattern.mat
  artifactKey: Guid(d805d830c4023774cb6259aca09f431e) Importer(815301076,1909f56bfc062723c751e8b465ee728b)
Start importing Assets/Ground textures pack/Dry ground/Dry ground pattern.mat using Guid(d805d830c4023774cb6259aca09f431e) Importer(815301076,1909f56bfc062723c751e8b465ee728b)  -> (artifact id: '2f6a53ee6596f0d74f3ee45e65786943') in 0.259061 seconds 
========================================================================
Received Import Request.
  Time since last request: 6.184931 seconds.
  path: Assets/Ground textures pack/Grass & dead leafs 01/Grass & dead leafs pattern 01.mat
  artifactKey: Guid(893960384de673345a82517892b28bc7) Importer(815301076,1909f56bfc062723c751e8b465ee728b)
Start importing Assets/Ground textures pack/Grass & dead leafs 01/Grass & dead leafs pattern 01.mat using Guid(893960384de673345a82517892b28bc7) Importer(815301076,1909f56bfc062723c751e8b465ee728b)  -> (artifact id: 'f497a4535e9996180bad3d725227e34d') in 0.145347 seconds 
========================================================================
Received Import Request.
  Time since last request: 4.504242 seconds.
  path: Assets/Ground textures pack/Grass & dead leafs 02/Grass & dead leafs pattern 02.mat
  artifactKey: Guid(020b997e4fa23c74297e208cd649319c) Importer(815301076,1909f56bfc062723c751e8b465ee728b)
Start importing Assets/Ground textures pack/Grass & dead leafs 02/Grass & dead leafs pattern 02.mat using Guid(020b997e4fa23c74297e208cd649319c) Importer(815301076,1909f56bfc062723c751e8b465ee728b)  -> (artifact id: 'a086297c4fe242a5c15faa9f4490ea55') in 0.020507 seconds 
========================================================================
Received Import Request.
  Time since last request: 0.000032 seconds.
  path: Assets/Ground textures pack/Grass & dead leafs 02/preview.jpg
  artifactKey: Guid(a9151bfe4152f2748846a0fa52b216be) Importer(815301076,1909f56bfc062723c751e8b465ee728b)
Start importing Assets/Ground textures pack/Grass & dead leafs 02/preview.jpg using Guid(a9151bfe4152f2748846a0fa52b216be) Importer(815301076,1909f56bfc062723c751e8b465ee728b)  -> (artifact id: '4b6de3488c8a3aa438b13f52c87e6007') in 0.017373 seconds 
========================================================================
Received Import Request.
  Time since last request: 0.266575 seconds.
  path: Assets/Ground textures pack/Grass 01/Grass pattern 01.mat
  artifactKey: Guid(2c6f5ab601d22834883d3c7e18f8be41) Importer(815301076,1909f56bfc062723c751e8b465ee728b)
Start importing Assets/Ground textures pack/Grass 01/Grass pattern 01.mat using Guid(2c6f5ab601d22834883d3c7e18f8be41) Importer(815301076,1909f56bfc062723c751e8b465ee728b)  -> (artifact id: '52179b08facac140222240e29eabed39') in 0.018372 seconds 
========================================================================
Received Import Request.
  Time since last request: 0.000028 seconds.
  path: Assets/Ground textures pack/Grass 01/preview.jpg
  artifactKey: Guid(c70f0b4ce904a324c8c6dbe6d66251e6) Importer(815301076,1909f56bfc062723c751e8b465ee728b)
Start importing Assets/Ground textures pack/Grass 01/preview.jpg using Guid(c70f0b4ce904a324c8c6dbe6d66251e6) Importer(815301076,1909f56bfc062723c751e8b465ee728b)  -> (artifact id: '5e432052c7e1840ed9142efafbe2fce5') in 0.012660 seconds 
========================================================================
Received Import Request.
  Time since last request: 10.577878 seconds.
  path: Assets/laxer tree pkg/Ambient-Occlusion/baum ld1.prefab
  artifactKey: Guid(6b4b29e49f76c9f46b7f3594d299d8d9) Importer(815301076,1909f56bfc062723c751e8b465ee728b)
Start importing Assets/laxer tree pkg/Ambient-Occlusion/baum ld1.prefab using Guid(6b4b29e49f76c9f46b7f3594d299d8d9) Importer(815301076,1909f56bfc062723c751e8b465ee728b)  -> (artifact id: '4ca77eca57fcb91e6133ed46824a532c') in 0.179592 seconds 
========================================================================
Received Import Request.
  Time since last request: 4.533621 seconds.
  path: Assets/laxer tree pkg/Mobile/baum ld1 mobile.prefab
  artifactKey: Guid(23062208c1e1ace4d9e5270be8b68dcb) Importer(815301076,1909f56bfc062723c751e8b465ee728b)
Start importing Assets/laxer tree pkg/Mobile/baum ld1 mobile.prefab using Guid(23062208c1e1ace4d9e5270be8b68dcb) Importer(815301076,1909f56bfc062723c751e8b465ee728b)  -> (artifact id: 'd31d5816cae8edbfb52720da7627b433') in 0.113827 seconds 
========================================================================
Received Import Request.
  Time since last request: 0.000029 seconds.
  path: Assets/laxer tree pkg/Mobile/baum ld2 mobile.prefab
  artifactKey: Guid(78fdf95c4c2d7384a8957ee310d2b067) Importer(815301076,1909f56bfc062723c751e8b465ee728b)
Start importing Assets/laxer tree pkg/Mobile/baum ld2 mobile.prefab using Guid(78fdf95c4c2d7384a8957ee310d2b067) Importer(815301076,1909f56bfc062723c751e8b465ee728b)  -> (artifact id: 'e5a75051fdb739fc3caf6b713b799f50') in 0.021492 seconds 
