Using pre-set license
Built from '2021.3/staging' branch; Version is '2021.3.22f1 (b6c551784ba3) revision 11978065'; Using compiler version '192829333'; Build Type 'Release'
OS: 'Windows 11  (10.0.22621) 64bit Professional' Language: 'ja' Physical Memory: 65357 MB
BatchMode: 1, IsHumanControllingUs: 0, StartBugReporterOnCrash: 0, Is64bit: 1, IsPro: 1

COMMAND LINE ARGUMENTS:
C:\Program Files\Unity\Hub\Editor\2021.3.22f1\Editor\Unity.exe
-adb2
-batchMode
-noUpm
-name
AssetImportWorker2
-projectPath
C:/AnabukiSchool/GC2_C++/SkyJourney/Unity/SkyJourney_Map
-logFile
Logs/AssetImportWorker2.log
-srvPort
59662
Successfully changed project path to: C:/AnabukiSchool/GC2_C++/SkyJourney/Unity/SkyJourney_Map
C:/AnabukiSchool/GC2_C++/SkyJourney/Unity/SkyJourney_Map
[UnityMemory] Configuration Parameters - Can be set up in boot.config
    "memorysetup-bucket-allocator-granularity=16"
    "memorysetup-bucket-allocator-bucket-count=8"
    "memorysetup-bucket-allocator-block-size=33554432"
    "memorysetup-bucket-allocator-block-count=8"
    "memorysetup-main-allocator-block-size=16777216"
    "memorysetup-thread-allocator-block-size=16777216"
    "memorysetup-gfx-main-allocator-block-size=16777216"
    "memorysetup-gfx-thread-allocator-block-size=16777216"
    "memorysetup-cache-allocator-block-size=4194304"
    "memorysetup-typetree-allocator-block-size=2097152"
    "memorysetup-profiler-bucket-allocator-granularity=16"
    "memorysetup-profiler-bucket-allocator-bucket-count=8"
    "memorysetup-profiler-bucket-allocator-block-size=33554432"
    "memorysetup-profiler-bucket-allocator-block-count=8"
    "memorysetup-profiler-allocator-block-size=16777216"
    "memorysetup-profiler-editor-allocator-block-size=1048576"
    "memorysetup-temp-allocator-size-main=16777216"
    "memorysetup-job-temp-allocator-block-size=2097152"
    "memorysetup-job-temp-allocator-block-size-background=1048576"
    "memorysetup-job-temp-allocator-reduction-small-platforms=262144"
    "memorysetup-temp-allocator-size-background-worker=32768"
    "memorysetup-temp-allocator-size-job-worker=262144"
    "memorysetup-temp-allocator-size-preload-manager=33554432"
    "memorysetup-temp-allocator-size-nav-mesh-worker=65536"
    "memorysetup-temp-allocator-size-audio-worker=65536"
    "memorysetup-temp-allocator-size-cloud-worker=32768"
    "memorysetup-temp-allocator-size-gi-baking-worker=262144"
    "memorysetup-temp-allocator-size-gfx=262144"
Player connection [17024] Host "[IP] 192.168.1.62 [Port] 0 [Flags] 2 [Guid] 717280345 [EditorId] 717280345 [Version] 1048832 [Id] WindowsEditor(7,HoneyCookie) [Debug] 1 [PackageName] WindowsEditor [ProjectName] Editor" joined multi-casting on [225.0.0.222:54997]...

Player connection [17024] Host "[IP] 192.168.1.62 [Port] 0 [Flags] 2 [Guid] 717280345 [EditorId] 717280345 [Version] 1048832 [Id] WindowsEditor(7,HoneyCookie) [Debug] 1 [PackageName] WindowsEditor [ProjectName] Editor" joined alternative multi-casting on [225.0.0.222:34997]...

Refreshing native plugins compatible for Editor in 106.22 ms, found 3 plugins.
Preloading 0 native plugins for Editor in 0.00 ms.
Initialize engine version: 2021.3.22f1 (b6c551784ba3)
[Subsystems] Discovering subsystems at path C:/Program Files/Unity/Hub/Editor/2021.3.22f1/Editor/Data/Resources/UnitySubsystems
[Subsystems] Discovering subsystems at path C:/AnabukiSchool/GC2_C++/SkyJourney/Unity/SkyJourney_Map/Assets
GfxDevice: creating device client; threaded=0; jobified=0
Direct3D:
    Version:  Direct3D 11.0 [level 11.1]
    Renderer: NVIDIA GeForce RTX 3050 Laptop GPU (ID=0x25a2)
    Vendor:   NVIDIA
    VRAM:     3977 MB
    Driver:   31.0.15.3742
Initialize mono
Mono path[0] = 'C:/Program Files/Unity/Hub/Editor/2021.3.22f1/Editor/Data/Managed'
Mono path[1] = 'C:/Program Files/Unity/Hub/Editor/2021.3.22f1/Editor/Data/MonoBleedingEdge/lib/mono/unityjit-win32'
Mono config path = 'C:/Program Files/Unity/Hub/Editor/2021.3.22f1/Editor/Data/MonoBleedingEdge/etc'
Using monoOptions --debugger-agent=transport=dt_socket,embedding=1,server=y,suspend=n,address=127.0.0.1:56404
Begin MonoManager ReloadAssembly
Registering precompiled unity dll's ...
Register platform support module: C:/Program Files/Unity/Hub/Editor/2021.3.22f1/Editor/Data/PlaybackEngines/WebGLSupport/UnityEditor.WebGL.Extensions.dll
Register platform support module: C:/Program Files/Unity/Hub/Editor/2021.3.22f1/Editor/Data/PlaybackEngines/AndroidPlayer/UnityEditor.Android.Extensions.dll
Register platform support module: C:/Program Files/Unity/Hub/Editor/2021.3.22f1/Editor/Data/PlaybackEngines/WindowsStandaloneSupport/UnityEditor.WindowsStandalone.Extensions.dll
Register platform support module: C:/Program Files/Unity/Hub/Editor/2021.3.22f1/Editor/Data/PlaybackEngines/MetroSupport/UnityEditor.UWP.Extensions.dll
Registered in 0.032484 seconds.
Native extension for UWP target not found
Native extension for WindowsStandalone target not found
Native extension for Android target not found
Android Extension - Scanning For ADB Devices 408 ms
Native extension for WebGL target not found
Refreshing native plugins compatible for Editor in 106.29 ms, found 3 plugins.
Preloading 0 native plugins for Editor in 0.00 ms.
Mono: successfully reloaded assembly
- Completed reload, in  1.422 seconds
Domain Reload Profiling:
	ReloadAssembly (1422ms)
		BeginReloadAssembly (175ms)
			ExecutionOrderSort (0ms)
			DisableScriptedObjects (0ms)
			BackupInstance (0ms)
			ReleaseScriptingObjects (0ms)
			CreateAndSetChildDomain (1ms)
		EndReloadAssembly (1082ms)
			LoadAssemblies (167ms)
			RebuildTransferFunctionScriptingTraits (0ms)
			SetupTypeCache (166ms)
			ReleaseScriptCaches (0ms)
			RebuildScriptCaches (46ms)
			SetupLoadedEditorAssemblies (785ms)
				LogAssemblyErrors (0ms)
				InitializePlatformSupportModulesInManaged (526ms)
				SetLoadedEditorAssemblies (0ms)
				RefreshPlugins (106ms)
				BeforeProcessingInitializeOnLoad (2ms)
				ProcessInitializeOnLoadAttributes (99ms)
				ProcessInitializeOnLoadMethodAttributes (51ms)
				AfterProcessingInitializeOnLoad (0ms)
				EditorAssembliesLoaded (0ms)
			ExecutionOrderSort2 (0ms)
			AwakeInstancesAfterBackupRestoration (0ms)
Platform modules already initialized, skipping
Registering precompiled user dll's ...
Registered in 0.013907 seconds.
Begin MonoManager ReloadAssembly
Symbol file LoadedFromMemory doesn't match image C:\AnabukiSchool\GC2_C++\SkyJourney\Unity\SkyJourney_Map\Library\PackageCache\com.unity.visualscripting@1.8.0\Editor\VisualScripting.Core\Dependencies\YamlDotNet\Unity.VisualScripting.YamlDotNet.dll
Symbol file LoadedFromMemory doesn't match image C:\AnabukiSchool\GC2_C++\SkyJourney\Unity\SkyJourney_Map\Library\PackageCache\com.unity.visualscripting@1.8.0\Editor\VisualScripting.Core\Dependencies\DotNetZip\Unity.VisualScripting.IonicZip.dll
Native extension for UWP target not found
Native extension for WindowsStandalone target not found
Native extension for Android target not found
Native extension for WebGL target not found
Refreshing native plugins compatible for Editor in 0.57 ms, found 3 plugins.
Preloading 0 native plugins for Editor in 0.00 ms.
Mono: successfully reloaded assembly
- Completed reload, in  1.552 seconds
Domain Reload Profiling:
	ReloadAssembly (1553ms)
		BeginReloadAssembly (235ms)
			ExecutionOrderSort (0ms)
			DisableScriptedObjects (7ms)
			BackupInstance (0ms)
			ReleaseScriptingObjects (0ms)
			CreateAndSetChildDomain (27ms)
		EndReloadAssembly (1144ms)
			LoadAssemblies (193ms)
			RebuildTransferFunctionScriptingTraits (0ms)
			SetupTypeCache (347ms)
			ReleaseScriptCaches (1ms)
			RebuildScriptCaches (70ms)
			SetupLoadedEditorAssemblies (537ms)
				LogAssemblyErrors (0ms)
				InitializePlatformSupportModulesInManaged (41ms)
				SetLoadedEditorAssemblies (1ms)
				RefreshPlugins (1ms)
				BeforeProcessingInitializeOnLoad (153ms)
				ProcessInitializeOnLoadAttributes (287ms)
				ProcessInitializeOnLoadMethodAttributes (25ms)
				AfterProcessingInitializeOnLoad (30ms)
				EditorAssembliesLoaded (0ms)
			ExecutionOrderSort2 (0ms)
			AwakeInstancesAfterBackupRestoration (7ms)
Platform modules already initialized, skipping
========================================================================
Worker process is ready to serve import requests
Launched and connected shader compiler UnityShaderCompiler.exe after 0.07 seconds
Refreshing native plugins compatible for Editor in 0.98 ms, found 3 plugins.
Preloading 0 native plugins for Editor in 0.00 ms.
Unloading 3048 Unused Serialized files (Serialized files now loaded: 0)
Unloading 24 unused Assets / (113.3 KB). Loaded Objects now: 3510.
Memory consumption went from 107.7 MB to 107.6 MB.
Total: 4.222600 ms (FindLiveObjects: 0.305800 ms CreateObjectMapping: 0.278400 ms MarkObjects: 3.486200 ms  DeleteObjects: 0.150900 ms)

AssetImportParameters requested are different than current active one (requested -> active):
  custom:video-decoder-ogg-theora: a1e56fd34408186e4bbccfd4996cb3dc -> 
  custom:container-muxer-webm: aa71ff27fc2769a1b78a27578f13a17b -> 
  custom:container-demuxer-webm: 4f35f7cbe854078d1ac9338744f61a02 -> 
  custom:video-encoder-webm-vp8: eb34c28f22e8b96e1ab97ce403110664 -> 
  custom:audio-encoder-webm-vorbis: bf7c407c2cedff20999df2af8eb42d56 -> 
  custom:framework-win-MediaFoundation: 216162199b28c13a410421893ffa2e32 -> 
  custom:container-demuxer-ogg: 62fdf1f143b41e24485cea50d1cbac27 -> 
  custom:video-decoder-webm-vp8: 9c59270c3fd7afecdb556c50c9e8de78 -> 
  custom:audio-decoder-ogg-vorbis: bf7c407c2cedff20999df2af8eb42d56 -> 
========================================================================
Received Import Request.
  Time since last request: 90493.565891 seconds.
  path: Assets/くじらのぬいぐるみ/prefab/ボーン設定入り/クジラ橙/くじら橙.prefab
  artifactKey: Guid(505546079f4b95e4b96bb27c7e2dc81f) Importer(815301076,1909f56bfc062723c751e8b465ee728b)
Start importing Assets/くじらのぬいぐるみ/prefab/ボーン設定入り/クジラ橙/くじら橙.prefab using Guid(505546079f4b95e4b96bb27c7e2dc81f) Importer(815301076,1909f56bfc062723c751e8b465ee728b)  -> (artifact id: '6e82539eab1c3a5fee9ef164e49962cb') in 0.167691 seconds 
========================================================================
Received Import Request.
  Time since last request: 0.000023 seconds.
  path: Assets/くじらのぬいぐるみ/prefab/ボーン設定入り/クジラ赤/くじら赤くの字.prefab
  artifactKey: Guid(f5bf81be1710b0544834f8ae7cb261fe) Importer(815301076,1909f56bfc062723c751e8b465ee728b)
Start importing Assets/くじらのぬいぐるみ/prefab/ボーン設定入り/クジラ赤/くじら赤くの字.prefab using Guid(f5bf81be1710b0544834f8ae7cb261fe) Importer(815301076,1909f56bfc062723c751e8b465ee728b)  -> (artifact id: 'fd398e48947bcbbe2b81b3e99f6aed13') in 0.029714 seconds 
========================================================================
Received Import Request.
  Time since last request: 0.000028 seconds.
  path: Assets/くじらのぬいぐるみ/prefab/ボーン設定入り/クジラ紫/くじら紫すや.prefab
  artifactKey: Guid(d810ed244a5c5644fa6c6a2264845483) Importer(815301076,1909f56bfc062723c751e8b465ee728b)
Start importing Assets/くじらのぬいぐるみ/prefab/ボーン設定入り/クジラ紫/くじら紫すや.prefab using Guid(d810ed244a5c5644fa6c6a2264845483) Importer(815301076,1909f56bfc062723c751e8b465ee728b)  -> (artifact id: '1755d30b4e9370f64c27103f44f3cd24') in 0.028300 seconds 
========================================================================
Received Import Request.
  Time since last request: 0.000026 seconds.
  path: Assets/くじらのぬいぐるみ/prefab/ボーン設定入り/クジラ赤/くじら赤むっ.prefab
  artifactKey: Guid(e6c6ca50edda9a04eb5864f2b99c9ba4) Importer(815301076,1909f56bfc062723c751e8b465ee728b)
Start importing Assets/くじらのぬいぐるみ/prefab/ボーン設定入り/クジラ赤/くじら赤むっ.prefab using Guid(e6c6ca50edda9a04eb5864f2b99c9ba4) Importer(815301076,1909f56bfc062723c751e8b465ee728b)  -> (artifact id: 'e672488498b03d5d0ea20cc420b7fefd') in 0.034345 seconds 
========================================================================
Received Import Request.
  Time since last request: 0.000036 seconds.
  path: Assets/くじらのぬいぐるみ/prefab/ボーン設定入り/クジラ紫/くじら紫ぽかん.prefab
  artifactKey: Guid(4354e187f3ec25049b739147c421f743) Importer(815301076,1909f56bfc062723c751e8b465ee728b)
Start importing Assets/くじらのぬいぐるみ/prefab/ボーン設定入り/クジラ紫/くじら紫ぽかん.prefab using Guid(4354e187f3ec25049b739147c421f743) Importer(815301076,1909f56bfc062723c751e8b465ee728b)  -> (artifact id: '853250e40d1090aa2327286bf3168328') in 0.029038 seconds 
========================================================================
Received Import Request.
  Time since last request: 0.000063 seconds.
  path: Assets/くじらのぬいぐるみ/prefab/ボーン設定入り/クジラ赤/くじら赤にこ.prefab
  artifactKey: Guid(a56bf710a38e5cf4d84d11295ceff283) Importer(815301076,1909f56bfc062723c751e8b465ee728b)
Start importing Assets/くじらのぬいぐるみ/prefab/ボーン設定入り/クジラ赤/くじら赤にこ.prefab using Guid(a56bf710a38e5cf4d84d11295ceff283) Importer(815301076,1909f56bfc062723c751e8b465ee728b)  -> (artifact id: 'a39ec7c4f5403b594fb62c079d993164') in 0.031762 seconds 
========================================================================
Received Import Request.
  Time since last request: 0.000024 seconds.
  path: Assets/くじらのぬいぐるみ/prefab/ボーン設定入り/クジラ紫/くじら紫くの字.prefab
  artifactKey: Guid(a1535f1e927c2a845bba8e5e9fc47acc) Importer(815301076,1909f56bfc062723c751e8b465ee728b)
Start importing Assets/くじらのぬいぐるみ/prefab/ボーン設定入り/クジラ紫/くじら紫くの字.prefab using Guid(a1535f1e927c2a845bba8e5e9fc47acc) Importer(815301076,1909f56bfc062723c751e8b465ee728b)  -> (artifact id: 'ce751f95ab51e4f4a72413f62b7ab271') in 0.029182 seconds 
========================================================================
Received Import Request.
  Time since last request: 2.092438 seconds.
  path: Assets/くじらのぬいぐるみ/Texture/kujira_tex_blue
  artifactKey: Guid(1573923ada3d44c4cb798fec1ab8cb27) Importer(815301076,1909f56bfc062723c751e8b465ee728b)
Start importing Assets/くじらのぬいぐるみ/Texture/kujira_tex_blue using Guid(1573923ada3d44c4cb798fec1ab8cb27) Importer(815301076,1909f56bfc062723c751e8b465ee728b)  -> (artifact id: 'a4aa2a8a4fe35c6035b521694df7bdfe') in 0.009292 seconds 
========================================================================
Received Import Request.
  Time since last request: 18.478463 seconds.
  path: Assets/くじらのぬいぐるみ/Texture/kujira_tex_pink/kujira_tex_pink.jpg
  artifactKey: Guid(71883038a80b0be419234703ee090661) Importer(815301076,1909f56bfc062723c751e8b465ee728b)
Start importing Assets/くじらのぬいぐるみ/Texture/kujira_tex_pink/kujira_tex_pink.jpg using Guid(71883038a80b0be419234703ee090661) Importer(815301076,1909f56bfc062723c751e8b465ee728b)  -> (artifact id: '136a8cc56df81c61bcd12f8647b0b5fe') in 0.029492 seconds 
========================================================================
Received Import Request.
  Time since last request: 0.000017 seconds.
  path: Assets/くじらのぬいぐるみ/Texture/kujira_tex_pink/kujira_tex_pink_niko.jpg
  artifactKey: Guid(fac4656907c3c23448e0af9b02b11213) Importer(815301076,1909f56bfc062723c751e8b465ee728b)
Start importing Assets/くじらのぬいぐるみ/Texture/kujira_tex_pink/kujira_tex_pink_niko.jpg using Guid(fac4656907c3c23448e0af9b02b11213) Importer(815301076,1909f56bfc062723c751e8b465ee728b)  -> (artifact id: '144a08a20f71e23b94256b40b2e7939b') in 0.020359 seconds 
========================================================================
Received Import Request.
  Time since last request: 1.477275 seconds.
  path: Assets/くじらのぬいぐるみ/Texture/kujira_tex_yellow/kujira_tex_yellow.jpg
  artifactKey: Guid(2dac6de8c939c394ca507f3d42e6062f) Importer(815301076,1909f56bfc062723c751e8b465ee728b)
Start importing Assets/くじらのぬいぐるみ/Texture/kujira_tex_yellow/kujira_tex_yellow.jpg using Guid(2dac6de8c939c394ca507f3d42e6062f) Importer(815301076,1909f56bfc062723c751e8b465ee728b)  -> (artifact id: '64c5b2d92fdcc4d28cf2bc165cabfbaf') in 0.019669 seconds 
========================================================================
Received Import Request.
  Time since last request: 0.000020 seconds.
  path: Assets/くじらのぬいぐるみ/Texture/kujira_tex_yellow/kujira_tex_yellow_suya.jpg
  artifactKey: Guid(18a7768f05bd5514289b61c8055448f9) Importer(815301076,1909f56bfc062723c751e8b465ee728b)
Start importing Assets/くじらのぬいぐるみ/Texture/kujira_tex_yellow/kujira_tex_yellow_suya.jpg using Guid(18a7768f05bd5514289b61c8055448f9) Importer(815301076,1909f56bfc062723c751e8b465ee728b)  -> (artifact id: 'cbb9def50873e103e430e21d1bf47687') in 0.019591 seconds 
========================================================================
Received Import Request.
  Time since last request: 16.742664 seconds.
  path: Assets/くじらのぬいぐるみ/prefab/ボーン設定なし
  artifactKey: Guid(f369ec954220b68419111711da0a8938) Importer(815301076,1909f56bfc062723c751e8b465ee728b)
Start importing Assets/くじらのぬいぐるみ/prefab/ボーン設定なし using Guid(f369ec954220b68419111711da0a8938) Importer(815301076,1909f56bfc062723c751e8b465ee728b)  -> (artifact id: 'd005dcc137ca22da285e5bdea7ff6820') in 0.008202 seconds 
========================================================================
Received Import Request.
  Time since last request: 22.589537 seconds.
  path: Assets/くじらのぬいぐるみ/くじらボーン設定あり.prefab
  artifactKey: Guid(acfbf476396a13743a31719b4614d526) Importer(815301076,1909f56bfc062723c751e8b465ee728b)
Start importing Assets/くじらのぬいぐるみ/くじらボーン設定あり.prefab using Guid(acfbf476396a13743a31719b4614d526) Importer(815301076,1909f56bfc062723c751e8b465ee728b)  -> (artifact id: '54da7d155668b4dbf987556c09ad81ac') in 0.021990 seconds 
========================================================================
Received Import Request.
  Time since last request: 12.524980 seconds.
  path: Assets/くじらのぬいぐるみ/prefab/ボーン設定入り/クジラ桃/くじら桃.prefab
  artifactKey: Guid(e8fd024d9e54ac84fa0e7134fee5e8cd) Importer(815301076,1909f56bfc062723c751e8b465ee728b)
Start importing Assets/くじらのぬいぐるみ/prefab/ボーン設定入り/クジラ桃/くじら桃.prefab using Guid(e8fd024d9e54ac84fa0e7134fee5e8cd) Importer(815301076,1909f56bfc062723c751e8b465ee728b)  -> (artifact id: '89f09b854a189e6c7b1ab437b0d0e13a') in 0.025896 seconds 
========================================================================
Received Import Request.
  Time since last request: 0.000027 seconds.
  path: Assets/くじらのぬいぐるみ/prefab/ボーン設定入り/クジラ桃/くじら桃すや.prefab
  artifactKey: Guid(643f7a55e7db2644b8ae8d7f58c5f7df) Importer(815301076,1909f56bfc062723c751e8b465ee728b)
Start importing Assets/くじらのぬいぐるみ/prefab/ボーン設定入り/クジラ桃/くじら桃すや.prefab using Guid(643f7a55e7db2644b8ae8d7f58c5f7df) Importer(815301076,1909f56bfc062723c751e8b465ee728b)  -> (artifact id: 'f351c16abd08b6175ed9a108f22d0dd5') in 0.027321 seconds 
========================================================================
Received Import Request.
  Time since last request: 0.359253 seconds.
  path: Assets/くじらのぬいぐるみ/prefab/ボーン設定入り/クジラ橙/くじら橙.prefab
  artifactKey: Guid(505546079f4b95e4b96bb27c7e2dc81f) Importer(815301076,1909f56bfc062723c751e8b465ee728b)
Start importing Assets/くじらのぬいぐるみ/prefab/ボーン設定入り/クジラ橙/くじら橙.prefab using Guid(505546079f4b95e4b96bb27c7e2dc81f) Importer(815301076,1909f56bfc062723c751e8b465ee728b)  -> (artifact id: '02e37edb8cb859ea040c3543c99c2972') in 0.021027 seconds 
========================================================================
Received Import Request.
  Time since last request: 0.000023 seconds.
  path: Assets/くじらのぬいぐるみ/prefab/ボーン設定入り/クジラ橙/くじら橙すや.prefab
  artifactKey: Guid(cb1f2b413f1c85b4686459ef59ee42ed) Importer(815301076,1909f56bfc062723c751e8b465ee728b)
Start importing Assets/くじらのぬいぐるみ/prefab/ボーン設定入り/クジラ橙/くじら橙すや.prefab using Guid(cb1f2b413f1c85b4686459ef59ee42ed) Importer(815301076,1909f56bfc062723c751e8b465ee728b)  -> (artifact id: 'b9c349fa1347a4309bb1bf99f818e411') in 0.020742 seconds 
========================================================================
Received Import Request.
  Time since last request: 0.000024 seconds.
  path: Assets/くじらのぬいぐるみ/prefab/ボーン設定入り/クジラ橙/くじら橙ぽかん.prefab
  artifactKey: Guid(fb8801da58dbca94e9b9a5ba422509d1) Importer(815301076,1909f56bfc062723c751e8b465ee728b)
Start importing Assets/くじらのぬいぐるみ/prefab/ボーン設定入り/クジラ橙/くじら橙ぽかん.prefab using Guid(fb8801da58dbca94e9b9a5ba422509d1) Importer(815301076,1909f56bfc062723c751e8b465ee728b)  -> (artifact id: 'b559ffce3d469193b16297e05943cedf') in 0.016986 seconds 
