C:\Program Files\Microsoft Visual Studio\2022\Community\MSBuild\Microsoft\VC\v170\Microsoft.CppBuild.targets(531,5): warning MSB8028: 中間ディレクトリ (C:\AnabukiSchool\GC2_C++\SkyJourney\SkyJourney_Project\Project\Release\) に別のプロジェクト (GLLibrary.vcxproj) と共有されているファイルが含まれています。これにより、クリーンしてリビルド動作が適切に行われない可能性があります。
  Camera.cpp
  Player.cpp
C:\AnabukiSchool\GC2_C++\SkyJourney\SkyJourney_Project\Project\GameProject\Character\Player.cpp(73,21): warning C4244: '=': 'double' から 'float' への変換です。データが失われる可能性があります。
C:\AnabukiSchool\GC2_C++\SkyJourney\SkyJourney_Project\Project\GameProject\Character\Player.cpp(74,19): warning C4244: '=': 'double' から 'float' への変換です。データが失われる可能性があります。
C:\AnabukiSchool\GC2_C++\SkyJourney\SkyJourney_Project\Project\GameProject\Character\Player.cpp(79,21): warning C4244: '=': 'double' から 'float' への変換です。データが失われる可能性があります。
C:\AnabukiSchool\GC2_C++\SkyJourney\SkyJourney_Project\Project\GameProject\Character\Player.cpp(80,19): warning C4244: '=': 'double' から 'float' への変換です。データが失われる可能性があります。
C:\AnabukiSchool\GC2_C++\SkyJourney\SkyJourney_Project\Project\GameProject\Character\Player.cpp(93,19): warning C4244: '=': 'double' から 'float' への変換です。データが失われる可能性があります。
C:\AnabukiSchool\GC2_C++\SkyJourney\SkyJourney_Project\Project\GameProject\Character\Player.cpp(94,19): warning C4244: '=': 'double' から 'float' への変換です。データが失われる可能性があります。
C:\AnabukiSchool\GC2_C++\SkyJourney\SkyJourney_Project\Project\GameProject\Character\Player.cpp(97,19): warning C4244: '=': 'double' から 'float' への変換です。データが失われる可能性があります。
C:\AnabukiSchool\GC2_C++\SkyJourney\SkyJourney_Project\Project\GameProject\Character\Player.cpp(98,19): warning C4244: '=': 'double' から 'float' への変換です。データが失われる可能性があります。
C:\AnabukiSchool\GC2_C++\SkyJourney\SkyJourney_Project\Project\GameProject\Character\Player.cpp(110,19): warning C4244: '=': 'double' から 'float' への変換です。データが失われる可能性があります。
C:\AnabukiSchool\GC2_C++\SkyJourney\SkyJourney_Project\Project\GameProject\Character\Player.cpp(111,19): warning C4244: '=': 'double' から 'float' への変換です。データが失われる可能性があります。
C:\AnabukiSchool\GC2_C++\SkyJourney\SkyJourney_Project\Project\GameProject\Character\Player.cpp(114,19): warning C4244: '=': 'double' から 'float' への変換です。データが失われる可能性があります。
C:\AnabukiSchool\GC2_C++\SkyJourney\SkyJourney_Project\Project\GameProject\Character\Player.cpp(115,19): warning C4244: '=': 'double' から 'float' への変換です。データが失われる可能性があります。
C:\AnabukiSchool\GC2_C++\SkyJourney\SkyJourney_Project\Project\GameProject\Character\Player.cpp(323,95): warning C4244: '引数': 'int' から 'float' への変換です。データが失われる可能性があります。
C:\AnabukiSchool\GC2_C++\SkyJourney\SkyJourney_Project\Project\GameProject\Character\Player.cpp(323,61): warning C4244: '引数': 'int' から 'float' への変換です。データが失われる可能性があります。
  Whale.cpp
C:\AnabukiSchool\GC2_C++\SkyJourney\SkyJourney_Project\Project\GameProject\Character\Whale.cpp(47,30): warning C4305: '引数': 'double' から 'float' へ切り詰めます。
C:\AnabukiSchool\GC2_C++\SkyJourney\SkyJourney_Project\Project\GameProject\Character\Whale.cpp(47,21): warning C4305: '引数': 'double' から 'float' へ切り詰めます。
C:\AnabukiSchool\GC2_C++\SkyJourney\SkyJourney_Project\Project\GameProject\Character\Whale.cpp(47,13): warning C4305: '引数': 'double' から 'float' へ切り詰めます。
C:\AnabukiSchool\GC2_C++\SkyJourney\SkyJourney_Project\Project\GameProject\Character\Whale.cpp(48,30): warning C4305: '引数': 'double' から 'float' へ切り詰めます。
C:\AnabukiSchool\GC2_C++\SkyJourney\SkyJourney_Project\Project\GameProject\Character\Whale.cpp(48,21): warning C4305: '引数': 'double' から 'float' へ切り詰めます。
C:\AnabukiSchool\GC2_C++\SkyJourney\SkyJourney_Project\Project\GameProject\Character\Whale.cpp(48,13): warning C4305: '引数': 'double' から 'float' へ切り詰めます。
C:\AnabukiSchool\GC2_C++\SkyJourney\SkyJourney_Project\Project\GameProject\Character\Whale.cpp(49,30): warning C4305: '引数': 'double' から 'float' へ切り詰めます。
C:\AnabukiSchool\GC2_C++\SkyJourney\SkyJourney_Project\Project\GameProject\Character\Whale.cpp(49,21): warning C4305: '引数': 'double' から 'float' へ切り詰めます。
C:\AnabukiSchool\GC2_C++\SkyJourney\SkyJourney_Project\Project\GameProject\Character\Whale.cpp(49,13): warning C4305: '引数': 'double' から 'float' へ切り詰めます。
C:\AnabukiSchool\GC2_C++\SkyJourney\SkyJourney_Project\Project\GameProject\Character\Whale.cpp(50,31): warning C4305: '引数': 'double' から 'float' へ切り詰めます。
C:\AnabukiSchool\GC2_C++\SkyJourney\SkyJourney_Project\Project\GameProject\Character\Whale.cpp(50,22): warning C4305: '引数': 'double' から 'float' へ切り詰めます。
C:\AnabukiSchool\GC2_C++\SkyJourney\SkyJourney_Project\Project\GameProject\Character\Whale.cpp(50,14): warning C4305: '引数': 'double' から 'float' へ切り詰めます。
C:\AnabukiSchool\GC2_C++\SkyJourney\SkyJourney_Project\Project\GameProject\Character\Whale.cpp(51,30): warning C4305: '引数': 'double' から 'float' へ切り詰めます。
C:\AnabukiSchool\GC2_C++\SkyJourney\SkyJourney_Project\Project\GameProject\Character\Whale.cpp(51,21): warning C4305: '引数': 'double' から 'float' へ切り詰めます。
C:\AnabukiSchool\GC2_C++\SkyJourney\SkyJourney_Project\Project\GameProject\Character\Whale.cpp(51,13): warning C4305: '引数': 'double' から 'float' へ切り詰めます。
C:\AnabukiSchool\GC2_C++\SkyJourney\SkyJourney_Project\Project\GameProject\Character\Whale.cpp(52,31): warning C4305: '引数': 'double' から 'float' へ切り詰めます。
C:\AnabukiSchool\GC2_C++\SkyJourney\SkyJourney_Project\Project\GameProject\Character\Whale.cpp(52,22): warning C4305: '引数': 'double' から 'float' へ切り詰めます。
C:\AnabukiSchool\GC2_C++\SkyJourney\SkyJourney_Project\Project\GameProject\Character\Whale.cpp(52,14): warning C4305: '引数': 'double' から 'float' へ切り詰めます。
C:\AnabukiSchool\GC2_C++\SkyJourney\SkyJourney_Project\Project\GameProject\Character\Whale.cpp(53,31): warning C4305: '引数': 'double' から 'float' へ切り詰めます。
C:\AnabukiSchool\GC2_C++\SkyJourney\SkyJourney_Project\Project\GameProject\Character\Whale.cpp(53,22): warning C4305: '引数': 'double' から 'float' へ切り詰めます。
C:\AnabukiSchool\GC2_C++\SkyJourney\SkyJourney_Project\Project\GameProject\Character\Whale.cpp(53,14): warning C4305: '引数': 'double' から 'float' へ切り詰めます。
C:\AnabukiSchool\GC2_C++\SkyJourney\SkyJourney_Project\Project\GameProject\Character\Whale.cpp(54,30): warning C4305: '引数': 'double' から 'float' へ切り詰めます。
C:\AnabukiSchool\GC2_C++\SkyJourney\SkyJourney_Project\Project\GameProject\Character\Whale.cpp(54,22): warning C4305: '引数': 'double' から 'float' へ切り詰めます。
C:\AnabukiSchool\GC2_C++\SkyJourney\SkyJourney_Project\Project\GameProject\Character\Whale.cpp(54,14): warning C4305: '引数': 'double' から 'float' へ切り詰めます。
C:\AnabukiSchool\GC2_C++\SkyJourney\SkyJourney_Project\Project\GameProject\Character\Whale.cpp(55,30): warning C4305: '引数': 'double' から 'float' へ切り詰めます。
C:\AnabukiSchool\GC2_C++\SkyJourney\SkyJourney_Project\Project\GameProject\Character\Whale.cpp(55,22): warning C4305: '引数': 'double' から 'float' へ切り詰めます。
C:\AnabukiSchool\GC2_C++\SkyJourney\SkyJourney_Project\Project\GameProject\Character\Whale.cpp(55,14): warning C4305: '引数': 'double' から 'float' へ切り詰めます。
C:\AnabukiSchool\GC2_C++\SkyJourney\SkyJourney_Project\Project\GameProject\Character\Whale.cpp(56,29): warning C4305: '引数': 'double' から 'float' へ切り詰めます。
C:\AnabukiSchool\GC2_C++\SkyJourney\SkyJourney_Project\Project\GameProject\Character\Whale.cpp(56,21): warning C4305: '引数': 'double' から 'float' へ切り詰めます。
C:\AnabukiSchool\GC2_C++\SkyJourney\SkyJourney_Project\Project\GameProject\Character\Whale.cpp(56,13): warning C4305: '引数': 'double' から 'float' へ切り詰めます。
C:\AnabukiSchool\GC2_C++\SkyJourney\SkyJourney_Project\Project\GameProject\Character\Whale.cpp(57,29): warning C4305: '引数': 'double' から 'float' へ切り詰めます。
C:\AnabukiSchool\GC2_C++\SkyJourney\SkyJourney_Project\Project\GameProject\Character\Whale.cpp(57,21): warning C4305: '引数': 'double' から 'float' へ切り詰めます。
C:\AnabukiSchool\GC2_C++\SkyJourney\SkyJourney_Project\Project\GameProject\Character\Whale.cpp(57,13): warning C4305: '引数': 'double' から 'float' へ切り詰めます。
C:\AnabukiSchool\GC2_C++\SkyJourney\SkyJourney_Project\Project\GameProject\Character\Whale.cpp(58,29): warning C4305: '引数': 'double' から 'float' へ切り詰めます。
C:\AnabukiSchool\GC2_C++\SkyJourney\SkyJourney_Project\Project\GameProject\Character\Whale.cpp(58,21): warning C4305: '引数': 'double' から 'float' へ切り詰めます。
C:\AnabukiSchool\GC2_C++\SkyJourney\SkyJourney_Project\Project\GameProject\Character\Whale.cpp(58,13): warning C4305: '引数': 'double' から 'float' へ切り詰めます。
C:\AnabukiSchool\GC2_C++\SkyJourney\SkyJourney_Project\Project\GameProject\Character\Whale.cpp(113,21): warning C4305: '初期化中': 'double' から 'GLfloat' へ切り詰めます。
  Field.cpp
  Object.cpp
  SkyBox.cpp
  main.cpp
C:\AnabukiSchool\GC2_C++\SkyJourney\SkyJourney_Project\Project\GameProject\main.cpp(140,42): warning C4244: '引数': 'int' から 'float' への変換です。データが失われる可能性があります。
C:\AnabukiSchool\GC2_C++\SkyJourney\SkyJourney_Project\Project\GameProject\main.cpp(140,39): warning C4244: '引数': 'int' から 'float' への変換です。データが失われる可能性があります。
  Progress.cpp
  Task.cpp
  PublicFile.cpp
  DesertStage.cpp
C:\AnabukiSchool\GC2_C++\SkyJourney\SkyJourney_Project\Project\GameProject\Stage\DesertStage.cpp(7,32): warning C4305: '引数': 'double' から 'float' へ切り詰めます。
C:\AnabukiSchool\GC2_C++\SkyJourney\SkyJourney_Project\Project\GameProject\Stage\DesertStage.cpp(7,22): warning C4305: '引数': 'double' から 'float' へ切り詰めます。
C:\AnabukiSchool\GC2_C++\SkyJourney\SkyJourney_Project\Project\GameProject\Stage\DesertStage.cpp(7,13): warning C4305: '引数': 'double' から 'float' へ切り詰めます。
C:\AnabukiSchool\GC2_C++\SkyJourney\SkyJourney_Project\Project\GameProject\Stage\DesertStage.cpp(8,31): warning C4305: '引数': 'double' から 'float' へ切り詰めます。
C:\AnabukiSchool\GC2_C++\SkyJourney\SkyJourney_Project\Project\GameProject\Stage\DesertStage.cpp(8,22): warning C4305: '引数': 'double' から 'float' へ切り詰めます。
C:\AnabukiSchool\GC2_C++\SkyJourney\SkyJourney_Project\Project\GameProject\Stage\DesertStage.cpp(8,13): warning C4305: '引数': 'double' から 'float' へ切り詰めます。
C:\AnabukiSchool\GC2_C++\SkyJourney\SkyJourney_Project\Project\GameProject\Stage\DesertStage.cpp(9,32): warning C4305: '引数': 'double' から 'float' へ切り詰めます。
C:\AnabukiSchool\GC2_C++\SkyJourney\SkyJourney_Project\Project\GameProject\Stage\DesertStage.cpp(9,22): warning C4305: '引数': 'double' から 'float' へ切り詰めます。
C:\AnabukiSchool\GC2_C++\SkyJourney\SkyJourney_Project\Project\GameProject\Stage\DesertStage.cpp(9,13): warning C4305: '引数': 'double' から 'float' へ切り詰めます。
C:\AnabukiSchool\GC2_C++\SkyJourney\SkyJourney_Project\Project\GameProject\Stage\DesertStage.cpp(10,32): warning C4305: '引数': 'double' から 'float' へ切り詰めます。
C:\AnabukiSchool\GC2_C++\SkyJourney\SkyJourney_Project\Project\GameProject\Stage\DesertStage.cpp(10,23): warning C4305: '引数': 'double' から 'float' へ切り詰めます。
C:\AnabukiSchool\GC2_C++\SkyJourney\SkyJourney_Project\Project\GameProject\Stage\DesertStage.cpp(10,14): warning C4305: '引数': 'double' から 'float' へ切り詰めます。
C:\AnabukiSchool\GC2_C++\SkyJourney\SkyJourney_Project\Project\GameProject\Stage\DesertStage.cpp(11,32): warning C4305: '引数': 'double' から 'float' へ切り詰めます。
C:\AnabukiSchool\GC2_C++\SkyJourney\SkyJourney_Project\Project\GameProject\Stage\DesertStage.cpp(11,23): warning C4305: '引数': 'double' から 'float' へ切り詰めます。
C:\AnabukiSchool\GC2_C++\SkyJourney\SkyJourney_Project\Project\GameProject\Stage\DesertStage.cpp(11,14): warning C4305: '引数': 'double' から 'float' へ切り詰めます。
C:\AnabukiSchool\GC2_C++\SkyJourney\SkyJourney_Project\Project\GameProject\Stage\DesertStage.cpp(12,35): warning C4305: '引数': 'double' から 'float' へ切り詰めます。
C:\AnabukiSchool\GC2_C++\SkyJourney\SkyJourney_Project\Project\GameProject\Stage\DesertStage.cpp(12,23): warning C4305: '引数': 'double' から 'float' へ切り詰めます。
C:\AnabukiSchool\GC2_C++\SkyJourney\SkyJourney_Project\Project\GameProject\Stage\DesertStage.cpp(12,14): warning C4305: '引数': 'double' から 'float' へ切り詰めます。
C:\AnabukiSchool\GC2_C++\SkyJourney\SkyJourney_Project\Project\GameProject\Stage\DesertStage.cpp(15,31): warning C4305: '引数': 'double' から 'float' へ切り詰めます。
C:\AnabukiSchool\GC2_C++\SkyJourney\SkyJourney_Project\Project\GameProject\Stage\DesertStage.cpp(15,20): warning C4305: '引数': 'double' から 'float' へ切り詰めます。
C:\AnabukiSchool\GC2_C++\SkyJourney\SkyJourney_Project\Project\GameProject\Stage\DesertStage.cpp(15,13): warning C4305: '引数': 'double' から 'float' へ切り詰めます。
C:\AnabukiSchool\GC2_C++\SkyJourney\SkyJourney_Project\Project\GameProject\Stage\DesertStage.cpp(16,31): warning C4305: '引数': 'double' から 'float' へ切り詰めます。
C:\AnabukiSchool\GC2_C++\SkyJourney\SkyJourney_Project\Project\GameProject\Stage\DesertStage.cpp(16,21): warning C4305: '引数': 'double' から 'float' へ切り詰めます。
C:\AnabukiSchool\GC2_C++\SkyJourney\SkyJourney_Project\Project\GameProject\Stage\DesertStage.cpp(16,13): warning C4305: '引数': 'double' から 'float' へ切り詰めます。
C:\AnabukiSchool\GC2_C++\SkyJourney\SkyJourney_Project\Project\GameProject\Stage\DesertStage.cpp(17,32): warning C4305: '引数': 'double' から 'float' へ切り詰めます。
C:\AnabukiSchool\GC2_C++\SkyJourney\SkyJourney_Project\Project\GameProject\Stage\DesertStage.cpp(17,21): warning C4305: '引数': 'double' から 'float' へ切り詰めます。
C:\AnabukiSchool\GC2_C++\SkyJourney\SkyJourney_Project\Project\GameProject\Stage\DesertStage.cpp(17,13): warning C4305: '引数': 'double' から 'float' へ切り詰めます。
C:\AnabukiSchool\GC2_C++\SkyJourney\SkyJourney_Project\Project\GameProject\Stage\DesertStage.cpp(18,31): warning C4305: '引数': 'double' から 'float' へ切り詰めます。
C:\AnabukiSchool\GC2_C++\SkyJourney\SkyJourney_Project\Project\GameProject\Stage\DesertStage.cpp(18,21): warning C4305: '引数': 'double' から 'float' へ切り詰めます。
C:\AnabukiSchool\GC2_C++\SkyJourney\SkyJourney_Project\Project\GameProject\Stage\DesertStage.cpp(18,13): warning C4305: '引数': 'double' から 'float' へ切り詰めます。
C:\AnabukiSchool\GC2_C++\SkyJourney\SkyJourney_Project\Project\GameProject\Stage\DesertStage.cpp(19,31): warning C4305: '引数': 'double' から 'float' へ切り詰めます。
C:\AnabukiSchool\GC2_C++\SkyJourney\SkyJourney_Project\Project\GameProject\Stage\DesertStage.cpp(19,21): warning C4305: '引数': 'double' から 'float' へ切り詰めます。
C:\AnabukiSchool\GC2_C++\SkyJourney\SkyJourney_Project\Project\GameProject\Stage\DesertStage.cpp(19,13): warning C4305: '引数': 'double' から 'float' へ切り詰めます。
C:\AnabukiSchool\GC2_C++\SkyJourney\SkyJourney_Project\Project\GameProject\Stage\DesertStage.cpp(20,30): warning C4305: '引数': 'double' から 'float' へ切り詰めます。
C:\AnabukiSchool\GC2_C++\SkyJourney\SkyJourney_Project\Project\GameProject\Stage\DesertStage.cpp(20,21): warning C4305: '引数': 'double' から 'float' へ切り詰めます。
C:\AnabukiSchool\GC2_C++\SkyJourney\SkyJourney_Project\Project\GameProject\Stage\DesertStage.cpp(20,13): warning C4305: '引数': 'double' から 'float' へ切り詰めます。
C:\AnabukiSchool\GC2_C++\SkyJourney\SkyJourney_Project\Project\GameProject\Stage\DesertStage.cpp(21,29): warning C4305: '引数': 'double' から 'float' へ切り詰めます。
C:\AnabukiSchool\GC2_C++\SkyJourney\SkyJourney_Project\Project\GameProject\Stage\DesertStage.cpp(21,21): warning C4305: '引数': 'double' から 'float' へ切り詰めます。
C:\AnabukiSchool\GC2_C++\SkyJourney\SkyJourney_Project\Project\GameProject\Stage\DesertStage.cpp(21,14): warning C4305: '引数': 'double' から 'float' へ切り詰めます。
C:\AnabukiSchool\GC2_C++\SkyJourney\SkyJourney_Project\Project\GameProject\Stage\DesertStage.cpp(22,33): warning C4305: '引数': 'double' から 'float' へ切り詰めます。
C:\AnabukiSchool\GC2_C++\SkyJourney\SkyJourney_Project\Project\GameProject\Stage\DesertStage.cpp(22,22): warning C4305: '引数': 'double' から 'float' へ切り詰めます。
C:\AnabukiSchool\GC2_C++\SkyJourney\SkyJourney_Project\Project\GameProject\Stage\DesertStage.cpp(22,14): warning C4305: '引数': 'double' から 'float' へ切り詰めます。
C:\AnabukiSchool\GC2_C++\SkyJourney\SkyJourney_Project\Project\GameProject\Stage\DesertStage.cpp(23,32): warning C4305: '引数': 'double' から 'float' へ切り詰めます。
C:\AnabukiSchool\GC2_C++\SkyJourney\SkyJourney_Project\Project\GameProject\Stage\DesertStage.cpp(23,22): warning C4305: '引数': 'double' から 'float' へ切り詰めます。
C:\AnabukiSchool\GC2_C++\SkyJourney\SkyJourney_Project\Project\GameProject\Stage\DesertStage.cpp(23,14): warning C4305: '引数': 'double' から 'float' へ切り詰めます。
  SkyIslandStage.cpp
  Effect.cpp
  UI.cpp
C:\AnabukiSchool\GC2_C++\SkyJourney\SkyJourney_Project\Project\GameProject\System\UI.cpp(9,18): warning C4244: '初期化中': 'int' から 'float' への変換です。データが失われる可能性があります。
C:\AnabukiSchool\GC2_C++\SkyJourney\SkyJourney_Project\Project\GameProject\System\UI.cpp(10,18): warning C4244: '初期化中': 'int' から 'float' への変換です。データが失われる可能性があります。
C:\AnabukiSchool\GC2_C++\SkyJourney\SkyJourney_Project\Project\GameProject\System\UI.cpp(13,17): warning C4244: '引数': 'int' から 'float' への変換です。データが失われる可能性があります。
C:\AnabukiSchool\GC2_C++\SkyJourney\SkyJourney_Project\Project\GameProject\System\UI.cpp(27,20): warning C4244: '初期化中': 'float' から 'int' への変換です。データが失われる可能性があります。
C:\AnabukiSchool\GC2_C++\SkyJourney\SkyJourney_Project\Project\GameProject\System\UI.cpp(28,20): warning C4244: '初期化中': 'float' から 'int' への変換です。データが失われる可能性があります。
C:\AnabukiSchool\GC2_C++\SkyJourney\SkyJourney_Project\Project\GameProject\System\UI.cpp(30,18): warning C4244: '引数': 'int' から 'float' への変換です。データが失われる可能性があります。
C:\AnabukiSchool\GC2_C++\SkyJourney\SkyJourney_Project\Project\GameProject\System\UI.cpp(47,20): warning C4244: '初期化中': 'float' から 'int' への変換です。データが失われる可能性があります。
C:\AnabukiSchool\GC2_C++\SkyJourney\SkyJourney_Project\Project\GameProject\System\UI.cpp(48,20): warning C4244: '初期化中': 'float' から 'int' への変換です。データが失われる可能性があります。
C:\AnabukiSchool\GC2_C++\SkyJourney\SkyJourney_Project\Project\GameProject\System\UI.cpp(50,18): warning C4244: '引数': 'int' から 'float' への変換です。データが失われる可能性があります。
C:\AnabukiSchool\GC2_C++\SkyJourney\SkyJourney_Project\Project\GameProject\System\UI.cpp(53,56): warning C4244: '引数': 'int' から 'const float' への変換です。データが失われる可能性があります。
C:\AnabukiSchool\GC2_C++\SkyJourney\SkyJourney_Project\Project\GameProject\System\UI.cpp(53,88): warning C4244: '引数': 'int' から 'const float' への変換です。データが失われる可能性があります。
C:\AnabukiSchool\GC2_C++\SkyJourney\SkyJourney_Project\Project\GameProject\System\UI.cpp(82,13): warning C4244: '初期化中': 'int' から 'float' への変換です。データが失われる可能性があります。
C:\AnabukiSchool\GC2_C++\SkyJourney\SkyJourney_Project\Project\GameProject\System\UI.cpp(88,43): warning C4244: '=': 'float' から 'int' への変換です。データが失われる可能性があります。
C:\AnabukiSchool\GC2_C++\SkyJourney\SkyJourney_Project\Project\GameProject\System\UI.cpp(90,43): warning C4244: '=': 'float' から 'int' への変換です。データが失われる可能性があります。
C:\AnabukiSchool\GC2_C++\SkyJourney\SkyJourney_Project\Project\GameProject\System\UI.cpp(92,43): warning C4244: '=': 'float' から 'int' への変換です。データが失われる可能性があります。
C:\AnabukiSchool\GC2_C++\SkyJourney\SkyJourney_Project\Project\GameProject\System\UI.cpp(94,43): warning C4244: '=': 'float' から 'int' への変換です。データが失われる可能性があります。
C:\AnabukiSchool\GC2_C++\SkyJourney\SkyJourney_Project\Project\GameProject\System\UI.cpp(98,43): warning C4244: '=': 'float' から 'int' への変換です。データが失われる可能性があります。
C:\AnabukiSchool\GC2_C++\SkyJourney\SkyJourney_Project\Project\GameProject\System\UI.cpp(100,43): warning C4244: '=': 'float' から 'int' への変換です。データが失われる可能性があります。
C:\AnabukiSchool\GC2_C++\SkyJourney\SkyJourney_Project\Project\GameProject\System\UI.cpp(102,43): warning C4244: '=': 'float' から 'int' への変換です。データが失われる可能性があります。
C:\AnabukiSchool\GC2_C++\SkyJourney\SkyJourney_Project\Project\GameProject\System\UI.cpp(106,43): warning C4244: '=': 'float' から 'int' への変換です。データが失われる可能性があります。
C:\AnabukiSchool\GC2_C++\SkyJourney\SkyJourney_Project\Project\GameProject\System\UI.cpp(108,43): warning C4244: '=': 'float' から 'int' への変換です。データが失われる可能性があります。
C:\AnabukiSchool\GC2_C++\SkyJourney\SkyJourney_Project\Project\GameProject\System\UI.cpp(112,30): warning C4244: '=': 'float' から 'int' への変換です。データが失われる可能性があります。
C:\AnabukiSchool\GC2_C++\SkyJourney\SkyJourney_Project\Project\GameProject\System\UI.cpp(116,43): warning C4244: '=': 'float' から 'int' への変換です。データが失われる可能性があります。
C:\AnabukiSchool\GC2_C++\SkyJourney\SkyJourney_Project\Project\GameProject\System\UI.cpp(118,43): warning C4244: '=': 'float' から 'int' への変換です。データが失われる可能性があります。
C:\AnabukiSchool\GC2_C++\SkyJourney\SkyJourney_Project\Project\GameProject\System\UI.cpp(120,43): warning C4244: '=': 'float' から 'int' への変換です。データが失われる可能性があります。
C:\AnabukiSchool\GC2_C++\SkyJourney\SkyJourney_Project\Project\GameProject\System\UI.cpp(122,43): warning C4244: '=': 'float' から 'int' への変換です。データが失われる可能性があります。
C:\AnabukiSchool\GC2_C++\SkyJourney\SkyJourney_Project\Project\GameProject\System\UI.cpp(126,43): warning C4244: '=': 'float' から 'int' への変換です。データが失われる可能性があります。
C:\AnabukiSchool\GC2_C++\SkyJourney\SkyJourney_Project\Project\GameProject\System\UI.cpp(128,43): warning C4244: '=': 'float' から 'int' への変換です。データが失われる可能性があります。
C:\AnabukiSchool\GC2_C++\SkyJourney\SkyJourney_Project\Project\GameProject\System\UI.cpp(130,43): warning C4244: '=': 'float' から 'int' への変換です。データが失われる可能性があります。
C:\AnabukiSchool\GC2_C++\SkyJourney\SkyJourney_Project\Project\GameProject\System\UI.cpp(134,43): warning C4244: '=': 'float' から 'int' への変換です。データが失われる可能性があります。
C:\AnabukiSchool\GC2_C++\SkyJourney\SkyJourney_Project\Project\GameProject\System\UI.cpp(136,43): warning C4244: '=': 'float' から 'int' への変換です。データが失われる可能性があります。
  Title.cpp
  コードを生成中...
GLFW.lib(init.obj) : warning LNK4099: PDB '' が 'GLFW.lib(init.obj)' で、または '' に見つかりません。デバッグ情報がないものとして、オブジェクトにリンクします。
GLFW.lib(window.obj) : warning LNK4099: PDB '' が 'GLFW.lib(window.obj)' で、または '' に見つかりません。デバッグ情報がないものとして、オブジェクトにリンクします。
GLFW.lib(input.obj) : warning LNK4099: PDB '' が 'GLFW.lib(input.obj)' で、または '' に見つかりません。デバッグ情報がないものとして、オブジェクトにリンクします。
GLFW.lib(context.obj) : warning LNK4099: PDB '' が 'GLFW.lib(context.obj)' で、または '' に見つかりません。デバッグ情報がないものとして、オブジェクトにリンクします。
  glew.lib(glew.obj) : MSIL .netmodule または /GL を伴ってコンパイルされたモジュールが見つかりました。/LTCG を使用して再開始してください。リンカーのパフォーマンスを向上させるためには、コマンドラインに /LTCG を追加してください。
GLFW.lib(win32_init.obj) : warning LNK4099: PDB '' が 'GLFW.lib(win32_init.obj)' で、または '' に見つかりません。デバッグ情報がないものとして、オブジェクトにリンクします。
GLFW.lib(win32_monitor.obj) : warning LNK4099: PDB '' が 'GLFW.lib(win32_monitor.obj)' で、または '' に見つかりません。デバッグ情報がないものとして、オブジェクトにリンクします。
GLFW.lib(win32_time.obj) : warning LNK4099: PDB '' が 'GLFW.lib(win32_time.obj)' で、または '' に見つかりません。デバッグ情報がないものとして、オブジェクトにリンクします。
GLFW.lib(monitor.obj) : warning LNK4099: PDB '' が 'GLFW.lib(monitor.obj)' で、または '' に見つかりません。デバッグ情報がないものとして、オブジェクトにリンクします。
GLFW.lib(vulkan.obj) : warning LNK4099: PDB '' が 'GLFW.lib(vulkan.obj)' で、または '' に見つかりません。デバッグ情報がないものとして、オブジェクトにリンクします。
GLFW.lib(win32_window.obj) : warning LNK4099: PDB '' が 'GLFW.lib(win32_window.obj)' で、または '' に見つかりません。デバッグ情報がないものとして、オブジェクトにリンクします。
GLFW.lib(win32_tls.obj) : warning LNK4099: PDB '' が 'GLFW.lib(win32_tls.obj)' で、または '' に見つかりません。デバッグ情報がないものとして、オブジェクトにリンクします。
GLFW.lib(win32_joystick.obj) : warning LNK4099: PDB '' が 'GLFW.lib(win32_joystick.obj)' で、または '' に見つかりません。デバッグ情報がないものとして、オブジェクトにリンクします。
GLFW.lib(wgl_context.obj) : warning LNK4099: PDB '' が 'GLFW.lib(wgl_context.obj)' で、または '' に見つかりません。デバッグ情報がないものとして、オブジェクトにリンクします。
GLFW.lib(egl_context.obj) : warning LNK4099: PDB '' が 'GLFW.lib(egl_context.obj)' で、または '' に見つかりません。デバッグ情報がないものとして、オブジェクトにリンクします。
     ライブラリ C:\AnabukiSchool\GC2_C++\SkyJourney\SkyJourney_Project\Project\/../Game/GameProject.lib とオブジェクト C:\AnabukiSchool\GC2_C++\SkyJourney\SkyJourney_Project\Project\/../Game/GameProject.exp を作成中
  コード生成しています。
  コード生成が終了しました。
GLFW.lib(init.obj) : warning LNK4099: PDB '' が 'GLFW.lib(init.obj)' で、または '' に見つかりません。デバッグ情報がないものとして、オブジェクトにリンクします。
GLFW.lib(window.obj) : warning LNK4099: PDB '' が 'GLFW.lib(window.obj)' で、または '' に見つかりません。デバッグ情報がないものとして、オブジェクトにリンクします。
GLFW.lib(input.obj) : warning LNK4099: PDB '' が 'GLFW.lib(input.obj)' で、または '' に見つかりません。デバッグ情報がないものとして、オブジェクトにリンクします。
GLFW.lib(context.obj) : warning LNK4099: PDB '' が 'GLFW.lib(context.obj)' で、または '' に見つかりません。デバッグ情報がないものとして、オブジェクトにリンクします。
GLFW.lib(win32_init.obj) : warning LNK4099: PDB '' が 'GLFW.lib(win32_init.obj)' で、または '' に見つかりません。デバッグ情報がないものとして、オブジェクトにリンクします。
GLFW.lib(win32_monitor.obj) : warning LNK4099: PDB '' が 'GLFW.lib(win32_monitor.obj)' で、または '' に見つかりません。デバッグ情報がないものとして、オブジェクトにリンクします。
GLFW.lib(win32_time.obj) : warning LNK4099: PDB '' が 'GLFW.lib(win32_time.obj)' で、または '' に見つかりません。デバッグ情報がないものとして、オブジェクトにリンクします。
GLFW.lib(monitor.obj) : warning LNK4099: PDB '' が 'GLFW.lib(monitor.obj)' で、または '' に見つかりません。デバッグ情報がないものとして、オブジェクトにリンクします。
GLFW.lib(vulkan.obj) : warning LNK4099: PDB '' が 'GLFW.lib(vulkan.obj)' で、または '' に見つかりません。デバッグ情報がないものとして、オブジェクトにリンクします。
GLFW.lib(win32_window.obj) : warning LNK4099: PDB '' が 'GLFW.lib(win32_window.obj)' で、または '' に見つかりません。デバッグ情報がないものとして、オブジェクトにリンクします。
GLFW.lib(win32_tls.obj) : warning LNK4099: PDB '' が 'GLFW.lib(win32_tls.obj)' で、または '' に見つかりません。デバッグ情報がないものとして、オブジェクトにリンクします。
GLFW.lib(win32_joystick.obj) : warning LNK4099: PDB '' が 'GLFW.lib(win32_joystick.obj)' で、または '' に見つかりません。デバッグ情報がないものとして、オブジェクトにリンクします。
GLFW.lib(wgl_context.obj) : warning LNK4099: PDB '' が 'GLFW.lib(wgl_context.obj)' で、または '' に見つかりません。デバッグ情報がないものとして、オブジェクトにリンクします。
GLFW.lib(egl_context.obj) : warning LNK4099: PDB '' が 'GLFW.lib(egl_context.obj)' で、または '' に見つかりません。デバッグ情報がないものとして、オブジェクトにリンクします。
alut.lib(alutInit.obj) : warning LNK4099: PDB '' が 'alut.lib(alutInit.obj)' で、または '' に見つかりません。デバッグ情報がないものとして、オブジェクトにリンクします。
alut.lib(alutLoader.obj) : warning LNK4099: PDB '' が 'alut.lib(alutLoader.obj)' で、または '' に見つかりません。デバッグ情報がないものとして、オブジェクトにリンクします。
alut.lib(alutError.obj) : warning LNK4099: PDB '' が 'alut.lib(alutError.obj)' で、または '' に見つかりません。デバッグ情報がないものとして、オブジェクトにリンクします。
alut.lib(alutCodec.obj) : warning LNK4099: PDB '' が 'alut.lib(alutCodec.obj)' で、または '' に見つかりません。デバッグ情報がないものとして、オブジェクトにリンクします。
alut.lib(alutInputStream.obj) : warning LNK4099: PDB '' が 'alut.lib(alutInputStream.obj)' で、または '' に見つかりません。デバッグ情報がないものとして、オブジェクトにリンクします。
alut.lib(alutBufferData.obj) : warning LNK4099: PDB '' が 'alut.lib(alutBufferData.obj)' で、または '' に見つかりません。デバッグ情報がないものとして、オブジェクトにリンクします。
alut.lib(alutUtil.obj) : warning LNK4099: PDB '' が 'alut.lib(alutUtil.obj)' で、または '' に見つかりません。デバッグ情報がないものとして、オブジェクトにリンクします。
glew.lib(glew.obj) : warning LNK4099: PDB '' が 'glew.lib(glew.obj)' で、または '' に見つかりません。デバッグ情報がないものとして、オブジェクトにリンクします。
glpng.lib(glpng.obj) : warning LNK4099: PDB '' が 'glpng.lib(glpng.obj)' で、または '' に見つかりません。デバッグ情報がないものとして、オブジェクトにリンクします。
glpng.lib(pngrtran.obj) : warning LNK4099: PDB '' が 'glpng.lib(pngrtran.obj)' で、または '' に見つかりません。デバッグ情報がないものとして、オブジェクトにリンクします。
glpng.lib(png.obj) : warning LNK4099: PDB '' が 'glpng.lib(png.obj)' で、または '' に見つかりません。デバッグ情報がないものとして、オブジェクトにリンクします。
glpng.lib(pngread.obj) : warning LNK4099: PDB '' が 'glpng.lib(pngread.obj)' で、または '' に見つかりません。デバッグ情報がないものとして、オブジェクトにリンクします。
glpng.lib(pngget.obj) : warning LNK4099: PDB '' が 'glpng.lib(pngget.obj)' で、または '' に見つかりません。デバッグ情報がないものとして、オブジェクトにリンクします。
glpng.lib(pngmem.obj) : warning LNK4099: PDB '' が 'glpng.lib(pngmem.obj)' で、または '' に見つかりません。デバッグ情報がないものとして、オブジェクトにリンクします。
glpng.lib(pngtrans.obj) : warning LNK4099: PDB '' が 'glpng.lib(pngtrans.obj)' で、または '' に見つかりません。デバッグ情報がないものとして、オブジェクトにリンクします。
glpng.lib(pngerror.obj) : warning LNK4099: PDB '' が 'glpng.lib(pngerror.obj)' で、または '' に見つかりません。デバッグ情報がないものとして、オブジェクトにリンクします。
glpng.lib(crc32.obj) : warning LNK4099: PDB '' が 'glpng.lib(crc32.obj)' で、または '' に見つかりません。デバッグ情報がないものとして、オブジェクトにリンクします。
glpng.lib(inflate.obj) : warning LNK4099: PDB '' が 'glpng.lib(inflate.obj)' で、または '' に見つかりません。デバッグ情報がないものとして、オブジェクトにリンクします。
glpng.lib(pngrutil.obj) : warning LNK4099: PDB '' が 'glpng.lib(pngrutil.obj)' で、または '' に見つかりません。デバッグ情報がないものとして、オブジェクトにリンクします。
glpng.lib(pngrio.obj) : warning LNK4099: PDB '' が 'glpng.lib(pngrio.obj)' で、または '' に見つかりません。デバッグ情報がないものとして、オブジェクトにリンクします。
glpng.lib(zutil.obj) : warning LNK4099: PDB '' が 'glpng.lib(zutil.obj)' で、または '' に見つかりません。デバッグ情報がないものとして、オブジェクトにリンクします。
glpng.lib(infblock.obj) : warning LNK4099: PDB '' が 'glpng.lib(infblock.obj)' で、または '' に見つかりません。デバッグ情報がないものとして、オブジェクトにリンクします。
glpng.lib(adler32.obj) : warning LNK4099: PDB '' が 'glpng.lib(adler32.obj)' で、または '' に見つかりません。デバッグ情報がないものとして、オブジェクトにリンクします。
glpng.lib(pngset.obj) : warning LNK4099: PDB '' が 'glpng.lib(pngset.obj)' で、または '' に見つかりません。デバッグ情報がないものとして、オブジェクトにリンクします。
glpng.lib(infutil.obj) : warning LNK4099: PDB '' が 'glpng.lib(infutil.obj)' で、または '' に見つかりません。デバッグ情報がないものとして、オブジェクトにリンクします。
glpng.lib(inftrees.obj) : warning LNK4099: PDB '' が 'glpng.lib(inftrees.obj)' で、または '' に見つかりません。デバッグ情報がないものとして、オブジェクトにリンクします。
glpng.lib(infcodes.obj) : warning LNK4099: PDB '' が 'glpng.lib(infcodes.obj)' で、または '' に見つかりません。デバッグ情報がないものとして、オブジェクトにリンクします。
glpng.lib(inffast.obj) : warning LNK4099: PDB '' が 'glpng.lib(inffast.obj)' で、または '' に見つかりません。デバッグ情報がないものとして、オブジェクトにリンクします。
LINK : warning LNK4286: シンボル '??0FTPixmapFont@@QEAA@PEBD@Z (public: __cdecl FTPixmapFont::FTPixmapFont(char const *))' ('ftgl_static.lib(FTPixmapFont.obj)' で定義) が 'GLLibrary.lib(CFont.obj)' によってインポートされています
LINK : warning LNK4286: シンボル '??1FTPixmapFont@@UEAA@XZ (public: virtual __cdecl FTPixmapFont::~FTPixmapFont(void))' ('ftgl_static.lib(FTPixmapFont.obj)' で定義) が 'GLLibrary.lib(CFont.obj)' によってインポートされています
LINK : warning LNK4286: シンボル 'alcCreateContext' ('OpenAL32.lib(ALc.obj)' で定義) が 'alut.lib(alutInit.obj)' によってインポートされています
LINK : warning LNK4286: シンボル 'alcMakeContextCurrent' ('OpenAL32.lib(ALc.obj)' で定義) が 'alut.lib(alutInit.obj)' によってインポートされています
LINK : warning LNK4286: シンボル 'alcDestroyContext' ('OpenAL32.lib(ALc.obj)' で定義) が 'alut.lib(alutInit.obj)' によってインポートされています
LINK : warning LNK4286: シンボル 'alcGetCurrentContext' ('OpenAL32.lib(ALc.obj)' で定義) が 'alut.lib(alutInit.obj)' によってインポートされています
LINK : warning LNK4286: シンボル 'alcGetContextsDevice' ('OpenAL32.lib(ALc.obj)' で定義) が 'alut.lib(alutInit.obj)' によってインポートされています
LINK : warning LNK4286: シンボル 'alcOpenDevice' ('OpenAL32.lib(ALc.obj)' で定義) が 'alut.lib(alutInit.obj)' によってインポートされています
LINK : warning LNK4286: シンボル 'alcCloseDevice' ('OpenAL32.lib(ALc.obj)' で定義) が 'alut.lib(alutInit.obj)' によってインポートされています
LINK : warning LNK4286: シンボル 'alcGetError' ('OpenAL32.lib(ALc.obj)' で定義) が 'alut.lib(alutInit.obj)' によってインポートされています
LINK : warning LNK4286: シンボル 'alGetError' ('OpenAL32.lib(alError.obj)' で定義) が 'alut.lib(alutInit.obj)' によってインポートされています
LINK : warning LNK4286: シンボル 'alGetError' ('OpenAL32.lib(alError.obj)' で定義) が 'alut.lib(alutBufferData.obj)' によってインポートされています
LINK : warning LNK4286: シンボル 'alGenBuffers' ('OpenAL32.lib(alBuffer.obj)' で定義) が 'alut.lib(alutBufferData.obj)' によってインポートされています
LINK : warning LNK4286: シンボル 'alBufferData' ('OpenAL32.lib(alBuffer.obj)' で定義) が 'alut.lib(alutBufferData.obj)' によってインポートされています
  GameProject.vcxproj -> C:\AnabukiSchool\GC2_C++\SkyJourney\SkyJourney_Project\Game\GameProject.exe
