C:\Program Files\Microsoft Visual Studio\2022\Community\MSBuild\Microsoft\VC\v170\Microsoft.CppBuild.targets(517,5): warning MSB8028: 中間ディレクトリ (C:\AnabukiSchool\GC2_C++\SkyJourney\GameProject\Project\Debug\) に別のプロジェクト (GLLibrary.vcxproj) と共有されているファイルが含まれています。これにより、クリーンしてリビルド動作が適切に行われない可能性があります。
  main.cpp
C:\AnabukiSchool\GC2_C++\SkyJourney\GameProject\Project\GameProject\main.cpp(4,10): fatal  error C1083: include ファイルを開けません。'TaskSystem/TaskController.h':No such file or directory
  Task.cpp
C:\AnabukiSchool\GC2_C++\SkyJourney\GameProject\Project\GameProject\TaskController.h(2,10): fatal  error C1083: include ファイルを開けません。'../Task.h':No such file or directory
  TaskManager.cpp
C:\AnabukiSchool\GC2_C++\SkyJourney\GameProject\Project\GameProject\TaskSystem\TaskManager.cpp(3,37): error C2440: '初期化中': 'std::_Vector_iterator<std::_Vector_val<std::_Simple_types<_Ty>>>' から 'std::_List_iterator<std::_List_val<std::_List_simple_types<_Ty>>>' に変換できません。
          with
          [
              _Ty=Task *
          ]
C:\AnabukiSchool\GC2_C++\SkyJourney\GameProject\Project\GameProject\TaskSystem\TaskManager.cpp(3,37): message : コンストラクターはソース型を持てません、またはコンストラクターのオーバーロードの解決があいまいです。
C:\AnabukiSchool\GC2_C++\SkyJourney\GameProject\Project\GameProject\TaskSystem\TaskManager.cpp(3,59): error C2678: 二項演算子 '!=': 型 'std::_List_iterator<std::_List_val<std::_List_simple_types<_Ty>>>' の左オペランドを扱う演算子が見つかりません (または変換できません) (新しい動作; ヘルプを参照)。
          with
          [
              _Ty=Task *
          ]
C:\Program Files\Microsoft Visual Studio\2022\Community\VC\Tools\MSVC\14.35.32215\include\list(202,21): message : 'bool std::_List_const_iterator<std::_List_val<std::_List_simple_types<_Ty>>>::operator !=(const std::_List_const_iterator<std::_List_val<std::_List_simple_types<_Ty>>> &) noexcept const' の可能性があります
          with
          [
              _Ty=Task *
          ]
C:\AnabukiSchool\GC2_C++\SkyJourney\GameProject\Project\include\FTGL\FTPoint.h(234,21): message : または 'bool operator !=(const FTPoint &,const FTPoint &)'
C:\Program Files (x86)\Windows Kits\10\Include\10.0.19041.0\shared\guiddef.h(197,15): message : または 'bool operator !=(const GUID &,const GUID &)'
C:\Program Files\Microsoft Visual Studio\2022\Community\VC\Tools\MSVC\14.35.32215\include\exception(287,28): message : または 'bool std::operator !=(const std::exception_ptr &,const std::exception_ptr &) noexcept' [引数依存の照合を使用して検出] の可能性があります
C:\Program Files\Microsoft Visual Studio\2022\Community\VC\Tools\MSVC\14.35.32215\include\exception(291,28): message : または 'bool std::operator !=(const std::exception_ptr &,std::nullptr_t) noexcept' [引数依存の照合を使用して検出] の可能性があります
C:\Program Files\Microsoft Visual Studio\2022\Community\VC\Tools\MSVC\14.35.32215\include\exception(295,28): message : または 'bool std::operator !=(std::nullptr_t,const std::exception_ptr &) noexcept' [引数依存の照合を使用して検出] の可能性があります
C:\Program Files\Microsoft Visual Studio\2022\Community\VC\Tools\MSVC\14.35.32215\include\thread(251,24): message : または 'bool std::operator !=(std::thread::id,std::thread::id) noexcept' [引数依存の照合を使用して検出] の可能性があります
C:\Program Files\Microsoft Visual Studio\2022\Community\VC\Tools\MSVC\14.35.32215\include\system_error(235,28): message : または 'bool std::operator !=(const std::error_code &,const std::error_code &) noexcept' [引数依存の照合を使用して検出] の可能性があります
C:\Program Files\Microsoft Visual Studio\2022\Community\VC\Tools\MSVC\14.35.32215\include\system_error(239,28): message : または 'bool std::operator !=(const std::error_code &,const std::error_condition &) noexcept' [引数依存の照合を使用して検出] の可能性があります
C:\Program Files\Microsoft Visual Studio\2022\Community\VC\Tools\MSVC\14.35.32215\include\system_error(243,28): message : または 'bool std::operator !=(const std::error_condition &,const std::error_code &) noexcept' [引数依存の照合を使用して検出] の可能性があります
C:\Program Files\Microsoft Visual Studio\2022\Community\VC\Tools\MSVC\14.35.32215\include\system_error(317,28): message : または 'bool std::operator !=(const std::error_condition &,const std::error_condition &) noexcept' [引数依存の照合を使用して検出] の可能性があります
C:\Program Files\Microsoft Visual Studio\2022\Community\VC\Tools\MSVC\14.35.32215\include\utility(383,27): message : または 'bool std::operator !=(const std::pair<_Ty1,_Ty2> &,const std::pair<_Ty1,_Ty2> &)'
C:\AnabukiSchool\GC2_C++\SkyJourney\GameProject\Project\GameProject\TaskSystem\TaskManager.cpp(3,59): message : 'bool std::operator !=(const std::pair<_Ty1,_Ty2> &,const std::pair<_Ty1,_Ty2> &)': 'const std::pair<_Ty1,_Ty2> &' の テンプレート 引数を 'std::_List_iterator<std::_List_val<std::_List_simple_types<_Ty>>>' から推測できませんでした
          with
          [
              _Ty=Task *
          ]
C:\Program Files\Microsoft Visual Studio\2022\Community\VC\Tools\MSVC\14.35.32215\include\tuple(687,27): message : または 'bool std::operator !=(const std::tuple<_Types...> &,const std::tuple<_Types...> &)'
C:\AnabukiSchool\GC2_C++\SkyJourney\GameProject\Project\GameProject\TaskSystem\TaskManager.cpp(3,59): message : 'bool std::operator !=(const std::tuple<_Types...> &,const std::tuple<_Types...> &)': 'const std::tuple<_Types...> &' の テンプレート 引数を 'std::_List_iterator<std::_List_val<std::_List_simple_types<_Ty>>>' から推測できませんでした
          with
          [
              _Ty=Task *
          ]
C:\Program Files\Microsoft Visual Studio\2022\Community\VC\Tools\MSVC\14.35.32215\include\xutility(1456,5): message : または 'bool std::operator !=(const std::reverse_iterator<_BidIt> &,const std::reverse_iterator<_BidIt2> &) noexcept(<expr>)'
C:\AnabukiSchool\GC2_C++\SkyJourney\GameProject\Project\GameProject\TaskSystem\TaskManager.cpp(3,59): message : 'bool std::operator !=(const std::reverse_iterator<_BidIt> &,const std::reverse_iterator<_BidIt2> &) noexcept(<expr>)': 'const std::reverse_iterator<_BidIt> &' の テンプレート 引数を 'std::_List_iterator<std::_List_val<std::_List_simple_types<_Ty>>>' から推測できませんでした
          with
          [
              _Ty=Task *
          ]
C:\Program Files\Microsoft Visual Studio\2022\Community\VC\Tools\MSVC\14.35.32215\include\xutility(3984,30): message : または 'bool std::operator !=(const std::move_iterator<_Iter> &,const std::move_iterator<_Iter2> &) noexcept(<expr>)'
C:\AnabukiSchool\GC2_C++\SkyJourney\GameProject\Project\GameProject\TaskSystem\TaskManager.cpp(3,59): message : 'bool std::operator !=(const std::move_iterator<_Iter> &,const std::move_iterator<_Iter2> &) noexcept(<expr>)': 'const std::move_iterator<_Iter> &' の テンプレート 引数を 'std::_List_iterator<std::_List_val<std::_List_simple_types<_Ty>>>' から推測できませんでした
          with
          [
              _Ty=Task *
          ]
C:\Program Files\Microsoft Visual Studio\2022\Community\VC\Tools\MSVC\14.35.32215\include\xmemory(900,17): message : または 'bool std::operator !=(const std::allocator<_Ty> &,const std::allocator<_Other> &) noexcept'
C:\AnabukiSchool\GC2_C++\SkyJourney\GameProject\Project\GameProject\TaskSystem\TaskManager.cpp(3,59): message : 'bool std::operator !=(const std::allocator<_Ty> &,const std::allocator<_Other> &) noexcept': 'const std::allocator<_Ty> &' の テンプレート 引数を 'std::_List_iterator<std::_List_val<std::_List_simple_types<_Ty>>>' から推測できませんでした
          with
          [
              _Ty=Task *
          ]
C:\Program Files\Microsoft Visual Studio\2022\Community\VC\Tools\MSVC\14.35.32215\include\map(406,17): message : または 'bool std::operator !=(const std::map<_Kty,_Ty,_Pr,_Alloc> &,const std::map<_Kty,_Ty,_Pr,_Alloc> &)'
C:\AnabukiSchool\GC2_C++\SkyJourney\GameProject\Project\GameProject\TaskSystem\TaskManager.cpp(3,59): message : 'bool std::operator !=(const std::map<_Kty,_Ty,_Pr,_Alloc> &,const std::map<_Kty,_Ty,_Pr,_Alloc> &)': 'const std::map<_Kty,_Ty,_Pr,_Alloc> &' の テンプレート 引数を 'std::_List_iterator<std::_List_val<std::_List_simple_types<_Ty>>>' から推測できませんでした
          with
          [
              _Ty=Task *
          ]
C:\Program Files\Microsoft Visual Studio\2022\Community\VC\Tools\MSVC\14.35.32215\include\map(638,17): message : または 'bool std::operator !=(const std::multimap<_Kty,_Ty,_Pr,_Alloc> &,const std::multimap<_Kty,_Ty,_Pr,_Alloc> &)'
C:\AnabukiSchool\GC2_C++\SkyJourney\GameProject\Project\GameProject\TaskSystem\TaskManager.cpp(3,59): message : 'bool std::operator !=(const std::multimap<_Kty,_Ty,_Pr,_Alloc> &,const std::multimap<_Kty,_Ty,_Pr,_Alloc> &)': 'const std::multimap<_Kty,_Ty,_Pr,_Alloc> &' の テンプレート 引数を 'std::_List_iterator<std::_List_val<std::_List_simple_types<_Ty>>>' から推測できませんでした
          with
          [
              _Ty=Task *
          ]
C:\Program Files\Microsoft Visual Studio\2022\Community\VC\Tools\MSVC\14.35.32215\include\vector(2299,17): message : または 'bool std::operator !=(const std::vector<_Ty,_Alloc> &,const std::vector<_Ty,_Alloc> &)'
C:\AnabukiSchool\GC2_C++\SkyJourney\GameProject\Project\GameProject\TaskSystem\TaskManager.cpp(3,59): message : 'bool std::operator !=(const std::vector<_Ty,_Alloc> &,const std::vector<_Ty,_Alloc> &)': 'const std::vector<_Ty,_Alloc> &' の テンプレート 引数を 'std::_List_iterator<std::_List_val<std::_List_simple_types<_Ty>>>' から推測できませんでした
          with
          [
              _Ty=Task *
          ]
C:\Program Files\Microsoft Visual Studio\2022\Community\VC\Tools\MSVC\14.35.32215\include\xstring(5220,17): message : または 'bool std::operator !=(const std::basic_string<_Elem,_Traits,_Alloc> &,const std::basic_string<_Elem,_Traits,_Alloc> &) noexcept'
C:\AnabukiSchool\GC2_C++\SkyJourney\GameProject\Project\GameProject\TaskSystem\TaskManager.cpp(3,59): message : 'bool std::operator !=(const std::basic_string<_Elem,_Traits,_Alloc> &,const std::basic_string<_Elem,_Traits,_Alloc> &) noexcept': 'const std::basic_string<_Elem,_Traits,_Alloc> &' の テンプレート 引数を 'std::_List_iterator<std::_List_val<std::_List_simple_types<_Ty>>>' から推測できませんでした
          with
          [
              _Ty=Task *
          ]
C:\Program Files\Microsoft Visual Studio\2022\Community\VC\Tools\MSVC\14.35.32215\include\xstring(5226,17): message : または 'bool std::operator !=(const _Elem *const ,const std::basic_string<_Elem,_Traits,_Alloc> &)'
C:\AnabukiSchool\GC2_C++\SkyJourney\GameProject\Project\GameProject\TaskSystem\TaskManager.cpp(3,59): message : 'bool std::operator !=(const _Elem *const ,const std::basic_string<_Elem,_Traits,_Alloc> &)': 'const _Elem *const ' の テンプレート 引数を 'std::_List_iterator<std::_List_val<std::_List_simple_types<_Ty>>>' から推測できませんでした
          with
          [
              _Ty=Task *
          ]
C:\Program Files\Microsoft Visual Studio\2022\Community\VC\Tools\MSVC\14.35.32215\include\xstring(5231,17): message : または 'bool std::operator !=(const std::basic_string<_Elem,_Traits,_Alloc> &,const _Elem *const )'
C:\AnabukiSchool\GC2_C++\SkyJourney\GameProject\Project\GameProject\TaskSystem\TaskManager.cpp(3,59): message : 'bool std::operator !=(const std::basic_string<_Elem,_Traits,_Alloc> &,const _Elem *const )': 'const std::basic_string<_Elem,_Traits,_Alloc> &' の テンプレート 引数を 'std::_List_iterator<std::_List_val<std::_List_simple_types<_Ty>>>' から推測できませんでした
          with
          [
              _Ty=Task *
          ]
C:\Program Files\Microsoft Visual Studio\2022\Community\VC\Tools\MSVC\14.35.32215\include\memory(1782,17): message : または 'bool std::operator !=(const std::shared_ptr<_Ty> &,const std::shared_ptr<_Ty0> &) noexcept'
C:\AnabukiSchool\GC2_C++\SkyJourney\GameProject\Project\GameProject\TaskSystem\TaskManager.cpp(3,59): message : 'bool std::operator !=(const std::shared_ptr<_Ty> &,const std::shared_ptr<_Ty0> &) noexcept': 'const std::shared_ptr<_Ty> &' の テンプレート 引数を 'std::_List_iterator<std::_List_val<std::_List_simple_types<_Ty>>>' から推測できませんでした
          with
          [
              _Ty=Task *
          ]
C:\Program Files\Microsoft Visual Studio\2022\Community\VC\Tools\MSVC\14.35.32215\include\memory(1824,17): message : または 'bool std::operator !=(const std::shared_ptr<_Ty> &,std::nullptr_t) noexcept'
C:\AnabukiSchool\GC2_C++\SkyJourney\GameProject\Project\GameProject\TaskSystem\TaskManager.cpp(3,59): message : 'bool std::operator !=(const std::shared_ptr<_Ty> &,std::nullptr_t) noexcept': 'const std::shared_ptr<_Ty> &' の テンプレート 引数を 'std::_List_iterator<std::_List_val<std::_List_simple_types<_Ty>>>' から推測できませんでした
          with
          [
              _Ty=Task *
          ]
C:\Program Files\Microsoft Visual Studio\2022\Community\VC\Tools\MSVC\14.35.32215\include\memory(1829,17): message : または 'bool std::operator !=(std::nullptr_t,const std::shared_ptr<_Ty> &) noexcept'
C:\AnabukiSchool\GC2_C++\SkyJourney\GameProject\Project\GameProject\TaskSystem\TaskManager.cpp(3,59): message : 'bool std::operator !=(std::nullptr_t,const std::shared_ptr<_Ty> &) noexcept': 'const std::shared_ptr<_Ty> &' の テンプレート 引数を 'std::_Vector_iterator<std::_Vector_val<std::_Simple_types<_Ty>>>' から推測できませんでした
          with
          [
              _Ty=Task *
          ]
C:\Program Files\Microsoft Visual Studio\2022\Community\VC\Tools\MSVC\14.35.32215\include\memory(3435,17): message : または 'bool std::operator !=(const std::unique_ptr<_Ty,_Dx> &,const std::unique_ptr<_Ty2,_Dx2> &)'
C:\AnabukiSchool\GC2_C++\SkyJourney\GameProject\Project\GameProject\TaskSystem\TaskManager.cpp(3,59): message : 'bool std::operator !=(const std::unique_ptr<_Ty,_Dx> &,const std::unique_ptr<_Ty2,_Dx2> &)': 'const std::unique_ptr<_Ty,_Dx> &' の テンプレート 引数を 'std::_List_iterator<std::_List_val<std::_List_simple_types<_Ty>>>' から推測できませんでした
          with
          [
              _Ty=Task *
          ]
C:\Program Files\Microsoft Visual Studio\2022\Community\VC\Tools\MSVC\14.35.32215\include\memory(3488,17): message : または 'bool std::operator !=(const std::unique_ptr<_Ty,_Dx> &,std::nullptr_t) noexcept'
C:\AnabukiSchool\GC2_C++\SkyJourney\GameProject\Project\GameProject\TaskSystem\TaskManager.cpp(3,59): message : 'bool std::operator !=(const std::unique_ptr<_Ty,_Dx> &,std::nullptr_t) noexcept': 'const std::unique_ptr<_Ty,_Dx> &' の テンプレート 引数を 'std::_List_iterator<std::_List_val<std::_List_simple_types<_Ty>>>' から推測できませんでした
          with
          [
              _Ty=Task *
          ]
C:\Program Files\Microsoft Visual Studio\2022\Community\VC\Tools\MSVC\14.35.32215\include\memory(3493,17): message : または 'bool std::operator !=(std::nullptr_t,const std::unique_ptr<_Ty,_Dx> &) noexcept'
C:\AnabukiSchool\GC2_C++\SkyJourney\GameProject\Project\GameProject\TaskSystem\TaskManager.cpp(3,59): message : 'bool std::operator !=(std::nullptr_t,const std::unique_ptr<_Ty,_Dx> &) noexcept': 'const std::unique_ptr<_Ty,_Dx> &' の テンプレート 引数を 'std::_Vector_iterator<std::_Vector_val<std::_Simple_types<_Ty>>>' から推測できませんでした
          with
          [
              _Ty=Task *
          ]
C:\Program Files\Microsoft Visual Studio\2022\Community\VC\Tools\MSVC\14.35.32215\include\list(1880,17): message : または 'bool std::operator !=(const std::list<_Ty,_Alloc> &,const std::list<_Ty,_Alloc> &)'
C:\AnabukiSchool\GC2_C++\SkyJourney\GameProject\Project\GameProject\TaskSystem\TaskManager.cpp(3,59): message : 'bool std::operator !=(const std::list<_Ty,_Alloc> &,const std::list<_Ty,_Alloc> &)': 'const std::list<_Ty,_Alloc> &' の テンプレート 引数を 'std::_List_iterator<std::_List_val<std::_List_simple_types<_Ty>>>' から推測できませんでした
          with
          [
              _Ty=Task *
          ]
C:\Program Files\Microsoft Visual Studio\2022\Community\VC\Tools\MSVC\14.35.32215\include\functional(1182,17): message : または 'bool std::operator !=(const std::function<_Fty> &,std::nullptr_t) noexcept'
C:\AnabukiSchool\GC2_C++\SkyJourney\GameProject\Project\GameProject\TaskSystem\TaskManager.cpp(3,59): message : 'bool std::operator !=(const std::function<_Fty> &,std::nullptr_t) noexcept': 'const std::function<_Fty> &' の テンプレート 引数を 'std::_List_iterator<std::_List_val<std::_List_simple_types<_Ty>>>' から推測できませんでした
          with
          [
              _Ty=Task *
          ]
C:\Program Files\Microsoft Visual Studio\2022\Community\VC\Tools\MSVC\14.35.32215\include\functional(1187,17): message : または 'bool std::operator !=(std::nullptr_t,const std::function<_Fty> &) noexcept'
C:\AnabukiSchool\GC2_C++\SkyJourney\GameProject\Project\GameProject\TaskSystem\TaskManager.cpp(3,59): message : 'bool std::operator !=(std::nullptr_t,const std::function<_Fty> &) noexcept': 'const std::function<_Fty> &' の テンプレート 引数を 'std::_Vector_iterator<std::_Vector_val<std::_Simple_types<_Ty>>>' から推測できませんでした
          with
          [
              _Ty=Task *
          ]
C:\AnabukiSchool\GC2_C++\SkyJourney\GameProject\Project\GameProject\TaskSystem\TaskManager.cpp(3,59): message : 引数リスト '(std::_List_iterator<std::_List_val<std::_List_simple_types<_Ty>>>, std::_Vector_iterator<std::_Vector_val<std::_Simple_types<_Ty>>>)' を一致させようとしているとき
          with
          [
              _Ty=Task *
          ]
C:\AnabukiSchool\GC2_C++\SkyJourney\GameProject\Project\GameProject\TaskSystem\TaskManager.cpp(9,12): error C2661: 'std::vector<Task *,std::allocator<Task *>>::push_back': 0 個の引数を伴うオーバーロードされた関数はありません。
C:\AnabukiSchool\GC2_C++\SkyJourney\GameProject\Project\GameProject\TaskSystem\TaskManager.cpp(9,12): message : 引数リスト '()' を一致させようとしているとき
C:\AnabukiSchool\GC2_C++\SkyJourney\GameProject\Project\GameProject\TaskSystem\TaskManager.cpp(19,37): error C2440: '初期化中': 'std::_Vector_iterator<std::_Vector_val<std::_Simple_types<_Ty>>>' から 'std::_List_iterator<std::_List_val<std::_List_simple_types<_Ty>>>' に変換できません。
          with
          [
              _Ty=Task *
          ]
C:\AnabukiSchool\GC2_C++\SkyJourney\GameProject\Project\GameProject\TaskSystem\TaskManager.cpp(19,37): message : コンストラクターはソース型を持てません、またはコンストラクターのオーバーロードの解決があいまいです。
C:\AnabukiSchool\GC2_C++\SkyJourney\GameProject\Project\GameProject\TaskSystem\TaskManager.cpp(19,59): error C2678: 二項演算子 '!=': 型 'std::_List_iterator<std::_List_val<std::_List_simple_types<_Ty>>>' の左オペランドを扱う演算子が見つかりません (または変換できません) (新しい動作; ヘルプを参照)。
          with
          [
              _Ty=Task *
          ]
C:\Program Files\Microsoft Visual Studio\2022\Community\VC\Tools\MSVC\14.35.32215\include\list(202,21): message : 'bool std::_List_const_iterator<std::_List_val<std::_List_simple_types<_Ty>>>::operator !=(const std::_List_const_iterator<std::_List_val<std::_List_simple_types<_Ty>>> &) noexcept const' の可能性があります
          with
          [
              _Ty=Task *
          ]
C:\AnabukiSchool\GC2_C++\SkyJourney\GameProject\Project\include\FTGL\FTPoint.h(234,21): message : または 'bool operator !=(const FTPoint &,const FTPoint &)'
C:\Program Files (x86)\Windows Kits\10\Include\10.0.19041.0\shared\guiddef.h(197,15): message : または 'bool operator !=(const GUID &,const GUID &)'
C:\Program Files\Microsoft Visual Studio\2022\Community\VC\Tools\MSVC\14.35.32215\include\exception(287,28): message : または 'bool std::operator !=(const std::exception_ptr &,const std::exception_ptr &) noexcept' [引数依存の照合を使用して検出] の可能性があります
C:\Program Files\Microsoft Visual Studio\2022\Community\VC\Tools\MSVC\14.35.32215\include\exception(291,28): message : または 'bool std::operator !=(const std::exception_ptr &,std::nullptr_t) noexcept' [引数依存の照合を使用して検出] の可能性があります
C:\Program Files\Microsoft Visual Studio\2022\Community\VC\Tools\MSVC\14.35.32215\include\exception(295,28): message : または 'bool std::operator !=(std::nullptr_t,const std::exception_ptr &) noexcept' [引数依存の照合を使用して検出] の可能性があります
C:\Program Files\Microsoft Visual Studio\2022\Community\VC\Tools\MSVC\14.35.32215\include\thread(251,24): message : または 'bool std::operator !=(std::thread::id,std::thread::id) noexcept' [引数依存の照合を使用して検出] の可能性があります
C:\Program Files\Microsoft Visual Studio\2022\Community\VC\Tools\MSVC\14.35.32215\include\system_error(235,28): message : または 'bool std::operator !=(const std::error_code &,const std::error_code &) noexcept' [引数依存の照合を使用して検出] の可能性があります
C:\Program Files\Microsoft Visual Studio\2022\Community\VC\Tools\MSVC\14.35.32215\include\system_error(239,28): message : または 'bool std::operator !=(const std::error_code &,const std::error_condition &) noexcept' [引数依存の照合を使用して検出] の可能性があります
C:\Program Files\Microsoft Visual Studio\2022\Community\VC\Tools\MSVC\14.35.32215\include\system_error(243,28): message : または 'bool std::operator !=(const std::error_condition &,const std::error_code &) noexcept' [引数依存の照合を使用して検出] の可能性があります
C:\Program Files\Microsoft Visual Studio\2022\Community\VC\Tools\MSVC\14.35.32215\include\system_error(317,28): message : または 'bool std::operator !=(const std::error_condition &,const std::error_condition &) noexcept' [引数依存の照合を使用して検出] の可能性があります
C:\Program Files\Microsoft Visual Studio\2022\Community\VC\Tools\MSVC\14.35.32215\include\utility(383,27): message : または 'bool std::operator !=(const std::pair<_Ty1,_Ty2> &,const std::pair<_Ty1,_Ty2> &)'
C:\AnabukiSchool\GC2_C++\SkyJourney\GameProject\Project\GameProject\TaskSystem\TaskManager.cpp(19,59): message : 'bool std::operator !=(const std::pair<_Ty1,_Ty2> &,const std::pair<_Ty1,_Ty2> &)': 'const std::pair<_Ty1,_Ty2> &' の テンプレート 引数を 'std::_List_iterator<std::_List_val<std::_List_simple_types<_Ty>>>' から推測できませんでした
          with
          [
              _Ty=Task *
          ]
C:\Program Files\Microsoft Visual Studio\2022\Community\VC\Tools\MSVC\14.35.32215\include\tuple(687,27): message : または 'bool std::operator !=(const std::tuple<_Types...> &,const std::tuple<_Types...> &)'
C:\AnabukiSchool\GC2_C++\SkyJourney\GameProject\Project\GameProject\TaskSystem\TaskManager.cpp(19,59): message : 'bool std::operator !=(const std::tuple<_Types...> &,const std::tuple<_Types...> &)': 'const std::tuple<_Types...> &' の テンプレート 引数を 'std::_List_iterator<std::_List_val<std::_List_simple_types<_Ty>>>' から推測できませんでした
          with
          [
              _Ty=Task *
          ]
C:\Program Files\Microsoft Visual Studio\2022\Community\VC\Tools\MSVC\14.35.32215\include\xutility(1456,5): message : または 'bool std::operator !=(const std::reverse_iterator<_BidIt> &,const std::reverse_iterator<_BidIt2> &) noexcept(<expr>)'
C:\AnabukiSchool\GC2_C++\SkyJourney\GameProject\Project\GameProject\TaskSystem\TaskManager.cpp(19,59): message : 'bool std::operator !=(const std::reverse_iterator<_BidIt> &,const std::reverse_iterator<_BidIt2> &) noexcept(<expr>)': 'const std::reverse_iterator<_BidIt> &' の テンプレート 引数を 'std::_List_iterator<std::_List_val<std::_List_simple_types<_Ty>>>' から推測できませんでした
          with
          [
              _Ty=Task *
          ]
C:\Program Files\Microsoft Visual Studio\2022\Community\VC\Tools\MSVC\14.35.32215\include\xutility(3984,30): message : または 'bool std::operator !=(const std::move_iterator<_Iter> &,const std::move_iterator<_Iter2> &) noexcept(<expr>)'
C:\AnabukiSchool\GC2_C++\SkyJourney\GameProject\Project\GameProject\TaskSystem\TaskManager.cpp(19,59): message : 'bool std::operator !=(const std::move_iterator<_Iter> &,const std::move_iterator<_Iter2> &) noexcept(<expr>)': 'const std::move_iterator<_Iter> &' の テンプレート 引数を 'std::_List_iterator<std::_List_val<std::_List_simple_types<_Ty>>>' から推測できませんでした
          with
          [
              _Ty=Task *
          ]
C:\Program Files\Microsoft Visual Studio\2022\Community\VC\Tools\MSVC\14.35.32215\include\xmemory(900,17): message : または 'bool std::operator !=(const std::allocator<_Ty> &,const std::allocator<_Other> &) noexcept'
C:\AnabukiSchool\GC2_C++\SkyJourney\GameProject\Project\GameProject\TaskSystem\TaskManager.cpp(19,59): message : 'bool std::operator !=(const std::allocator<_Ty> &,const std::allocator<_Other> &) noexcept': 'const std::allocator<_Ty> &' の テンプレート 引数を 'std::_List_iterator<std::_List_val<std::_List_simple_types<_Ty>>>' から推測できませんでした
          with
          [
              _Ty=Task *
          ]
C:\Program Files\Microsoft Visual Studio\2022\Community\VC\Tools\MSVC\14.35.32215\include\map(406,17): message : または 'bool std::operator !=(const std::map<_Kty,_Ty,_Pr,_Alloc> &,const std::map<_Kty,_Ty,_Pr,_Alloc> &)'
C:\AnabukiSchool\GC2_C++\SkyJourney\GameProject\Project\GameProject\TaskSystem\TaskManager.cpp(19,59): message : 'bool std::operator !=(const std::map<_Kty,_Ty,_Pr,_Alloc> &,const std::map<_Kty,_Ty,_Pr,_Alloc> &)': 'const std::map<_Kty,_Ty,_Pr,_Alloc> &' の テンプレート 引数を 'std::_List_iterator<std::_List_val<std::_List_simple_types<_Ty>>>' から推測できませんでした
          with
          [
              _Ty=Task *
          ]
C:\Program Files\Microsoft Visual Studio\2022\Community\VC\Tools\MSVC\14.35.32215\include\map(638,17): message : または 'bool std::operator !=(const std::multimap<_Kty,_Ty,_Pr,_Alloc> &,const std::multimap<_Kty,_Ty,_Pr,_Alloc> &)'
C:\AnabukiSchool\GC2_C++\SkyJourney\GameProject\Project\GameProject\TaskSystem\TaskManager.cpp(19,59): message : 'bool std::operator !=(const std::multimap<_Kty,_Ty,_Pr,_Alloc> &,const std::multimap<_Kty,_Ty,_Pr,_Alloc> &)': 'const std::multimap<_Kty,_Ty,_Pr,_Alloc> &' の テンプレート 引数を 'std::_List_iterator<std::_List_val<std::_List_simple_types<_Ty>>>' から推測できませんでした
          with
          [
              _Ty=Task *
          ]
C:\Program Files\Microsoft Visual Studio\2022\Community\VC\Tools\MSVC\14.35.32215\include\vector(2299,17): message : または 'bool std::operator !=(const std::vector<_Ty,_Alloc> &,const std::vector<_Ty,_Alloc> &)'
C:\AnabukiSchool\GC2_C++\SkyJourney\GameProject\Project\GameProject\TaskSystem\TaskManager.cpp(19,59): message : 'bool std::operator !=(const std::vector<_Ty,_Alloc> &,const std::vector<_Ty,_Alloc> &)': 'const std::vector<_Ty,_Alloc> &' の テンプレート 引数を 'std::_List_iterator<std::_List_val<std::_List_simple_types<_Ty>>>' から推測できませんでした
          with
          [
              _Ty=Task *
          ]
C:\Program Files\Microsoft Visual Studio\2022\Community\VC\Tools\MSVC\14.35.32215\include\xstring(5220,17): message : または 'bool std::operator !=(const std::basic_string<_Elem,_Traits,_Alloc> &,const std::basic_string<_Elem,_Traits,_Alloc> &) noexcept'
C:\AnabukiSchool\GC2_C++\SkyJourney\GameProject\Project\GameProject\TaskSystem\TaskManager.cpp(19,59): message : 'bool std::operator !=(const std::basic_string<_Elem,_Traits,_Alloc> &,const std::basic_string<_Elem,_Traits,_Alloc> &) noexcept': 'const std::basic_string<_Elem,_Traits,_Alloc> &' の テンプレート 引数を 'std::_List_iterator<std::_List_val<std::_List_simple_types<_Ty>>>' から推測できませんでした
          with
          [
              _Ty=Task *
          ]
C:\Program Files\Microsoft Visual Studio\2022\Community\VC\Tools\MSVC\14.35.32215\include\xstring(5226,17): message : または 'bool std::operator !=(const _Elem *const ,const std::basic_string<_Elem,_Traits,_Alloc> &)'
C:\AnabukiSchool\GC2_C++\SkyJourney\GameProject\Project\GameProject\TaskSystem\TaskManager.cpp(19,59): message : 'bool std::operator !=(const _Elem *const ,const std::basic_string<_Elem,_Traits,_Alloc> &)': 'const _Elem *const ' の テンプレート 引数を 'std::_List_iterator<std::_List_val<std::_List_simple_types<_Ty>>>' から推測できませんでした
          with
          [
              _Ty=Task *
          ]
C:\Program Files\Microsoft Visual Studio\2022\Community\VC\Tools\MSVC\14.35.32215\include\xstring(5231,17): message : または 'bool std::operator !=(const std::basic_string<_Elem,_Traits,_Alloc> &,const _Elem *const )'
C:\AnabukiSchool\GC2_C++\SkyJourney\GameProject\Project\GameProject\TaskSystem\TaskManager.cpp(19,59): message : 'bool std::operator !=(const std::basic_string<_Elem,_Traits,_Alloc> &,const _Elem *const )': 'const std::basic_string<_Elem,_Traits,_Alloc> &' の テンプレート 引数を 'std::_List_iterator<std::_List_val<std::_List_simple_types<_Ty>>>' から推測できませんでした
          with
          [
              _Ty=Task *
          ]
C:\Program Files\Microsoft Visual Studio\2022\Community\VC\Tools\MSVC\14.35.32215\include\memory(1782,17): message : または 'bool std::operator !=(const std::shared_ptr<_Ty> &,const std::shared_ptr<_Ty0> &) noexcept'
C:\AnabukiSchool\GC2_C++\SkyJourney\GameProject\Project\GameProject\TaskSystem\TaskManager.cpp(19,59): message : 'bool std::operator !=(const std::shared_ptr<_Ty> &,const std::shared_ptr<_Ty0> &) noexcept': 'const std::shared_ptr<_Ty> &' の テンプレート 引数を 'std::_List_iterator<std::_List_val<std::_List_simple_types<_Ty>>>' から推測できませんでした
          with
          [
              _Ty=Task *
          ]
C:\Program Files\Microsoft Visual Studio\2022\Community\VC\Tools\MSVC\14.35.32215\include\memory(1824,17): message : または 'bool std::operator !=(const std::shared_ptr<_Ty> &,std::nullptr_t) noexcept'
C:\AnabukiSchool\GC2_C++\SkyJourney\GameProject\Project\GameProject\TaskSystem\TaskManager.cpp(19,59): message : 'bool std::operator !=(const std::shared_ptr<_Ty> &,std::nullptr_t) noexcept': 'const std::shared_ptr<_Ty> &' の テンプレート 引数を 'std::_List_iterator<std::_List_val<std::_List_simple_types<_Ty>>>' から推測できませんでした
          with
          [
              _Ty=Task *
          ]
C:\Program Files\Microsoft Visual Studio\2022\Community\VC\Tools\MSVC\14.35.32215\include\memory(1829,17): message : または 'bool std::operator !=(std::nullptr_t,const std::shared_ptr<_Ty> &) noexcept'
C:\AnabukiSchool\GC2_C++\SkyJourney\GameProject\Project\GameProject\TaskSystem\TaskManager.cpp(19,59): message : 'bool std::operator !=(std::nullptr_t,const std::shared_ptr<_Ty> &) noexcept': 'const std::shared_ptr<_Ty> &' の テンプレート 引数を 'std::_Vector_iterator<std::_Vector_val<std::_Simple_types<_Ty>>>' から推測できませんでした
          with
          [
              _Ty=Task *
          ]
C:\Program Files\Microsoft Visual Studio\2022\Community\VC\Tools\MSVC\14.35.32215\include\memory(3435,17): message : または 'bool std::operator !=(const std::unique_ptr<_Ty,_Dx> &,const std::unique_ptr<_Ty2,_Dx2> &)'
C:\AnabukiSchool\GC2_C++\SkyJourney\GameProject\Project\GameProject\TaskSystem\TaskManager.cpp(19,59): message : 'bool std::operator !=(const std::unique_ptr<_Ty,_Dx> &,const std::unique_ptr<_Ty2,_Dx2> &)': 'const std::unique_ptr<_Ty,_Dx> &' の テンプレート 引数を 'std::_List_iterator<std::_List_val<std::_List_simple_types<_Ty>>>' から推測できませんでした
          with
          [
              _Ty=Task *
          ]
C:\Program Files\Microsoft Visual Studio\2022\Community\VC\Tools\MSVC\14.35.32215\include\memory(3488,17): message : または 'bool std::operator !=(const std::unique_ptr<_Ty,_Dx> &,std::nullptr_t) noexcept'
C:\AnabukiSchool\GC2_C++\SkyJourney\GameProject\Project\GameProject\TaskSystem\TaskManager.cpp(19,59): message : 'bool std::operator !=(const std::unique_ptr<_Ty,_Dx> &,std::nullptr_t) noexcept': 'const std::unique_ptr<_Ty,_Dx> &' の テンプレート 引数を 'std::_List_iterator<std::_List_val<std::_List_simple_types<_Ty>>>' から推測できませんでした
          with
          [
              _Ty=Task *
          ]
C:\Program Files\Microsoft Visual Studio\2022\Community\VC\Tools\MSVC\14.35.32215\include\memory(3493,17): message : または 'bool std::operator !=(std::nullptr_t,const std::unique_ptr<_Ty,_Dx> &) noexcept'
C:\AnabukiSchool\GC2_C++\SkyJourney\GameProject\Project\GameProject\TaskSystem\TaskManager.cpp(19,59): message : 'bool std::operator !=(std::nullptr_t,const std::unique_ptr<_Ty,_Dx> &) noexcept': 'const std::unique_ptr<_Ty,_Dx> &' の テンプレート 引数を 'std::_Vector_iterator<std::_Vector_val<std::_Simple_types<_Ty>>>' から推測できませんでした
          with
          [
              _Ty=Task *
          ]
C:\Program Files\Microsoft Visual Studio\2022\Community\VC\Tools\MSVC\14.35.32215\include\list(1880,17): message : または 'bool std::operator !=(const std::list<_Ty,_Alloc> &,const std::list<_Ty,_Alloc> &)'
C:\AnabukiSchool\GC2_C++\SkyJourney\GameProject\Project\GameProject\TaskSystem\TaskManager.cpp(19,59): message : 'bool std::operator !=(const std::list<_Ty,_Alloc> &,const std::list<_Ty,_Alloc> &)': 'const std::list<_Ty,_Alloc> &' の テンプレート 引数を 'std::_List_iterator<std::_List_val<std::_List_simple_types<_Ty>>>' から推測できませんでした
          with
          [
              _Ty=Task *
          ]
C:\Program Files\Microsoft Visual Studio\2022\Community\VC\Tools\MSVC\14.35.32215\include\functional(1182,17): message : または 'bool std::operator !=(const std::function<_Fty> &,std::nullptr_t) noexcept'
C:\AnabukiSchool\GC2_C++\SkyJourney\GameProject\Project\GameProject\TaskSystem\TaskManager.cpp(19,59): message : 'bool std::operator !=(const std::function<_Fty> &,std::nullptr_t) noexcept': 'const std::function<_Fty> &' の テンプレート 引数を 'std::_List_iterator<std::_List_val<std::_List_simple_types<_Ty>>>' から推測できませんでした
          with
          [
              _Ty=Task *
          ]
C:\Program Files\Microsoft Visual Studio\2022\Community\VC\Tools\MSVC\14.35.32215\include\functional(1187,17): message : または 'bool std::operator !=(std::nullptr_t,const std::function<_Fty> &) noexcept'
C:\AnabukiSchool\GC2_C++\SkyJourney\GameProject\Project\GameProject\TaskSystem\TaskManager.cpp(19,59): message : 'bool std::operator !=(std::nullptr_t,const std::function<_Fty> &) noexcept': 'const std::function<_Fty> &' の テンプレート 引数を 'std::_Vector_iterator<std::_Vector_val<std::_Simple_types<_Ty>>>' から推測できませんでした
          with
          [
              _Ty=Task *
          ]
C:\AnabukiSchool\GC2_C++\SkyJourney\GameProject\Project\GameProject\TaskSystem\TaskManager.cpp(19,59): message : 引数リスト '(std::_List_iterator<std::_List_val<std::_List_simple_types<_Ty>>>, std::_Vector_iterator<std::_Vector_val<std::_Simple_types<_Ty>>>)' を一致させようとしているとき
          with
          [
              _Ty=Task *
          ]
C:\AnabukiSchool\GC2_C++\SkyJourney\GameProject\Project\GameProject\TaskSystem\TaskManager.cpp(21,9): error C2660: 'Task::Update': 関数に 0 個の引数を指定できません。
C:\AnabukiSchool\GC2_C++\SkyJourney\GameProject\Project\GameProject\TaskSystem\Task.h(23,15): message : 'Task::Update' の宣言を確認してください
C:\AnabukiSchool\GC2_C++\SkyJourney\GameProject\Project\GameProject\TaskSystem\TaskManager.cpp(21,9): message : 引数リスト '()' を一致させようとしているとき
  コードを生成中...
