c:\anabukischool\gc2_c++\skyjourney\gameproject\project\debug\ccamera.obj
c:\anabukischool\gc2_c++\skyjourney\gameproject\project\debug\ccollision.obj
c:\anabukischool\gc2_c++\skyjourney\gameproject\project\debug\cfont.obj
c:\anabukischool\gc2_c++\skyjourney\gameproject\project\debug\cfps.obj
c:\anabukischool\gc2_c++\skyjourney\gameproject\project\debug\cimage.obj
c:\anabukischool\gc2_c++\skyjourney\gameproject\project\debug\cinput.obj
c:\anabukischool\gc2_c++\skyjourney\gameproject\project\debug\clight.obj
c:\anabukischool\gc2_c++\skyjourney\gameproject\project\debug\cloadthread.obj
c:\anabukischool\gc2_c++\skyjourney\gameproject\project\debug\cmatrix.obj
c:\anabukischool\gc2_c++\skyjourney\gameproject\project\debug\cmodel.obj
c:\anabukischool\gc2_c++\skyjourney\gameproject\project\debug\cmodela3m.obj
c:\anabukischool\gc2_c++\skyjourney\gameproject\project\debug\cmodelfield.obj
c:\anabukischool\gc2_c++\skyjourney\gameproject\project\debug\cmodelobj.obj
c:\anabukischool\gc2_c++\skyjourney\gameproject\project\debug\cnetwork.obj
c:\anabukischool\gc2_c++\skyjourney\gameproject\project\debug\crect.obj
c:\anabukischool\gc2_c++\skyjourney\gameproject\project\debug\cresource.obj
c:\anabukischool\gc2_c++\skyjourney\gameproject\project\debug\cshader.obj
c:\anabukischool\gc2_c++\skyjourney\gameproject\project\debug\cshadow.obj
c:\anabukischool\gc2_c++\skyjourney\gameproject\project\debug\csound.obj
c:\anabukischool\gc2_c++\skyjourney\gameproject\project\debug\ctexture.obj
c:\anabukischool\gc2_c++\skyjourney\gameproject\project\debug\ctextureframe.obj
c:\anabukischool\gc2_c++\skyjourney\gameproject\project\debug\cvector.obj
c:\anabukischool\gc2_c++\skyjourney\gameproject\project\debug\gl.obj
c:\anabukischool\gc2_c++\skyjourney\gameproject\project\debug\utility.obj
c:\anabukischool\gc2_c++\skyjourney\gameproject\project\debug\nativecodeanalysis.read.1.tlog
c:\anabukischool\gc2_c++\skyjourney\gameproject\project\debug\ccamera.nativecodeanalysis.xml
c:\anabukischool\gc2_c++\skyjourney\gameproject\project\debug\ccollision.nativecodeanalysis.xml
c:\anabukischool\gc2_c++\skyjourney\gameproject\project\debug\cfont.nativecodeanalysis.xml
c:\anabukischool\gc2_c++\skyjourney\gameproject\project\debug\cfps.nativecodeanalysis.xml
c:\anabukischool\gc2_c++\skyjourney\gameproject\project\debug\cimage.nativecodeanalysis.xml
c:\anabukischool\gc2_c++\skyjourney\gameproject\project\debug\cinput.nativecodeanalysis.xml
c:\anabukischool\gc2_c++\skyjourney\gameproject\project\debug\clight.nativecodeanalysis.xml
c:\anabukischool\gc2_c++\skyjourney\gameproject\project\debug\cloadthread.nativecodeanalysis.xml
c:\anabukischool\gc2_c++\skyjourney\gameproject\project\debug\cmatrix.nativecodeanalysis.xml
c:\anabukischool\gc2_c++\skyjourney\gameproject\project\debug\cmodel.nativecodeanalysis.xml
c:\anabukischool\gc2_c++\skyjourney\gameproject\project\debug\cmodela3m.nativecodeanalysis.xml
c:\anabukischool\gc2_c++\skyjourney\gameproject\project\debug\cmodelfield.nativecodeanalysis.xml
c:\anabukischool\gc2_c++\skyjourney\gameproject\project\debug\cmodelobj.nativecodeanalysis.xml
c:\anabukischool\gc2_c++\skyjourney\gameproject\project\debug\cnetwork.nativecodeanalysis.xml
c:\anabukischool\gc2_c++\skyjourney\gameproject\project\debug\crect.nativecodeanalysis.xml
c:\anabukischool\gc2_c++\skyjourney\gameproject\project\debug\cresource.nativecodeanalysis.xml
c:\anabukischool\gc2_c++\skyjourney\gameproject\project\debug\cshader.nativecodeanalysis.xml
c:\anabukischool\gc2_c++\skyjourney\gameproject\project\debug\cshadow.nativecodeanalysis.xml
c:\anabukischool\gc2_c++\skyjourney\gameproject\project\debug\csound.nativecodeanalysis.xml
c:\anabukischool\gc2_c++\skyjourney\gameproject\project\debug\ctexture.nativecodeanalysis.xml
c:\anabukischool\gc2_c++\skyjourney\gameproject\project\debug\ctextureframe.nativecodeanalysis.xml
c:\anabukischool\gc2_c++\skyjourney\gameproject\project\debug\cvector.nativecodeanalysis.xml
c:\anabukischool\gc2_c++\skyjourney\gameproject\project\debug\gl.nativecodeanalysis.xml
c:\anabukischool\gc2_c++\skyjourney\gameproject\project\debug\utility.nativecodeanalysis.xml
c:\anabukischool\gc2_c++\skyjourney\gameproject\project\debug\vc.nativecodeanalysis.all.xml
c:\anabukischool\gc2_c++\skyjourney\gameproject\project\debug\gameproject.vcxproj.filelistabsolute.txt
